[2024-05-27T02:31:31.837+0000] {processor.py:161} INFO - Started process (PID=71) to work on /home/airflow/.local/lib/python3.12/site-packages/airflow/example_dags/example_setup_teardown.py
[2024-05-27T02:31:31.838+0000] {processor.py:830} INFO - Processing file /home/airflow/.local/lib/python3.12/site-packages/airflow/example_dags/example_setup_teardown.py for tasks to queue
[2024-05-27T02:31:31.838+0000] {logging_mixin.py:188} INFO - [2024-05-27T02:31:31.838+0000] {dagbag.py:545} INFO - Filling up the DagBag from /home/airflow/.local/lib/python3.12/site-packages/airflow/example_dags/example_setup_teardown.py
[2024-05-27T02:31:31.841+0000] {processor.py:840} INFO - DAG(s) 'example_setup_teardown' retrieved from /home/airflow/.local/lib/python3.12/site-packages/airflow/example_dags/example_setup_teardown.py
[2024-05-27T02:31:31.877+0000] {logging_mixin.py:188} INFO - [2024-05-27T02:31:31.877+0000] {override.py:1829} INFO - Created Permission View: can edit on DAG:example_setup_teardown
[2024-05-27T02:31:31.880+0000] {logging_mixin.py:188} INFO - [2024-05-27T02:31:31.880+0000] {override.py:1829} INFO - Created Permission View: can delete on DAG:example_setup_teardown
[2024-05-27T02:31:31.882+0000] {logging_mixin.py:188} INFO - [2024-05-27T02:31:31.882+0000] {override.py:1829} INFO - Created Permission View: can read on DAG:example_setup_teardown
[2024-05-27T02:31:31.882+0000] {logging_mixin.py:188} INFO - [2024-05-27T02:31:31.882+0000] {dag.py:3096} INFO - Sync 1 DAGs
[2024-05-27T02:31:31.886+0000] {logging_mixin.py:188} INFO - [2024-05-27T02:31:31.885+0000] {dag.py:3118} INFO - Creating ORM DAG for example_setup_teardown
[2024-05-27T02:31:31.890+0000] {logging_mixin.py:188} INFO - [2024-05-27T02:31:31.890+0000] {dag.py:3954} INFO - Setting next_dagrun for example_setup_teardown to 2024-05-26 00:00:00+00:00, run_after=2024-05-27 00:00:00+00:00
[2024-05-27T02:31:31.896+0000] {processor.py:183} INFO - Processing /home/airflow/.local/lib/python3.12/site-packages/airflow/example_dags/example_setup_teardown.py took 0.062 seconds
[2024-05-27T02:32:02.039+0000] {processor.py:161} INFO - Started process (PID=129) to work on /home/airflow/.local/lib/python3.12/site-packages/airflow/example_dags/example_setup_teardown.py
[2024-05-27T02:32:02.040+0000] {processor.py:830} INFO - Processing file /home/airflow/.local/lib/python3.12/site-packages/airflow/example_dags/example_setup_teardown.py for tasks to queue
[2024-05-27T02:32:02.041+0000] {logging_mixin.py:188} INFO - [2024-05-27T02:32:02.041+0000] {dagbag.py:545} INFO - Filling up the DagBag from /home/airflow/.local/lib/python3.12/site-packages/airflow/example_dags/example_setup_teardown.py
[2024-05-27T02:32:02.043+0000] {processor.py:840} INFO - DAG(s) 'example_setup_teardown' retrieved from /home/airflow/.local/lib/python3.12/site-packages/airflow/example_dags/example_setup_teardown.py
[2024-05-27T02:32:02.053+0000] {logging_mixin.py:188} INFO - [2024-05-27T02:32:02.052+0000] {dag.py:3096} INFO - Sync 1 DAGs
[2024-05-27T02:32:02.061+0000] {logging_mixin.py:188} INFO - [2024-05-27T02:32:02.061+0000] {dag.py:3954} INFO - Setting next_dagrun for example_setup_teardown to 2024-05-26 00:00:00+00:00, run_after=2024-05-27 00:00:00+00:00
[2024-05-27T02:32:02.067+0000] {processor.py:183} INFO - Processing /home/airflow/.local/lib/python3.12/site-packages/airflow/example_dags/example_setup_teardown.py took 0.030 seconds
[2024-05-27T02:32:33.133+0000] {processor.py:161} INFO - Started process (PID=187) to work on /home/airflow/.local/lib/python3.12/site-packages/airflow/example_dags/example_setup_teardown.py
[2024-05-27T02:32:33.133+0000] {processor.py:830} INFO - Processing file /home/airflow/.local/lib/python3.12/site-packages/airflow/example_dags/example_setup_teardown.py for tasks to queue
[2024-05-27T02:32:33.134+0000] {logging_mixin.py:188} INFO - [2024-05-27T02:32:33.134+0000] {dagbag.py:545} INFO - Filling up the DagBag from /home/airflow/.local/lib/python3.12/site-packages/airflow/example_dags/example_setup_teardown.py
[2024-05-27T02:32:33.138+0000] {processor.py:840} INFO - DAG(s) 'example_setup_teardown' retrieved from /home/airflow/.local/lib/python3.12/site-packages/airflow/example_dags/example_setup_teardown.py
[2024-05-27T02:32:33.147+0000] {logging_mixin.py:188} INFO - [2024-05-27T02:32:33.147+0000] {dag.py:3096} INFO - Sync 1 DAGs
[2024-05-27T02:32:33.156+0000] {logging_mixin.py:188} INFO - [2024-05-27T02:32:33.155+0000] {dag.py:3954} INFO - Setting next_dagrun for example_setup_teardown to 2024-05-26 00:00:00+00:00, run_after=2024-05-27 00:00:00+00:00
[2024-05-27T02:32:33.163+0000] {processor.py:183} INFO - Processing /home/airflow/.local/lib/python3.12/site-packages/airflow/example_dags/example_setup_teardown.py took 0.034 seconds
[2024-05-27T02:33:03.545+0000] {processor.py:161} INFO - Started process (PID=245) to work on /home/airflow/.local/lib/python3.12/site-packages/airflow/example_dags/example_setup_teardown.py
[2024-05-27T02:33:03.546+0000] {processor.py:830} INFO - Processing file /home/airflow/.local/lib/python3.12/site-packages/airflow/example_dags/example_setup_teardown.py for tasks to queue
[2024-05-27T02:33:03.546+0000] {logging_mixin.py:188} INFO - [2024-05-27T02:33:03.546+0000] {dagbag.py:545} INFO - Filling up the DagBag from /home/airflow/.local/lib/python3.12/site-packages/airflow/example_dags/example_setup_teardown.py
[2024-05-27T02:33:03.549+0000] {processor.py:840} INFO - DAG(s) 'example_setup_teardown' retrieved from /home/airflow/.local/lib/python3.12/site-packages/airflow/example_dags/example_setup_teardown.py
[2024-05-27T02:33:03.558+0000] {logging_mixin.py:188} INFO - [2024-05-27T02:33:03.558+0000] {dag.py:3096} INFO - Sync 1 DAGs
[2024-05-27T02:33:03.567+0000] {logging_mixin.py:188} INFO - [2024-05-27T02:33:03.567+0000] {dag.py:3954} INFO - Setting next_dagrun for example_setup_teardown to 2024-05-26 00:00:00+00:00, run_after=2024-05-27 00:00:00+00:00
[2024-05-27T02:33:03.574+0000] {processor.py:183} INFO - Processing /home/airflow/.local/lib/python3.12/site-packages/airflow/example_dags/example_setup_teardown.py took 0.031 seconds
