[2024-05-27T02:31:30.864+0000] {processor.py:161} INFO - Started process (PID=55) to work on /home/airflow/.local/lib/python3.12/site-packages/airflow/example_dags/example_display_name.py
[2024-05-27T02:31:30.865+0000] {processor.py:830} INFO - Processing file /home/airflow/.local/lib/python3.12/site-packages/airflow/example_dags/example_display_name.py for tasks to queue
[2024-05-27T02:31:30.866+0000] {logging_mixin.py:188} INFO - [2024-05-27T02:31:30.866+0000] {dagbag.py:545} INFO - Filling up the DagBag from /home/airflow/.local/lib/python3.12/site-packages/airflow/example_dags/example_display_name.py
[2024-05-27T02:31:30.871+0000] {processor.py:840} INFO - DAG(s) 'example_display_name' retrieved from /home/airflow/.local/lib/python3.12/site-packages/airflow/example_dags/example_display_name.py
[2024-05-27T02:31:30.938+0000] {logging_mixin.py:188} INFO - [2024-05-27T02:31:30.934+0000] {override.py:1829} INFO - Created Permission View: can edit on DAG:example_display_name
[2024-05-27T02:31:30.962+0000] {logging_mixin.py:188} INFO - [2024-05-27T02:31:30.962+0000] {override.py:1829} INFO - Created Permission View: can delete on DAG:example_display_name
[2024-05-27T02:31:30.966+0000] {logging_mixin.py:188} INFO - [2024-05-27T02:31:30.966+0000] {override.py:1829} INFO - Created Permission View: can read on DAG:example_display_name
[2024-05-27T02:31:30.966+0000] {logging_mixin.py:188} INFO - [2024-05-27T02:31:30.966+0000] {dag.py:3096} INFO - Sync 1 DAGs
[2024-05-27T02:31:30.974+0000] {logging_mixin.py:188} INFO - [2024-05-27T02:31:30.974+0000] {dag.py:3118} INFO - Creating ORM DAG for example_display_name
[2024-05-27T02:31:30.974+0000] {logging_mixin.py:188} INFO - [2024-05-27T02:31:30.974+0000] {dag.py:3954} INFO - Setting next_dagrun for example_display_name to None, run_after=None
[2024-05-27T02:31:30.990+0000] {processor.py:183} INFO - Processing /home/airflow/.local/lib/python3.12/site-packages/airflow/example_dags/example_display_name.py took 0.131 seconds
[2024-05-27T02:32:01.507+0000] {processor.py:161} INFO - Started process (PID=113) to work on /home/airflow/.local/lib/python3.12/site-packages/airflow/example_dags/example_display_name.py
[2024-05-27T02:32:01.508+0000] {processor.py:830} INFO - Processing file /home/airflow/.local/lib/python3.12/site-packages/airflow/example_dags/example_display_name.py for tasks to queue
[2024-05-27T02:32:01.508+0000] {logging_mixin.py:188} INFO - [2024-05-27T02:32:01.508+0000] {dagbag.py:545} INFO - Filling up the DagBag from /home/airflow/.local/lib/python3.12/site-packages/airflow/example_dags/example_display_name.py
[2024-05-27T02:32:01.512+0000] {processor.py:840} INFO - DAG(s) 'example_display_name' retrieved from /home/airflow/.local/lib/python3.12/site-packages/airflow/example_dags/example_display_name.py
[2024-05-27T02:32:01.521+0000] {logging_mixin.py:188} INFO - [2024-05-27T02:32:01.521+0000] {dag.py:3096} INFO - Sync 1 DAGs
[2024-05-27T02:32:01.526+0000] {logging_mixin.py:188} INFO - [2024-05-27T02:32:01.526+0000] {dag.py:3954} INFO - Setting next_dagrun for example_display_name to None, run_after=None
[2024-05-27T02:32:01.535+0000] {processor.py:183} INFO - Processing /home/airflow/.local/lib/python3.12/site-packages/airflow/example_dags/example_display_name.py took 0.031 seconds
[2024-05-27T02:32:31.644+0000] {processor.py:161} INFO - Started process (PID=171) to work on /home/airflow/.local/lib/python3.12/site-packages/airflow/example_dags/example_display_name.py
[2024-05-27T02:32:31.645+0000] {processor.py:830} INFO - Processing file /home/airflow/.local/lib/python3.12/site-packages/airflow/example_dags/example_display_name.py for tasks to queue
[2024-05-27T02:32:31.646+0000] {logging_mixin.py:188} INFO - [2024-05-27T02:32:31.646+0000] {dagbag.py:545} INFO - Filling up the DagBag from /home/airflow/.local/lib/python3.12/site-packages/airflow/example_dags/example_display_name.py
[2024-05-27T02:32:31.649+0000] {processor.py:840} INFO - DAG(s) 'example_display_name' retrieved from /home/airflow/.local/lib/python3.12/site-packages/airflow/example_dags/example_display_name.py
[2024-05-27T02:32:31.663+0000] {logging_mixin.py:188} INFO - [2024-05-27T02:32:31.663+0000] {dag.py:3096} INFO - Sync 1 DAGs
[2024-05-27T02:32:31.669+0000] {logging_mixin.py:188} INFO - [2024-05-27T02:32:31.669+0000] {dag.py:3954} INFO - Setting next_dagrun for example_display_name to None, run_after=None
[2024-05-27T02:32:31.676+0000] {processor.py:183} INFO - Processing /home/airflow/.local/lib/python3.12/site-packages/airflow/example_dags/example_display_name.py took 0.034 seconds
[2024-05-27T02:33:02.185+0000] {processor.py:161} INFO - Started process (PID=229) to work on /home/airflow/.local/lib/python3.12/site-packages/airflow/example_dags/example_display_name.py
[2024-05-27T02:33:02.185+0000] {processor.py:830} INFO - Processing file /home/airflow/.local/lib/python3.12/site-packages/airflow/example_dags/example_display_name.py for tasks to queue
[2024-05-27T02:33:02.186+0000] {logging_mixin.py:188} INFO - [2024-05-27T02:33:02.186+0000] {dagbag.py:545} INFO - Filling up the DagBag from /home/airflow/.local/lib/python3.12/site-packages/airflow/example_dags/example_display_name.py
[2024-05-27T02:33:02.188+0000] {processor.py:840} INFO - DAG(s) 'example_display_name' retrieved from /home/airflow/.local/lib/python3.12/site-packages/airflow/example_dags/example_display_name.py
[2024-05-27T02:33:02.196+0000] {logging_mixin.py:188} INFO - [2024-05-27T02:33:02.196+0000] {dag.py:3096} INFO - Sync 1 DAGs
[2024-05-27T02:33:02.201+0000] {logging_mixin.py:188} INFO - [2024-05-27T02:33:02.200+0000] {dag.py:3954} INFO - Setting next_dagrun for example_display_name to None, run_after=None
[2024-05-27T02:33:02.207+0000] {processor.py:183} INFO - Processing /home/airflow/.local/lib/python3.12/site-packages/airflow/example_dags/example_display_name.py took 0.024 seconds
