[2024-05-27T02:31:29.582+0000] {processor.py:161} INFO - Started process (PID=37) to work on /home/airflow/.local/lib/python3.12/site-packages/airflow/example_dags/example_branch_datetime_operator.py
[2024-05-27T02:31:29.583+0000] {processor.py:830} INFO - Processing file /home/airflow/.local/lib/python3.12/site-packages/airflow/example_dags/example_branch_datetime_operator.py for tasks to queue
[2024-05-27T02:31:29.584+0000] {logging_mixin.py:188} INFO - [2024-05-27T02:31:29.584+0000] {dagbag.py:545} INFO - Filling up the DagBag from /home/airflow/.local/lib/python3.12/site-packages/airflow/example_dags/example_branch_datetime_operator.py
[2024-05-27T02:31:29.591+0000] {processor.py:840} INFO - DAG(s) 'example_branch_datetime_operator', 'example_branch_datetime_operator_3', 'example_branch_datetime_operator_2' retrieved from /home/airflow/.local/lib/python3.12/site-packages/airflow/example_dags/example_branch_datetime_operator.py
[2024-05-27T02:31:29.640+0000] {logging_mixin.py:188} INFO - [2024-05-27T02:31:29.640+0000] {override.py:1829} INFO - Created Permission View: can edit on DAG:example_branch_datetime_operator
[2024-05-27T02:31:29.648+0000] {logging_mixin.py:188} INFO - [2024-05-27T02:31:29.648+0000] {override.py:1829} INFO - Created Permission View: can delete on DAG:example_branch_datetime_operator
[2024-05-27T02:31:29.652+0000] {logging_mixin.py:188} INFO - [2024-05-27T02:31:29.651+0000] {override.py:1829} INFO - Created Permission View: can read on DAG:example_branch_datetime_operator
[2024-05-27T02:31:29.659+0000] {logging_mixin.py:188} INFO - [2024-05-27T02:31:29.659+0000] {override.py:1829} INFO - Created Permission View: can edit on DAG:example_branch_datetime_operator_3
[2024-05-27T02:31:29.663+0000] {logging_mixin.py:188} INFO - [2024-05-27T02:31:29.663+0000] {override.py:1829} INFO - Created Permission View: can delete on DAG:example_branch_datetime_operator_3
[2024-05-27T02:31:29.668+0000] {logging_mixin.py:188} INFO - [2024-05-27T02:31:29.667+0000] {override.py:1829} INFO - Created Permission View: can read on DAG:example_branch_datetime_operator_3
[2024-05-27T02:31:29.678+0000] {logging_mixin.py:188} INFO - [2024-05-27T02:31:29.677+0000] {override.py:1829} INFO - Created Permission View: can edit on DAG:example_branch_datetime_operator_2
[2024-05-27T02:31:29.705+0000] {logging_mixin.py:188} INFO - [2024-05-27T02:31:29.705+0000] {override.py:1829} INFO - Created Permission View: can delete on DAG:example_branch_datetime_operator_2
[2024-05-27T02:31:29.714+0000] {logging_mixin.py:188} INFO - [2024-05-27T02:31:29.714+0000] {override.py:1829} INFO - Created Permission View: can read on DAG:example_branch_datetime_operator_2
[2024-05-27T02:31:29.715+0000] {logging_mixin.py:188} INFO - [2024-05-27T02:31:29.715+0000] {dag.py:3096} INFO - Sync 3 DAGs
[2024-05-27T02:31:29.727+0000] {logging_mixin.py:188} INFO - [2024-05-27T02:31:29.727+0000] {dag.py:3118} INFO - Creating ORM DAG for example_branch_datetime_operator_3
[2024-05-27T02:31:29.729+0000] {logging_mixin.py:188} INFO - [2024-05-27T02:31:29.728+0000] {dag.py:3118} INFO - Creating ORM DAG for example_branch_datetime_operator_2
[2024-05-27T02:31:29.736+0000] {logging_mixin.py:188} INFO - [2024-05-27T02:31:29.736+0000] {dag.py:3118} INFO - Creating ORM DAG for example_branch_datetime_operator
[2024-05-27T02:31:29.748+0000] {logging_mixin.py:188} INFO - [2024-05-27T02:31:29.747+0000] {dag.py:3954} INFO - Setting next_dagrun for example_branch_datetime_operator to 2024-05-26 00:00:00+00:00, run_after=2024-05-27 00:00:00+00:00
[2024-05-27T02:31:29.750+0000] {logging_mixin.py:188} INFO - [2024-05-27T02:31:29.750+0000] {dag.py:3954} INFO - Setting next_dagrun for example_branch_datetime_operator_2 to 2024-05-26 00:00:00+00:00, run_after=2024-05-27 00:00:00+00:00
[2024-05-27T02:31:29.751+0000] {logging_mixin.py:188} INFO - [2024-05-27T02:31:29.751+0000] {dag.py:3954} INFO - Setting next_dagrun for example_branch_datetime_operator_3 to 2024-05-26 00:00:00+00:00, run_after=2024-05-27 00:00:00+00:00
[2024-05-27T02:31:29.760+0000] {processor.py:183} INFO - Processing /home/airflow/.local/lib/python3.12/site-packages/airflow/example_dags/example_branch_datetime_operator.py took 0.180 seconds
[2024-05-27T02:31:59.777+0000] {processor.py:161} INFO - Started process (PID=96) to work on /home/airflow/.local/lib/python3.12/site-packages/airflow/example_dags/example_branch_datetime_operator.py
[2024-05-27T02:31:59.777+0000] {processor.py:830} INFO - Processing file /home/airflow/.local/lib/python3.12/site-packages/airflow/example_dags/example_branch_datetime_operator.py for tasks to queue
[2024-05-27T02:31:59.778+0000] {logging_mixin.py:188} INFO - [2024-05-27T02:31:59.778+0000] {dagbag.py:545} INFO - Filling up the DagBag from /home/airflow/.local/lib/python3.12/site-packages/airflow/example_dags/example_branch_datetime_operator.py
[2024-05-27T02:31:59.784+0000] {processor.py:840} INFO - DAG(s) 'example_branch_datetime_operator_3', 'example_branch_datetime_operator', 'example_branch_datetime_operator_2' retrieved from /home/airflow/.local/lib/python3.12/site-packages/airflow/example_dags/example_branch_datetime_operator.py
[2024-05-27T02:31:59.800+0000] {logging_mixin.py:188} INFO - [2024-05-27T02:31:59.800+0000] {dag.py:3096} INFO - Sync 3 DAGs
[2024-05-27T02:31:59.809+0000] {logging_mixin.py:188} INFO - [2024-05-27T02:31:59.809+0000] {dag.py:3954} INFO - Setting next_dagrun for example_branch_datetime_operator to 2024-05-26 00:00:00+00:00, run_after=2024-05-27 00:00:00+00:00
[2024-05-27T02:31:59.811+0000] {logging_mixin.py:188} INFO - [2024-05-27T02:31:59.811+0000] {dag.py:3954} INFO - Setting next_dagrun for example_branch_datetime_operator_2 to 2024-05-26 00:00:00+00:00, run_after=2024-05-27 00:00:00+00:00
[2024-05-27T02:31:59.811+0000] {logging_mixin.py:188} INFO - [2024-05-27T02:31:59.811+0000] {dag.py:3954} INFO - Setting next_dagrun for example_branch_datetime_operator_3 to 2024-05-26 00:00:00+00:00, run_after=2024-05-27 00:00:00+00:00
[2024-05-27T02:31:59.818+0000] {processor.py:183} INFO - Processing /home/airflow/.local/lib/python3.12/site-packages/airflow/example_dags/example_branch_datetime_operator.py took 0.044 seconds
[2024-05-27T02:32:30.085+0000] {processor.py:161} INFO - Started process (PID=153) to work on /home/airflow/.local/lib/python3.12/site-packages/airflow/example_dags/example_branch_datetime_operator.py
[2024-05-27T02:32:30.089+0000] {processor.py:830} INFO - Processing file /home/airflow/.local/lib/python3.12/site-packages/airflow/example_dags/example_branch_datetime_operator.py for tasks to queue
[2024-05-27T02:32:30.091+0000] {logging_mixin.py:188} INFO - [2024-05-27T02:32:30.090+0000] {dagbag.py:545} INFO - Filling up the DagBag from /home/airflow/.local/lib/python3.12/site-packages/airflow/example_dags/example_branch_datetime_operator.py
[2024-05-27T02:32:30.096+0000] {processor.py:840} INFO - DAG(s) 'example_branch_datetime_operator', 'example_branch_datetime_operator_2', 'example_branch_datetime_operator_3' retrieved from /home/airflow/.local/lib/python3.12/site-packages/airflow/example_dags/example_branch_datetime_operator.py
[2024-05-27T02:32:30.133+0000] {logging_mixin.py:188} INFO - [2024-05-27T02:32:30.133+0000] {dag.py:3096} INFO - Sync 3 DAGs
[2024-05-27T02:32:30.166+0000] {logging_mixin.py:188} INFO - [2024-05-27T02:32:30.166+0000] {dag.py:3954} INFO - Setting next_dagrun for example_branch_datetime_operator to 2024-05-26 00:00:00+00:00, run_after=2024-05-27 00:00:00+00:00
[2024-05-27T02:32:30.174+0000] {logging_mixin.py:188} INFO - [2024-05-27T02:32:30.174+0000] {dag.py:3954} INFO - Setting next_dagrun for example_branch_datetime_operator_2 to 2024-05-26 00:00:00+00:00, run_after=2024-05-27 00:00:00+00:00
[2024-05-27T02:32:30.177+0000] {logging_mixin.py:188} INFO - [2024-05-27T02:32:30.177+0000] {dag.py:3954} INFO - Setting next_dagrun for example_branch_datetime_operator_3 to 2024-05-26 00:00:00+00:00, run_after=2024-05-27 00:00:00+00:00
[2024-05-27T02:32:30.192+0000] {processor.py:183} INFO - Processing /home/airflow/.local/lib/python3.12/site-packages/airflow/example_dags/example_branch_datetime_operator.py took 0.111 seconds
[2024-05-27T02:33:00.758+0000] {processor.py:161} INFO - Started process (PID=211) to work on /home/airflow/.local/lib/python3.12/site-packages/airflow/example_dags/example_branch_datetime_operator.py
[2024-05-27T02:33:00.759+0000] {processor.py:830} INFO - Processing file /home/airflow/.local/lib/python3.12/site-packages/airflow/example_dags/example_branch_datetime_operator.py for tasks to queue
[2024-05-27T02:33:00.759+0000] {logging_mixin.py:188} INFO - [2024-05-27T02:33:00.759+0000] {dagbag.py:545} INFO - Filling up the DagBag from /home/airflow/.local/lib/python3.12/site-packages/airflow/example_dags/example_branch_datetime_operator.py
[2024-05-27T02:33:00.764+0000] {processor.py:840} INFO - DAG(s) 'example_branch_datetime_operator_2', 'example_branch_datetime_operator', 'example_branch_datetime_operator_3' retrieved from /home/airflow/.local/lib/python3.12/site-packages/airflow/example_dags/example_branch_datetime_operator.py
[2024-05-27T02:33:00.776+0000] {logging_mixin.py:188} INFO - [2024-05-27T02:33:00.776+0000] {dag.py:3096} INFO - Sync 3 DAGs
[2024-05-27T02:33:00.785+0000] {logging_mixin.py:188} INFO - [2024-05-27T02:33:00.785+0000] {dag.py:3954} INFO - Setting next_dagrun for example_branch_datetime_operator to 2024-05-26 00:00:00+00:00, run_after=2024-05-27 00:00:00+00:00
[2024-05-27T02:33:00.787+0000] {logging_mixin.py:188} INFO - [2024-05-27T02:33:00.787+0000] {dag.py:3954} INFO - Setting next_dagrun for example_branch_datetime_operator_2 to 2024-05-26 00:00:00+00:00, run_after=2024-05-27 00:00:00+00:00
[2024-05-27T02:33:00.788+0000] {logging_mixin.py:188} INFO - [2024-05-27T02:33:00.788+0000] {dag.py:3954} INFO - Setting next_dagrun for example_branch_datetime_operator_3 to 2024-05-26 00:00:00+00:00, run_after=2024-05-27 00:00:00+00:00
[2024-05-27T02:33:00.794+0000] {processor.py:183} INFO - Processing /home/airflow/.local/lib/python3.12/site-packages/airflow/example_dags/example_branch_datetime_operator.py took 0.038 seconds
[2024-05-27T02:33:31.372+0000] {processor.py:161} INFO - Started process (PID=269) to work on /home/airflow/.local/lib/python3.12/site-packages/airflow/example_dags/example_branch_datetime_operator.py
[2024-05-27T02:33:31.373+0000] {processor.py:830} INFO - Processing file /home/airflow/.local/lib/python3.12/site-packages/airflow/example_dags/example_branch_datetime_operator.py for tasks to queue
[2024-05-27T02:33:31.374+0000] {logging_mixin.py:188} INFO - [2024-05-27T02:33:31.374+0000] {dagbag.py:545} INFO - Filling up the DagBag from /home/airflow/.local/lib/python3.12/site-packages/airflow/example_dags/example_branch_datetime_operator.py
[2024-05-27T02:33:31.378+0000] {processor.py:840} INFO - DAG(s) 'example_branch_datetime_operator_3', 'example_branch_datetime_operator', 'example_branch_datetime_operator_2' retrieved from /home/airflow/.local/lib/python3.12/site-packages/airflow/example_dags/example_branch_datetime_operator.py
[2024-05-27T02:33:31.388+0000] {logging_mixin.py:188} INFO - [2024-05-27T02:33:31.388+0000] {dag.py:3096} INFO - Sync 3 DAGs
[2024-05-27T02:33:31.398+0000] {logging_mixin.py:188} INFO - [2024-05-27T02:33:31.398+0000] {dag.py:3954} INFO - Setting next_dagrun for example_branch_datetime_operator to 2024-05-26 00:00:00+00:00, run_after=2024-05-27 00:00:00+00:00
[2024-05-27T02:33:31.399+0000] {logging_mixin.py:188} INFO - [2024-05-27T02:33:31.399+0000] {dag.py:3954} INFO - Setting next_dagrun for example_branch_datetime_operator_2 to 2024-05-26 00:00:00+00:00, run_after=2024-05-27 00:00:00+00:00
[2024-05-27T02:33:31.400+0000] {logging_mixin.py:188} INFO - [2024-05-27T02:33:31.400+0000] {dag.py:3954} INFO - Setting next_dagrun for example_branch_datetime_operator_3 to 2024-05-26 00:00:00+00:00, run_after=2024-05-27 00:00:00+00:00
[2024-05-27T02:33:31.406+0000] {processor.py:183} INFO - Processing /home/airflow/.local/lib/python3.12/site-packages/airflow/example_dags/example_branch_datetime_operator.py took 0.036 seconds
