[2024-05-27T02:31:29.496+0000] {processor.py:161} INFO - Started process (PID=35) to work on /home/airflow/.local/lib/python3.12/site-packages/airflow/example_dags/example_complex.py
[2024-05-27T02:31:29.496+0000] {processor.py:830} INFO - Processing file /home/airflow/.local/lib/python3.12/site-packages/airflow/example_dags/example_complex.py for tasks to queue
[2024-05-27T02:31:29.497+0000] {logging_mixin.py:188} INFO - [2024-05-27T02:31:29.497+0000] {dagbag.py:545} INFO - Filling up the DagBag from /home/airflow/.local/lib/python3.12/site-packages/airflow/example_dags/example_complex.py
[2024-05-27T02:31:29.504+0000] {processor.py:840} INFO - DAG(s) 'example_complex' retrieved from /home/airflow/.local/lib/python3.12/site-packages/airflow/example_dags/example_complex.py
[2024-05-27T02:31:29.549+0000] {logging_mixin.py:188} INFO - [2024-05-27T02:31:29.548+0000] {override.py:1829} INFO - Created Permission View: can edit on DAG:example_complex
[2024-05-27T02:31:29.552+0000] {logging_mixin.py:188} INFO - [2024-05-27T02:31:29.552+0000] {override.py:1829} INFO - Created Permission View: can delete on DAG:example_complex
[2024-05-27T02:31:29.555+0000] {logging_mixin.py:188} INFO - [2024-05-27T02:31:29.555+0000] {override.py:1829} INFO - Created Permission View: can read on DAG:example_complex
[2024-05-27T02:31:29.555+0000] {logging_mixin.py:188} INFO - [2024-05-27T02:31:29.555+0000] {dag.py:3096} INFO - Sync 1 DAGs
[2024-05-27T02:31:29.559+0000] {logging_mixin.py:188} INFO - [2024-05-27T02:31:29.559+0000] {dag.py:3118} INFO - Creating ORM DAG for example_complex
[2024-05-27T02:31:29.560+0000] {logging_mixin.py:188} INFO - [2024-05-27T02:31:29.560+0000] {dag.py:3954} INFO - Setting next_dagrun for example_complex to None, run_after=None
[2024-05-27T02:31:29.569+0000] {processor.py:183} INFO - Processing /home/airflow/.local/lib/python3.12/site-packages/airflow/example_dags/example_complex.py took 0.076 seconds
[2024-05-27T02:31:59.669+0000] {processor.py:161} INFO - Started process (PID=93) to work on /home/airflow/.local/lib/python3.12/site-packages/airflow/example_dags/example_complex.py
[2024-05-27T02:31:59.669+0000] {processor.py:830} INFO - Processing file /home/airflow/.local/lib/python3.12/site-packages/airflow/example_dags/example_complex.py for tasks to queue
[2024-05-27T02:31:59.670+0000] {logging_mixin.py:188} INFO - [2024-05-27T02:31:59.670+0000] {dagbag.py:545} INFO - Filling up the DagBag from /home/airflow/.local/lib/python3.12/site-packages/airflow/example_dags/example_complex.py
[2024-05-27T02:31:59.674+0000] {processor.py:840} INFO - DAG(s) 'example_complex' retrieved from /home/airflow/.local/lib/python3.12/site-packages/airflow/example_dags/example_complex.py
[2024-05-27T02:31:59.685+0000] {logging_mixin.py:188} INFO - [2024-05-27T02:31:59.685+0000] {dag.py:3096} INFO - Sync 1 DAGs
[2024-05-27T02:31:59.690+0000] {logging_mixin.py:188} INFO - [2024-05-27T02:31:59.689+0000] {dag.py:3954} INFO - Setting next_dagrun for example_complex to None, run_after=None
[2024-05-27T02:31:59.697+0000] {processor.py:183} INFO - Processing /home/airflow/.local/lib/python3.12/site-packages/airflow/example_dags/example_complex.py took 0.030 seconds
[2024-05-27T02:32:29.972+0000] {processor.py:161} INFO - Started process (PID=151) to work on /home/airflow/.local/lib/python3.12/site-packages/airflow/example_dags/example_complex.py
[2024-05-27T02:32:29.977+0000] {processor.py:830} INFO - Processing file /home/airflow/.local/lib/python3.12/site-packages/airflow/example_dags/example_complex.py for tasks to queue
[2024-05-27T02:32:29.979+0000] {logging_mixin.py:188} INFO - [2024-05-27T02:32:29.979+0000] {dagbag.py:545} INFO - Filling up the DagBag from /home/airflow/.local/lib/python3.12/site-packages/airflow/example_dags/example_complex.py
[2024-05-27T02:32:29.985+0000] {processor.py:840} INFO - DAG(s) 'example_complex' retrieved from /home/airflow/.local/lib/python3.12/site-packages/airflow/example_dags/example_complex.py
[2024-05-27T02:32:30.003+0000] {logging_mixin.py:188} INFO - [2024-05-27T02:32:30.003+0000] {dag.py:3096} INFO - Sync 1 DAGs
[2024-05-27T02:32:30.025+0000] {logging_mixin.py:188} INFO - [2024-05-27T02:32:30.024+0000] {dag.py:3954} INFO - Setting next_dagrun for example_complex to None, run_after=None
[2024-05-27T02:32:30.051+0000] {processor.py:183} INFO - Processing /home/airflow/.local/lib/python3.12/site-packages/airflow/example_dags/example_complex.py took 0.083 seconds
[2024-05-27T02:33:00.714+0000] {processor.py:161} INFO - Started process (PID=209) to work on /home/airflow/.local/lib/python3.12/site-packages/airflow/example_dags/example_complex.py
[2024-05-27T02:33:00.715+0000] {processor.py:830} INFO - Processing file /home/airflow/.local/lib/python3.12/site-packages/airflow/example_dags/example_complex.py for tasks to queue
[2024-05-27T02:33:00.719+0000] {logging_mixin.py:188} INFO - [2024-05-27T02:33:00.719+0000] {dagbag.py:545} INFO - Filling up the DagBag from /home/airflow/.local/lib/python3.12/site-packages/airflow/example_dags/example_complex.py
[2024-05-27T02:33:00.723+0000] {processor.py:840} INFO - DAG(s) 'example_complex' retrieved from /home/airflow/.local/lib/python3.12/site-packages/airflow/example_dags/example_complex.py
[2024-05-27T02:33:00.736+0000] {logging_mixin.py:188} INFO - [2024-05-27T02:33:00.736+0000] {dag.py:3096} INFO - Sync 1 DAGs
[2024-05-27T02:33:00.741+0000] {logging_mixin.py:188} INFO - [2024-05-27T02:33:00.741+0000] {dag.py:3954} INFO - Setting next_dagrun for example_complex to None, run_after=None
[2024-05-27T02:33:00.747+0000] {processor.py:183} INFO - Processing /home/airflow/.local/lib/python3.12/site-packages/airflow/example_dags/example_complex.py took 0.036 seconds
[2024-05-27T02:33:31.326+0000] {processor.py:161} INFO - Started process (PID=267) to work on /home/airflow/.local/lib/python3.12/site-packages/airflow/example_dags/example_complex.py
[2024-05-27T02:33:31.327+0000] {processor.py:830} INFO - Processing file /home/airflow/.local/lib/python3.12/site-packages/airflow/example_dags/example_complex.py for tasks to queue
[2024-05-27T02:33:31.328+0000] {logging_mixin.py:188} INFO - [2024-05-27T02:33:31.328+0000] {dagbag.py:545} INFO - Filling up the DagBag from /home/airflow/.local/lib/python3.12/site-packages/airflow/example_dags/example_complex.py
[2024-05-27T02:33:31.335+0000] {processor.py:840} INFO - DAG(s) 'example_complex' retrieved from /home/airflow/.local/lib/python3.12/site-packages/airflow/example_dags/example_complex.py
[2024-05-27T02:33:31.349+0000] {logging_mixin.py:188} INFO - [2024-05-27T02:33:31.349+0000] {dag.py:3096} INFO - Sync 1 DAGs
[2024-05-27T02:33:31.355+0000] {logging_mixin.py:188} INFO - [2024-05-27T02:33:31.355+0000] {dag.py:3954} INFO - Setting next_dagrun for example_complex to None, run_after=None
[2024-05-27T02:33:31.362+0000] {processor.py:183} INFO - Processing /home/airflow/.local/lib/python3.12/site-packages/airflow/example_dags/example_complex.py took 0.039 seconds
