[2024-05-27T02:31:29.413+0000] {processor.py:161} INFO - Started process (PID=34) to work on /home/airflow/.local/lib/python3.12/site-packages/airflow/example_dags/example_trigger_target_dag.py
[2024-05-27T02:31:29.414+0000] {processor.py:830} INFO - Processing file /home/airflow/.local/lib/python3.12/site-packages/airflow/example_dags/example_trigger_target_dag.py for tasks to queue
[2024-05-27T02:31:29.414+0000] {logging_mixin.py:188} INFO - [2024-05-27T02:31:29.414+0000] {dagbag.py:545} INFO - Filling up the DagBag from /home/airflow/.local/lib/python3.12/site-packages/airflow/example_dags/example_trigger_target_dag.py
[2024-05-27T02:31:29.419+0000] {processor.py:840} INFO - DAG(s) 'example_trigger_target_dag' retrieved from /home/airflow/.local/lib/python3.12/site-packages/airflow/example_dags/example_trigger_target_dag.py
[2024-05-27T02:31:29.467+0000] {logging_mixin.py:188} INFO - [2024-05-27T02:31:29.467+0000] {override.py:1829} INFO - Created Permission View: can edit on DAG:example_trigger_target_dag
[2024-05-27T02:31:29.472+0000] {logging_mixin.py:188} INFO - [2024-05-27T02:31:29.472+0000] {override.py:1829} INFO - Created Permission View: can delete on DAG:example_trigger_target_dag
[2024-05-27T02:31:29.474+0000] {logging_mixin.py:188} INFO - [2024-05-27T02:31:29.474+0000] {override.py:1829} INFO - Created Permission View: can read on DAG:example_trigger_target_dag
[2024-05-27T02:31:29.474+0000] {logging_mixin.py:188} INFO - [2024-05-27T02:31:29.474+0000] {dag.py:3096} INFO - Sync 1 DAGs
[2024-05-27T02:31:29.478+0000] {logging_mixin.py:188} INFO - [2024-05-27T02:31:29.478+0000] {dag.py:3118} INFO - Creating ORM DAG for example_trigger_target_dag
[2024-05-27T02:31:29.479+0000] {logging_mixin.py:188} INFO - [2024-05-27T02:31:29.479+0000] {dag.py:3954} INFO - Setting next_dagrun for example_trigger_target_dag to None, run_after=None
[2024-05-27T02:31:29.485+0000] {processor.py:183} INFO - Processing /home/airflow/.local/lib/python3.12/site-packages/airflow/example_dags/example_trigger_target_dag.py took 0.074 seconds
[2024-05-27T02:31:59.635+0000] {processor.py:161} INFO - Started process (PID=91) to work on /home/airflow/.local/lib/python3.12/site-packages/airflow/example_dags/example_trigger_target_dag.py
[2024-05-27T02:31:59.635+0000] {processor.py:830} INFO - Processing file /home/airflow/.local/lib/python3.12/site-packages/airflow/example_dags/example_trigger_target_dag.py for tasks to queue
[2024-05-27T02:31:59.636+0000] {logging_mixin.py:188} INFO - [2024-05-27T02:31:59.636+0000] {dagbag.py:545} INFO - Filling up the DagBag from /home/airflow/.local/lib/python3.12/site-packages/airflow/example_dags/example_trigger_target_dag.py
[2024-05-27T02:31:59.638+0000] {processor.py:840} INFO - DAG(s) 'example_trigger_target_dag' retrieved from /home/airflow/.local/lib/python3.12/site-packages/airflow/example_dags/example_trigger_target_dag.py
[2024-05-27T02:31:59.647+0000] {logging_mixin.py:188} INFO - [2024-05-27T02:31:59.647+0000] {dag.py:3096} INFO - Sync 1 DAGs
[2024-05-27T02:31:59.651+0000] {logging_mixin.py:188} INFO - [2024-05-27T02:31:59.651+0000] {dag.py:3954} INFO - Setting next_dagrun for example_trigger_target_dag to None, run_after=None
[2024-05-27T02:31:59.657+0000] {processor.py:183} INFO - Processing /home/airflow/.local/lib/python3.12/site-packages/airflow/example_dags/example_trigger_target_dag.py took 0.024 seconds
[2024-05-27T02:32:29.910+0000] {processor.py:161} INFO - Started process (PID=150) to work on /home/airflow/.local/lib/python3.12/site-packages/airflow/example_dags/example_trigger_target_dag.py
[2024-05-27T02:32:29.911+0000] {processor.py:830} INFO - Processing file /home/airflow/.local/lib/python3.12/site-packages/airflow/example_dags/example_trigger_target_dag.py for tasks to queue
[2024-05-27T02:32:29.913+0000] {logging_mixin.py:188} INFO - [2024-05-27T02:32:29.913+0000] {dagbag.py:545} INFO - Filling up the DagBag from /home/airflow/.local/lib/python3.12/site-packages/airflow/example_dags/example_trigger_target_dag.py
[2024-05-27T02:32:29.918+0000] {processor.py:840} INFO - DAG(s) 'example_trigger_target_dag' retrieved from /home/airflow/.local/lib/python3.12/site-packages/airflow/example_dags/example_trigger_target_dag.py
[2024-05-27T02:32:29.931+0000] {logging_mixin.py:188} INFO - [2024-05-27T02:32:29.931+0000] {dag.py:3096} INFO - Sync 1 DAGs
[2024-05-27T02:32:29.939+0000] {logging_mixin.py:188} INFO - [2024-05-27T02:32:29.938+0000] {dag.py:3954} INFO - Setting next_dagrun for example_trigger_target_dag to None, run_after=None
[2024-05-27T02:32:29.955+0000] {processor.py:183} INFO - Processing /home/airflow/.local/lib/python3.12/site-packages/airflow/example_dags/example_trigger_target_dag.py took 0.048 seconds
[2024-05-27T02:33:00.671+0000] {processor.py:161} INFO - Started process (PID=208) to work on /home/airflow/.local/lib/python3.12/site-packages/airflow/example_dags/example_trigger_target_dag.py
[2024-05-27T02:33:00.671+0000] {processor.py:830} INFO - Processing file /home/airflow/.local/lib/python3.12/site-packages/airflow/example_dags/example_trigger_target_dag.py for tasks to queue
[2024-05-27T02:33:00.672+0000] {logging_mixin.py:188} INFO - [2024-05-27T02:33:00.672+0000] {dagbag.py:545} INFO - Filling up the DagBag from /home/airflow/.local/lib/python3.12/site-packages/airflow/example_dags/example_trigger_target_dag.py
[2024-05-27T02:33:00.675+0000] {processor.py:840} INFO - DAG(s) 'example_trigger_target_dag' retrieved from /home/airflow/.local/lib/python3.12/site-packages/airflow/example_dags/example_trigger_target_dag.py
[2024-05-27T02:33:00.687+0000] {logging_mixin.py:188} INFO - [2024-05-27T02:33:00.687+0000] {dag.py:3096} INFO - Sync 1 DAGs
[2024-05-27T02:33:00.695+0000] {logging_mixin.py:188} INFO - [2024-05-27T02:33:00.694+0000] {dag.py:3954} INFO - Setting next_dagrun for example_trigger_target_dag to None, run_after=None
[2024-05-27T02:33:00.702+0000] {processor.py:183} INFO - Processing /home/airflow/.local/lib/python3.12/site-packages/airflow/example_dags/example_trigger_target_dag.py took 0.033 seconds
[2024-05-27T02:33:31.186+0000] {processor.py:161} INFO - Started process (PID=266) to work on /home/airflow/.local/lib/python3.12/site-packages/airflow/example_dags/example_trigger_target_dag.py
[2024-05-27T02:33:31.186+0000] {processor.py:830} INFO - Processing file /home/airflow/.local/lib/python3.12/site-packages/airflow/example_dags/example_trigger_target_dag.py for tasks to queue
[2024-05-27T02:33:31.187+0000] {logging_mixin.py:188} INFO - [2024-05-27T02:33:31.187+0000] {dagbag.py:545} INFO - Filling up the DagBag from /home/airflow/.local/lib/python3.12/site-packages/airflow/example_dags/example_trigger_target_dag.py
[2024-05-27T02:33:31.189+0000] {processor.py:840} INFO - DAG(s) 'example_trigger_target_dag' retrieved from /home/airflow/.local/lib/python3.12/site-packages/airflow/example_dags/example_trigger_target_dag.py
[2024-05-27T02:33:31.200+0000] {logging_mixin.py:188} INFO - [2024-05-27T02:33:31.200+0000] {dag.py:3096} INFO - Sync 1 DAGs
[2024-05-27T02:33:31.274+0000] {logging_mixin.py:188} INFO - [2024-05-27T02:33:31.274+0000] {dag.py:3954} INFO - Setting next_dagrun for example_trigger_target_dag to None, run_after=None
[2024-05-27T02:33:31.312+0000] {processor.py:183} INFO - Processing /home/airflow/.local/lib/python3.12/site-packages/airflow/example_dags/example_trigger_target_dag.py took 0.128 seconds
