[2024-05-27T02:31:30.257+0000] {processor.py:161} INFO - Started process (PID=46) to work on /home/airflow/.local/lib/python3.12/site-packages/airflow/example_dags/example_python_operator.py
[2024-05-27T02:31:30.259+0000] {processor.py:830} INFO - Processing file /home/airflow/.local/lib/python3.12/site-packages/airflow/example_dags/example_python_operator.py for tasks to queue
[2024-05-27T02:31:30.261+0000] {logging_mixin.py:188} INFO - [2024-05-27T02:31:30.260+0000] {dagbag.py:545} INFO - Filling up the DagBag from /home/airflow/.local/lib/python3.12/site-packages/airflow/example_dags/example_python_operator.py
[2024-05-27T02:31:30.284+0000] {processor.py:840} INFO - DAG(s) 'example_python_operator' retrieved from /home/airflow/.local/lib/python3.12/site-packages/airflow/example_dags/example_python_operator.py
[2024-05-27T02:31:30.355+0000] {logging_mixin.py:188} INFO - [2024-05-27T02:31:30.355+0000] {override.py:1829} INFO - Created Permission View: can edit on DAG:example_python_operator
[2024-05-27T02:31:30.359+0000] {logging_mixin.py:188} INFO - [2024-05-27T02:31:30.359+0000] {override.py:1829} INFO - Created Permission View: can delete on DAG:example_python_operator
[2024-05-27T02:31:30.362+0000] {logging_mixin.py:188} INFO - [2024-05-27T02:31:30.362+0000] {override.py:1829} INFO - Created Permission View: can read on DAG:example_python_operator
[2024-05-27T02:31:30.363+0000] {logging_mixin.py:188} INFO - [2024-05-27T02:31:30.363+0000] {dag.py:3096} INFO - Sync 1 DAGs
[2024-05-27T02:31:30.369+0000] {logging_mixin.py:188} INFO - [2024-05-27T02:31:30.369+0000] {dag.py:3118} INFO - Creating ORM DAG for example_python_operator
[2024-05-27T02:31:30.370+0000] {logging_mixin.py:188} INFO - [2024-05-27T02:31:30.370+0000] {dag.py:3954} INFO - Setting next_dagrun for example_python_operator to None, run_after=None
[2024-05-27T02:31:30.384+0000] {processor.py:183} INFO - Processing /home/airflow/.local/lib/python3.12/site-packages/airflow/example_dags/example_python_operator.py took 0.134 seconds
[2024-05-27T02:32:01.185+0000] {processor.py:161} INFO - Started process (PID=104) to work on /home/airflow/.local/lib/python3.12/site-packages/airflow/example_dags/example_python_operator.py
[2024-05-27T02:32:01.186+0000] {processor.py:830} INFO - Processing file /home/airflow/.local/lib/python3.12/site-packages/airflow/example_dags/example_python_operator.py for tasks to queue
[2024-05-27T02:32:01.187+0000] {logging_mixin.py:188} INFO - [2024-05-27T02:32:01.186+0000] {dagbag.py:545} INFO - Filling up the DagBag from /home/airflow/.local/lib/python3.12/site-packages/airflow/example_dags/example_python_operator.py
[2024-05-27T02:32:01.192+0000] {processor.py:840} INFO - DAG(s) 'example_python_operator' retrieved from /home/airflow/.local/lib/python3.12/site-packages/airflow/example_dags/example_python_operator.py
[2024-05-27T02:32:01.203+0000] {logging_mixin.py:188} INFO - [2024-05-27T02:32:01.203+0000] {dag.py:3096} INFO - Sync 1 DAGs
[2024-05-27T02:32:01.208+0000] {logging_mixin.py:188} INFO - [2024-05-27T02:32:01.208+0000] {dag.py:3954} INFO - Setting next_dagrun for example_python_operator to None, run_after=None
[2024-05-27T02:32:01.232+0000] {processor.py:183} INFO - Processing /home/airflow/.local/lib/python3.12/site-packages/airflow/example_dags/example_python_operator.py took 0.050 seconds
[2024-05-27T02:32:31.373+0000] {processor.py:161} INFO - Started process (PID=162) to work on /home/airflow/.local/lib/python3.12/site-packages/airflow/example_dags/example_python_operator.py
[2024-05-27T02:32:31.374+0000] {processor.py:830} INFO - Processing file /home/airflow/.local/lib/python3.12/site-packages/airflow/example_dags/example_python_operator.py for tasks to queue
[2024-05-27T02:32:31.375+0000] {logging_mixin.py:188} INFO - [2024-05-27T02:32:31.374+0000] {dagbag.py:545} INFO - Filling up the DagBag from /home/airflow/.local/lib/python3.12/site-packages/airflow/example_dags/example_python_operator.py
[2024-05-27T02:32:31.380+0000] {processor.py:840} INFO - DAG(s) 'example_python_operator' retrieved from /home/airflow/.local/lib/python3.12/site-packages/airflow/example_dags/example_python_operator.py
[2024-05-27T02:32:31.392+0000] {logging_mixin.py:188} INFO - [2024-05-27T02:32:31.392+0000] {dag.py:3096} INFO - Sync 1 DAGs
[2024-05-27T02:32:31.403+0000] {logging_mixin.py:188} INFO - [2024-05-27T02:32:31.403+0000] {dag.py:3954} INFO - Setting next_dagrun for example_python_operator to None, run_after=None
[2024-05-27T02:32:31.416+0000] {processor.py:183} INFO - Processing /home/airflow/.local/lib/python3.12/site-packages/airflow/example_dags/example_python_operator.py took 0.046 seconds
[2024-05-27T02:33:02.009+0000] {processor.py:161} INFO - Started process (PID=220) to work on /home/airflow/.local/lib/python3.12/site-packages/airflow/example_dags/example_python_operator.py
[2024-05-27T02:33:02.009+0000] {processor.py:830} INFO - Processing file /home/airflow/.local/lib/python3.12/site-packages/airflow/example_dags/example_python_operator.py for tasks to queue
[2024-05-27T02:33:02.010+0000] {logging_mixin.py:188} INFO - [2024-05-27T02:33:02.010+0000] {dagbag.py:545} INFO - Filling up the DagBag from /home/airflow/.local/lib/python3.12/site-packages/airflow/example_dags/example_python_operator.py
[2024-05-27T02:33:02.015+0000] {processor.py:840} INFO - DAG(s) 'example_python_operator' retrieved from /home/airflow/.local/lib/python3.12/site-packages/airflow/example_dags/example_python_operator.py
[2024-05-27T02:33:02.025+0000] {logging_mixin.py:188} INFO - [2024-05-27T02:33:02.025+0000] {dag.py:3096} INFO - Sync 1 DAGs
[2024-05-27T02:33:02.031+0000] {logging_mixin.py:188} INFO - [2024-05-27T02:33:02.031+0000] {dag.py:3954} INFO - Setting next_dagrun for example_python_operator to None, run_after=None
[2024-05-27T02:33:02.039+0000] {processor.py:183} INFO - Processing /home/airflow/.local/lib/python3.12/site-packages/airflow/example_dags/example_python_operator.py took 0.033 seconds
