[2024-05-27T02:31:30.207+0000] {processor.py:161} INFO - Started process (PID=45) to work on /home/airflow/.local/lib/python3.12/site-packages/airflow/example_dags/example_subdag_operator.py
[2024-05-27T02:31:30.208+0000] {processor.py:830} INFO - Processing file /home/airflow/.local/lib/python3.12/site-packages/airflow/example_dags/example_subdag_operator.py for tasks to queue
[2024-05-27T02:31:30.209+0000] {logging_mixin.py:188} INFO - [2024-05-27T02:31:30.209+0000] {dagbag.py:545} INFO - Filling up the DagBag from /home/airflow/.local/lib/python3.12/site-packages/airflow/example_dags/example_subdag_operator.py
[2024-05-27T02:31:30.223+0000] {processor.py:840} INFO - DAG(s) 'example_subdag_operator.section-1', 'example_subdag_operator.section-2', 'example_subdag_operator' retrieved from /home/airflow/.local/lib/python3.12/site-packages/airflow/example_dags/example_subdag_operator.py
[2024-05-27T02:31:30.294+0000] {logging_mixin.py:188} INFO - [2024-05-27T02:31:30.294+0000] {override.py:1829} INFO - Created Permission View: can edit on DAG:example_subdag_operator
[2024-05-27T02:31:30.300+0000] {logging_mixin.py:188} INFO - [2024-05-27T02:31:30.300+0000] {override.py:1829} INFO - Created Permission View: can delete on DAG:example_subdag_operator
[2024-05-27T02:31:30.303+0000] {logging_mixin.py:188} INFO - [2024-05-27T02:31:30.303+0000] {override.py:1829} INFO - Created Permission View: can read on DAG:example_subdag_operator
[2024-05-27T02:31:30.304+0000] {logging_mixin.py:188} INFO - [2024-05-27T02:31:30.304+0000] {dag.py:3096} INFO - Sync 3 DAGs
[2024-05-27T02:31:30.311+0000] {logging_mixin.py:188} INFO - [2024-05-27T02:31:30.311+0000] {dag.py:3118} INFO - Creating ORM DAG for example_subdag_operator.section-2
[2024-05-27T02:31:30.312+0000] {logging_mixin.py:188} INFO - [2024-05-27T02:31:30.311+0000] {dag.py:3118} INFO - Creating ORM DAG for example_subdag_operator.section-1
[2024-05-27T02:31:30.312+0000] {logging_mixin.py:188} INFO - [2024-05-27T02:31:30.312+0000] {dag.py:3118} INFO - Creating ORM DAG for example_subdag_operator
[2024-05-27T02:31:30.317+0000] {logging_mixin.py:188} INFO - [2024-05-27T02:31:30.317+0000] {dag.py:3954} INFO - Setting next_dagrun for example_subdag_operator to 2022-01-01 00:00:00+00:00, run_after=2022-01-01 00:00:00+00:00
[2024-05-27T02:31:30.317+0000] {logging_mixin.py:188} INFO - [2024-05-27T02:31:30.317+0000] {dag.py:3954} INFO - Setting next_dagrun for example_subdag_operator.section-1 to None, run_after=None
[2024-05-27T02:31:30.318+0000] {logging_mixin.py:188} INFO - [2024-05-27T02:31:30.318+0000] {dag.py:3954} INFO - Setting next_dagrun for example_subdag_operator.section-2 to None, run_after=None
[2024-05-27T02:31:30.322+0000] {logging_mixin.py:188} INFO - [2024-05-27T02:31:30.322+0000] {dag.py:3096} INFO - Sync 2 DAGs
[2024-05-27T02:31:30.325+0000] {logging_mixin.py:188} INFO - [2024-05-27T02:31:30.325+0000] {dag.py:3954} INFO - Setting next_dagrun for example_subdag_operator.section-1 to None, run_after=None
[2024-05-27T02:31:30.328+0000] {logging_mixin.py:188} INFO - [2024-05-27T02:31:30.328+0000] {dag.py:3954} INFO - Setting next_dagrun for example_subdag_operator.section-2 to None, run_after=None
[2024-05-27T02:31:30.346+0000] {processor.py:183} INFO - Processing /home/airflow/.local/lib/python3.12/site-packages/airflow/example_dags/example_subdag_operator.py took 0.142 seconds
[2024-05-27T02:32:01.134+0000] {processor.py:161} INFO - Started process (PID=103) to work on /home/airflow/.local/lib/python3.12/site-packages/airflow/example_dags/example_subdag_operator.py
[2024-05-27T02:32:01.135+0000] {processor.py:830} INFO - Processing file /home/airflow/.local/lib/python3.12/site-packages/airflow/example_dags/example_subdag_operator.py for tasks to queue
[2024-05-27T02:32:01.136+0000] {logging_mixin.py:188} INFO - [2024-05-27T02:32:01.136+0000] {dagbag.py:545} INFO - Filling up the DagBag from /home/airflow/.local/lib/python3.12/site-packages/airflow/example_dags/example_subdag_operator.py
[2024-05-27T02:32:01.147+0000] {processor.py:840} INFO - DAG(s) 'example_subdag_operator.section-1', 'example_subdag_operator.section-2', 'example_subdag_operator' retrieved from /home/airflow/.local/lib/python3.12/site-packages/airflow/example_dags/example_subdag_operator.py
[2024-05-27T02:32:01.153+0000] {logging_mixin.py:188} INFO - [2024-05-27T02:32:01.153+0000] {dag.py:3096} INFO - Sync 3 DAGs
[2024-05-27T02:32:01.161+0000] {logging_mixin.py:188} INFO - [2024-05-27T02:32:01.161+0000] {dag.py:3954} INFO - Setting next_dagrun for example_subdag_operator to 2022-01-01 00:00:00+00:00, run_after=2022-01-01 00:00:00+00:00
[2024-05-27T02:32:01.163+0000] {logging_mixin.py:188} INFO - [2024-05-27T02:32:01.163+0000] {dag.py:3954} INFO - Setting next_dagrun for example_subdag_operator.section-1 to None, run_after=None
[2024-05-27T02:32:01.164+0000] {logging_mixin.py:188} INFO - [2024-05-27T02:32:01.164+0000] {dag.py:3954} INFO - Setting next_dagrun for example_subdag_operator.section-2 to None, run_after=None
[2024-05-27T02:32:01.168+0000] {logging_mixin.py:188} INFO - [2024-05-27T02:32:01.168+0000] {dag.py:3096} INFO - Sync 2 DAGs
[2024-05-27T02:32:01.170+0000] {logging_mixin.py:188} INFO - [2024-05-27T02:32:01.170+0000] {dag.py:3954} INFO - Setting next_dagrun for example_subdag_operator.section-1 to None, run_after=None
[2024-05-27T02:32:01.170+0000] {logging_mixin.py:188} INFO - [2024-05-27T02:32:01.170+0000] {dag.py:3954} INFO - Setting next_dagrun for example_subdag_operator.section-2 to None, run_after=None
[2024-05-27T02:32:01.174+0000] {processor.py:183} INFO - Processing /home/airflow/.local/lib/python3.12/site-packages/airflow/example_dags/example_subdag_operator.py took 0.042 seconds
[2024-05-27T02:32:31.332+0000] {processor.py:161} INFO - Started process (PID=161) to work on /home/airflow/.local/lib/python3.12/site-packages/airflow/example_dags/example_subdag_operator.py
[2024-05-27T02:32:31.332+0000] {processor.py:830} INFO - Processing file /home/airflow/.local/lib/python3.12/site-packages/airflow/example_dags/example_subdag_operator.py for tasks to queue
[2024-05-27T02:32:31.333+0000] {logging_mixin.py:188} INFO - [2024-05-27T02:32:31.333+0000] {dagbag.py:545} INFO - Filling up the DagBag from /home/airflow/.local/lib/python3.12/site-packages/airflow/example_dags/example_subdag_operator.py
[2024-05-27T02:32:31.343+0000] {processor.py:840} INFO - DAG(s) 'example_subdag_operator.section-1', 'example_subdag_operator.section-2', 'example_subdag_operator' retrieved from /home/airflow/.local/lib/python3.12/site-packages/airflow/example_dags/example_subdag_operator.py
[2024-05-27T02:32:31.353+0000] {logging_mixin.py:188} INFO - [2024-05-27T02:32:31.353+0000] {dag.py:3096} INFO - Sync 3 DAGs
[2024-05-27T02:32:31.368+0000] {logging_mixin.py:188} INFO - [2024-05-27T02:32:31.366+0000] {dag.py:3954} INFO - Setting next_dagrun for example_subdag_operator to 2022-01-01 00:00:00+00:00, run_after=2022-01-01 00:00:00+00:00
[2024-05-27T02:32:31.371+0000] {logging_mixin.py:188} INFO - [2024-05-27T02:32:31.371+0000] {dag.py:3954} INFO - Setting next_dagrun for example_subdag_operator.section-1 to None, run_after=None
[2024-05-27T02:32:31.372+0000] {logging_mixin.py:188} INFO - [2024-05-27T02:32:31.372+0000] {dag.py:3954} INFO - Setting next_dagrun for example_subdag_operator.section-2 to None, run_after=None
[2024-05-27T02:32:31.376+0000] {logging_mixin.py:188} INFO - [2024-05-27T02:32:31.376+0000] {dag.py:3096} INFO - Sync 2 DAGs
[2024-05-27T02:32:31.378+0000] {logging_mixin.py:188} INFO - [2024-05-27T02:32:31.378+0000] {dag.py:3954} INFO - Setting next_dagrun for example_subdag_operator.section-1 to None, run_after=None
[2024-05-27T02:32:31.379+0000] {logging_mixin.py:188} INFO - [2024-05-27T02:32:31.379+0000] {dag.py:3954} INFO - Setting next_dagrun for example_subdag_operator.section-2 to None, run_after=None
[2024-05-27T02:32:31.385+0000] {processor.py:183} INFO - Processing /home/airflow/.local/lib/python3.12/site-packages/airflow/example_dags/example_subdag_operator.py took 0.056 seconds
[2024-05-27T02:33:01.982+0000] {processor.py:161} INFO - Started process (PID=219) to work on /home/airflow/.local/lib/python3.12/site-packages/airflow/example_dags/example_subdag_operator.py
[2024-05-27T02:33:01.983+0000] {processor.py:830} INFO - Processing file /home/airflow/.local/lib/python3.12/site-packages/airflow/example_dags/example_subdag_operator.py for tasks to queue
[2024-05-27T02:33:01.984+0000] {logging_mixin.py:188} INFO - [2024-05-27T02:33:01.983+0000] {dagbag.py:545} INFO - Filling up the DagBag from /home/airflow/.local/lib/python3.12/site-packages/airflow/example_dags/example_subdag_operator.py
[2024-05-27T02:33:01.994+0000] {processor.py:840} INFO - DAG(s) 'example_subdag_operator.section-1', 'example_subdag_operator.section-2', 'example_subdag_operator' retrieved from /home/airflow/.local/lib/python3.12/site-packages/airflow/example_dags/example_subdag_operator.py
[2024-05-27T02:33:02.001+0000] {logging_mixin.py:188} INFO - [2024-05-27T02:33:02.001+0000] {dag.py:3096} INFO - Sync 3 DAGs
[2024-05-27T02:33:02.010+0000] {logging_mixin.py:188} INFO - [2024-05-27T02:33:02.010+0000] {dag.py:3954} INFO - Setting next_dagrun for example_subdag_operator to 2022-01-01 00:00:00+00:00, run_after=2022-01-01 00:00:00+00:00
[2024-05-27T02:33:02.012+0000] {logging_mixin.py:188} INFO - [2024-05-27T02:33:02.012+0000] {dag.py:3954} INFO - Setting next_dagrun for example_subdag_operator.section-1 to None, run_after=None
[2024-05-27T02:33:02.012+0000] {logging_mixin.py:188} INFO - [2024-05-27T02:33:02.012+0000] {dag.py:3954} INFO - Setting next_dagrun for example_subdag_operator.section-2 to None, run_after=None
[2024-05-27T02:33:02.015+0000] {logging_mixin.py:188} INFO - [2024-05-27T02:33:02.015+0000] {dag.py:3096} INFO - Sync 2 DAGs
[2024-05-27T02:33:02.017+0000] {logging_mixin.py:188} INFO - [2024-05-27T02:33:02.017+0000] {dag.py:3954} INFO - Setting next_dagrun for example_subdag_operator.section-1 to None, run_after=None
[2024-05-27T02:33:02.018+0000] {logging_mixin.py:188} INFO - [2024-05-27T02:33:02.018+0000] {dag.py:3954} INFO - Setting next_dagrun for example_subdag_operator.section-2 to None, run_after=None
[2024-05-27T02:33:02.022+0000] {processor.py:183} INFO - Processing /home/airflow/.local/lib/python3.12/site-packages/airflow/example_dags/example_subdag_operator.py took 0.042 seconds
