[2024-05-27T02:31:31.480+0000] {processor.py:161} INFO - Started process (PID=64) to work on /home/airflow/.local/lib/python3.12/site-packages/airflow/example_dags/example_sensor_decorator.py
[2024-05-27T02:31:31.481+0000] {processor.py:830} INFO - Processing file /home/airflow/.local/lib/python3.12/site-packages/airflow/example_dags/example_sensor_decorator.py for tasks to queue
[2024-05-27T02:31:31.482+0000] {logging_mixin.py:188} INFO - [2024-05-27T02:31:31.482+0000] {dagbag.py:545} INFO - Filling up the DagBag from /home/airflow/.local/lib/python3.12/site-packages/airflow/example_dags/example_sensor_decorator.py
[2024-05-27T02:31:31.485+0000] {processor.py:840} INFO - DAG(s) 'example_sensor_decorator' retrieved from /home/airflow/.local/lib/python3.12/site-packages/airflow/example_dags/example_sensor_decorator.py
[2024-05-27T02:31:31.530+0000] {logging_mixin.py:188} INFO - [2024-05-27T02:31:31.529+0000] {override.py:1829} INFO - Created Permission View: can edit on DAG:example_sensor_decorator
[2024-05-27T02:31:31.533+0000] {logging_mixin.py:188} INFO - [2024-05-27T02:31:31.533+0000] {override.py:1829} INFO - Created Permission View: can delete on DAG:example_sensor_decorator
[2024-05-27T02:31:31.536+0000] {logging_mixin.py:188} INFO - [2024-05-27T02:31:31.536+0000] {override.py:1829} INFO - Created Permission View: can read on DAG:example_sensor_decorator
[2024-05-27T02:31:31.536+0000] {logging_mixin.py:188} INFO - [2024-05-27T02:31:31.536+0000] {dag.py:3096} INFO - Sync 1 DAGs
[2024-05-27T02:31:31.541+0000] {logging_mixin.py:188} INFO - [2024-05-27T02:31:31.541+0000] {dag.py:3118} INFO - Creating ORM DAG for example_sensor_decorator
[2024-05-27T02:31:31.541+0000] {logging_mixin.py:188} INFO - [2024-05-27T02:31:31.541+0000] {dag.py:3954} INFO - Setting next_dagrun for example_sensor_decorator to None, run_after=None
[2024-05-27T02:31:31.547+0000] {processor.py:183} INFO - Processing /home/airflow/.local/lib/python3.12/site-packages/airflow/example_dags/example_sensor_decorator.py took 0.069 seconds
[2024-05-27T02:32:01.740+0000] {processor.py:161} INFO - Started process (PID=122) to work on /home/airflow/.local/lib/python3.12/site-packages/airflow/example_dags/example_sensor_decorator.py
[2024-05-27T02:32:01.741+0000] {processor.py:830} INFO - Processing file /home/airflow/.local/lib/python3.12/site-packages/airflow/example_dags/example_sensor_decorator.py for tasks to queue
[2024-05-27T02:32:01.741+0000] {logging_mixin.py:188} INFO - [2024-05-27T02:32:01.741+0000] {dagbag.py:545} INFO - Filling up the DagBag from /home/airflow/.local/lib/python3.12/site-packages/airflow/example_dags/example_sensor_decorator.py
[2024-05-27T02:32:01.745+0000] {processor.py:840} INFO - DAG(s) 'example_sensor_decorator' retrieved from /home/airflow/.local/lib/python3.12/site-packages/airflow/example_dags/example_sensor_decorator.py
[2024-05-27T02:32:01.754+0000] {logging_mixin.py:188} INFO - [2024-05-27T02:32:01.754+0000] {dag.py:3096} INFO - Sync 1 DAGs
[2024-05-27T02:32:01.761+0000] {logging_mixin.py:188} INFO - [2024-05-27T02:32:01.760+0000] {dag.py:3954} INFO - Setting next_dagrun for example_sensor_decorator to None, run_after=None
[2024-05-27T02:32:01.768+0000] {processor.py:183} INFO - Processing /home/airflow/.local/lib/python3.12/site-packages/airflow/example_dags/example_sensor_decorator.py took 0.031 seconds
[2024-05-27T02:32:31.824+0000] {processor.py:161} INFO - Started process (PID=180) to work on /home/airflow/.local/lib/python3.12/site-packages/airflow/example_dags/example_sensor_decorator.py
[2024-05-27T02:32:31.825+0000] {processor.py:830} INFO - Processing file /home/airflow/.local/lib/python3.12/site-packages/airflow/example_dags/example_sensor_decorator.py for tasks to queue
[2024-05-27T02:32:31.826+0000] {logging_mixin.py:188} INFO - [2024-05-27T02:32:31.826+0000] {dagbag.py:545} INFO - Filling up the DagBag from /home/airflow/.local/lib/python3.12/site-packages/airflow/example_dags/example_sensor_decorator.py
[2024-05-27T02:32:31.829+0000] {processor.py:840} INFO - DAG(s) 'example_sensor_decorator' retrieved from /home/airflow/.local/lib/python3.12/site-packages/airflow/example_dags/example_sensor_decorator.py
[2024-05-27T02:32:31.836+0000] {logging_mixin.py:188} INFO - [2024-05-27T02:32:31.836+0000] {dag.py:3096} INFO - Sync 1 DAGs
[2024-05-27T02:32:31.840+0000] {logging_mixin.py:188} INFO - [2024-05-27T02:32:31.840+0000] {dag.py:3954} INFO - Setting next_dagrun for example_sensor_decorator to None, run_after=None
[2024-05-27T02:32:31.847+0000] {processor.py:183} INFO - Processing /home/airflow/.local/lib/python3.12/site-packages/airflow/example_dags/example_sensor_decorator.py took 0.025 seconds
[2024-05-27T02:33:02.351+0000] {processor.py:161} INFO - Started process (PID=238) to work on /home/airflow/.local/lib/python3.12/site-packages/airflow/example_dags/example_sensor_decorator.py
[2024-05-27T02:33:02.351+0000] {processor.py:830} INFO - Processing file /home/airflow/.local/lib/python3.12/site-packages/airflow/example_dags/example_sensor_decorator.py for tasks to queue
[2024-05-27T02:33:02.352+0000] {logging_mixin.py:188} INFO - [2024-05-27T02:33:02.352+0000] {dagbag.py:545} INFO - Filling up the DagBag from /home/airflow/.local/lib/python3.12/site-packages/airflow/example_dags/example_sensor_decorator.py
[2024-05-27T02:33:02.354+0000] {processor.py:840} INFO - DAG(s) 'example_sensor_decorator' retrieved from /home/airflow/.local/lib/python3.12/site-packages/airflow/example_dags/example_sensor_decorator.py
[2024-05-27T02:33:02.361+0000] {logging_mixin.py:188} INFO - [2024-05-27T02:33:02.361+0000] {dag.py:3096} INFO - Sync 1 DAGs
[2024-05-27T02:33:02.366+0000] {logging_mixin.py:188} INFO - [2024-05-27T02:33:02.365+0000] {dag.py:3954} INFO - Setting next_dagrun for example_sensor_decorator to None, run_after=None
[2024-05-27T02:33:02.372+0000] {processor.py:183} INFO - Processing /home/airflow/.local/lib/python3.12/site-packages/airflow/example_dags/example_sensor_decorator.py took 0.023 seconds
