[2024-05-27T02:31:30.407+0000] {processor.py:161} INFO - Started process (PID=48) to work on /home/airflow/.local/lib/python3.12/site-packages/airflow/example_dags/example_external_task_marker_dag.py
[2024-05-27T02:31:30.408+0000] {processor.py:830} INFO - Processing file /home/airflow/.local/lib/python3.12/site-packages/airflow/example_dags/example_external_task_marker_dag.py for tasks to queue
[2024-05-27T02:31:30.409+0000] {logging_mixin.py:188} INFO - [2024-05-27T02:31:30.409+0000] {dagbag.py:545} INFO - Filling up the DagBag from /home/airflow/.local/lib/python3.12/site-packages/airflow/example_dags/example_external_task_marker_dag.py
[2024-05-27T02:31:30.414+0000] {processor.py:840} INFO - DAG(s) 'example_external_task_marker_parent', 'example_external_task_marker_child' retrieved from /home/airflow/.local/lib/python3.12/site-packages/airflow/example_dags/example_external_task_marker_dag.py
[2024-05-27T02:31:30.469+0000] {logging_mixin.py:188} INFO - [2024-05-27T02:31:30.468+0000] {override.py:1829} INFO - Created Permission View: can edit on DAG:example_external_task_marker_parent
[2024-05-27T02:31:30.480+0000] {logging_mixin.py:188} INFO - [2024-05-27T02:31:30.480+0000] {override.py:1829} INFO - Created Permission View: can delete on DAG:example_external_task_marker_parent
[2024-05-27T02:31:30.488+0000] {logging_mixin.py:188} INFO - [2024-05-27T02:31:30.488+0000] {override.py:1829} INFO - Created Permission View: can read on DAG:example_external_task_marker_parent
[2024-05-27T02:31:30.497+0000] {logging_mixin.py:188} INFO - [2024-05-27T02:31:30.497+0000] {override.py:1829} INFO - Created Permission View: can edit on DAG:example_external_task_marker_child
[2024-05-27T02:31:30.499+0000] {logging_mixin.py:188} INFO - [2024-05-27T02:31:30.499+0000] {override.py:1829} INFO - Created Permission View: can delete on DAG:example_external_task_marker_child
[2024-05-27T02:31:30.501+0000] {logging_mixin.py:188} INFO - [2024-05-27T02:31:30.501+0000] {override.py:1829} INFO - Created Permission View: can read on DAG:example_external_task_marker_child
[2024-05-27T02:31:30.502+0000] {logging_mixin.py:188} INFO - [2024-05-27T02:31:30.502+0000] {dag.py:3096} INFO - Sync 2 DAGs
[2024-05-27T02:31:30.507+0000] {logging_mixin.py:188} INFO - [2024-05-27T02:31:30.507+0000] {dag.py:3118} INFO - Creating ORM DAG for example_external_task_marker_child
[2024-05-27T02:31:30.507+0000] {logging_mixin.py:188} INFO - [2024-05-27T02:31:30.507+0000] {dag.py:3118} INFO - Creating ORM DAG for example_external_task_marker_parent
[2024-05-27T02:31:30.507+0000] {logging_mixin.py:188} INFO - [2024-05-27T02:31:30.507+0000] {dag.py:3954} INFO - Setting next_dagrun for example_external_task_marker_child to None, run_after=None
[2024-05-27T02:31:30.508+0000] {logging_mixin.py:188} INFO - [2024-05-27T02:31:30.508+0000] {dag.py:3954} INFO - Setting next_dagrun for example_external_task_marker_parent to None, run_after=None
[2024-05-27T02:31:30.515+0000] {processor.py:183} INFO - Processing /home/airflow/.local/lib/python3.12/site-packages/airflow/example_dags/example_external_task_marker_dag.py took 0.112 seconds
[2024-05-27T02:32:01.275+0000] {processor.py:161} INFO - Started process (PID=106) to work on /home/airflow/.local/lib/python3.12/site-packages/airflow/example_dags/example_external_task_marker_dag.py
[2024-05-27T02:32:01.277+0000] {processor.py:830} INFO - Processing file /home/airflow/.local/lib/python3.12/site-packages/airflow/example_dags/example_external_task_marker_dag.py for tasks to queue
[2024-05-27T02:32:01.280+0000] {logging_mixin.py:188} INFO - [2024-05-27T02:32:01.280+0000] {dagbag.py:545} INFO - Filling up the DagBag from /home/airflow/.local/lib/python3.12/site-packages/airflow/example_dags/example_external_task_marker_dag.py
[2024-05-27T02:32:01.290+0000] {processor.py:840} INFO - DAG(s) 'example_external_task_marker_parent', 'example_external_task_marker_child' retrieved from /home/airflow/.local/lib/python3.12/site-packages/airflow/example_dags/example_external_task_marker_dag.py
[2024-05-27T02:32:01.350+0000] {logging_mixin.py:188} INFO - [2024-05-27T02:32:01.349+0000] {dag.py:3096} INFO - Sync 2 DAGs
[2024-05-27T02:32:01.362+0000] {logging_mixin.py:188} INFO - [2024-05-27T02:32:01.362+0000] {dag.py:3954} INFO - Setting next_dagrun for example_external_task_marker_child to None, run_after=None
[2024-05-27T02:32:01.365+0000] {logging_mixin.py:188} INFO - [2024-05-27T02:32:01.365+0000] {dag.py:3954} INFO - Setting next_dagrun for example_external_task_marker_parent to None, run_after=None
[2024-05-27T02:32:01.374+0000] {processor.py:183} INFO - Processing /home/airflow/.local/lib/python3.12/site-packages/airflow/example_dags/example_external_task_marker_dag.py took 0.113 seconds
[2024-05-27T02:32:31.435+0000] {processor.py:161} INFO - Started process (PID=164) to work on /home/airflow/.local/lib/python3.12/site-packages/airflow/example_dags/example_external_task_marker_dag.py
[2024-05-27T02:32:31.436+0000] {processor.py:830} INFO - Processing file /home/airflow/.local/lib/python3.12/site-packages/airflow/example_dags/example_external_task_marker_dag.py for tasks to queue
[2024-05-27T02:32:31.438+0000] {logging_mixin.py:188} INFO - [2024-05-27T02:32:31.437+0000] {dagbag.py:545} INFO - Filling up the DagBag from /home/airflow/.local/lib/python3.12/site-packages/airflow/example_dags/example_external_task_marker_dag.py
[2024-05-27T02:32:31.441+0000] {processor.py:840} INFO - DAG(s) 'example_external_task_marker_parent', 'example_external_task_marker_child' retrieved from /home/airflow/.local/lib/python3.12/site-packages/airflow/example_dags/example_external_task_marker_dag.py
[2024-05-27T02:32:31.509+0000] {logging_mixin.py:188} INFO - [2024-05-27T02:32:31.509+0000] {dag.py:3096} INFO - Sync 2 DAGs
[2024-05-27T02:32:31.516+0000] {logging_mixin.py:188} INFO - [2024-05-27T02:32:31.515+0000] {dag.py:3954} INFO - Setting next_dagrun for example_external_task_marker_child to None, run_after=None
[2024-05-27T02:32:31.517+0000] {logging_mixin.py:188} INFO - [2024-05-27T02:32:31.517+0000] {dag.py:3954} INFO - Setting next_dagrun for example_external_task_marker_parent to None, run_after=None
[2024-05-27T02:32:31.523+0000] {processor.py:183} INFO - Processing /home/airflow/.local/lib/python3.12/site-packages/airflow/example_dags/example_external_task_marker_dag.py took 0.091 seconds
[2024-05-27T02:33:02.050+0000] {processor.py:161} INFO - Started process (PID=222) to work on /home/airflow/.local/lib/python3.12/site-packages/airflow/example_dags/example_external_task_marker_dag.py
[2024-05-27T02:33:02.050+0000] {processor.py:830} INFO - Processing file /home/airflow/.local/lib/python3.12/site-packages/airflow/example_dags/example_external_task_marker_dag.py for tasks to queue
[2024-05-27T02:33:02.051+0000] {logging_mixin.py:188} INFO - [2024-05-27T02:33:02.051+0000] {dagbag.py:545} INFO - Filling up the DagBag from /home/airflow/.local/lib/python3.12/site-packages/airflow/example_dags/example_external_task_marker_dag.py
[2024-05-27T02:33:02.054+0000] {processor.py:840} INFO - DAG(s) 'example_external_task_marker_parent', 'example_external_task_marker_child' retrieved from /home/airflow/.local/lib/python3.12/site-packages/airflow/example_dags/example_external_task_marker_dag.py
[2024-05-27T02:33:02.065+0000] {logging_mixin.py:188} INFO - [2024-05-27T02:33:02.064+0000] {dag.py:3096} INFO - Sync 2 DAGs
[2024-05-27T02:33:02.071+0000] {logging_mixin.py:188} INFO - [2024-05-27T02:33:02.071+0000] {dag.py:3954} INFO - Setting next_dagrun for example_external_task_marker_child to None, run_after=None
[2024-05-27T02:33:02.072+0000] {logging_mixin.py:188} INFO - [2024-05-27T02:33:02.072+0000] {dag.py:3954} INFO - Setting next_dagrun for example_external_task_marker_parent to None, run_after=None
[2024-05-27T02:33:02.078+0000] {processor.py:183} INFO - Processing /home/airflow/.local/lib/python3.12/site-packages/airflow/example_dags/example_external_task_marker_dag.py took 0.031 seconds
