[2024-05-27T02:31:29.743+0000] {processor.py:161} INFO - Started process (PID=39) to work on /home/airflow/.local/lib/python3.12/site-packages/airflow/example_dags/example_bash_operator.py
[2024-05-27T02:31:29.744+0000] {processor.py:830} INFO - Processing file /home/airflow/.local/lib/python3.12/site-packages/airflow/example_dags/example_bash_operator.py for tasks to queue
[2024-05-27T02:31:29.746+0000] {logging_mixin.py:188} INFO - [2024-05-27T02:31:29.745+0000] {dagbag.py:545} INFO - Filling up the DagBag from /home/airflow/.local/lib/python3.12/site-packages/airflow/example_dags/example_bash_operator.py
[2024-05-27T02:31:29.755+0000] {processor.py:840} INFO - DAG(s) 'example_bash_operator' retrieved from /home/airflow/.local/lib/python3.12/site-packages/airflow/example_dags/example_bash_operator.py
[2024-05-27T02:31:29.814+0000] {logging_mixin.py:188} INFO - [2024-05-27T02:31:29.814+0000] {override.py:1829} INFO - Created Permission View: can edit on DAG:example_bash_operator
[2024-05-27T02:31:29.818+0000] {logging_mixin.py:188} INFO - [2024-05-27T02:31:29.818+0000] {override.py:1829} INFO - Created Permission View: can delete on DAG:example_bash_operator
[2024-05-27T02:31:29.821+0000] {logging_mixin.py:188} INFO - [2024-05-27T02:31:29.820+0000] {override.py:1829} INFO - Created Permission View: can read on DAG:example_bash_operator
[2024-05-27T02:31:29.821+0000] {logging_mixin.py:188} INFO - [2024-05-27T02:31:29.821+0000] {dag.py:3096} INFO - Sync 1 DAGs
[2024-05-27T02:31:29.835+0000] {logging_mixin.py:188} INFO - [2024-05-27T02:31:29.835+0000] {dag.py:3118} INFO - Creating ORM DAG for example_bash_operator
[2024-05-27T02:31:29.845+0000] {logging_mixin.py:188} INFO - [2024-05-27T02:31:29.845+0000] {dag.py:3954} INFO - Setting next_dagrun for example_bash_operator to 2024-05-26 00:00:00+00:00, run_after=2024-05-27 00:00:00+00:00
[2024-05-27T02:31:29.856+0000] {processor.py:183} INFO - Processing /home/airflow/.local/lib/python3.12/site-packages/airflow/example_dags/example_bash_operator.py took 0.117 seconds
[2024-05-27T02:32:00.807+0000] {processor.py:161} INFO - Started process (PID=97) to work on /home/airflow/.local/lib/python3.12/site-packages/airflow/example_dags/example_bash_operator.py
[2024-05-27T02:32:00.809+0000] {processor.py:830} INFO - Processing file /home/airflow/.local/lib/python3.12/site-packages/airflow/example_dags/example_bash_operator.py for tasks to queue
[2024-05-27T02:32:00.812+0000] {logging_mixin.py:188} INFO - [2024-05-27T02:32:00.811+0000] {dagbag.py:545} INFO - Filling up the DagBag from /home/airflow/.local/lib/python3.12/site-packages/airflow/example_dags/example_bash_operator.py
[2024-05-27T02:32:00.820+0000] {processor.py:840} INFO - DAG(s) 'example_bash_operator' retrieved from /home/airflow/.local/lib/python3.12/site-packages/airflow/example_dags/example_bash_operator.py
[2024-05-27T02:32:00.841+0000] {logging_mixin.py:188} INFO - [2024-05-27T02:32:00.841+0000] {dag.py:3096} INFO - Sync 1 DAGs
[2024-05-27T02:32:00.896+0000] {logging_mixin.py:188} INFO - [2024-05-27T02:32:00.895+0000] {dag.py:3954} INFO - Setting next_dagrun for example_bash_operator to 2024-05-26 00:00:00+00:00, run_after=2024-05-27 00:00:00+00:00
[2024-05-27T02:32:00.915+0000] {processor.py:183} INFO - Processing /home/airflow/.local/lib/python3.12/site-packages/airflow/example_dags/example_bash_operator.py took 0.114 seconds
[2024-05-27T02:32:31.218+0000] {processor.py:161} INFO - Started process (PID=155) to work on /home/airflow/.local/lib/python3.12/site-packages/airflow/example_dags/example_bash_operator.py
[2024-05-27T02:32:31.219+0000] {processor.py:830} INFO - Processing file /home/airflow/.local/lib/python3.12/site-packages/airflow/example_dags/example_bash_operator.py for tasks to queue
[2024-05-27T02:32:31.220+0000] {logging_mixin.py:188} INFO - [2024-05-27T02:32:31.220+0000] {dagbag.py:545} INFO - Filling up the DagBag from /home/airflow/.local/lib/python3.12/site-packages/airflow/example_dags/example_bash_operator.py
[2024-05-27T02:32:31.225+0000] {processor.py:840} INFO - DAG(s) 'example_bash_operator' retrieved from /home/airflow/.local/lib/python3.12/site-packages/airflow/example_dags/example_bash_operator.py
[2024-05-27T02:32:31.236+0000] {logging_mixin.py:188} INFO - [2024-05-27T02:32:31.236+0000] {dag.py:3096} INFO - Sync 1 DAGs
[2024-05-27T02:32:31.244+0000] {logging_mixin.py:188} INFO - [2024-05-27T02:32:31.244+0000] {dag.py:3954} INFO - Setting next_dagrun for example_bash_operator to 2024-05-26 00:00:00+00:00, run_after=2024-05-27 00:00:00+00:00
[2024-05-27T02:32:31.251+0000] {processor.py:183} INFO - Processing /home/airflow/.local/lib/python3.12/site-packages/airflow/example_dags/example_bash_operator.py took 0.037 seconds
[2024-05-27T02:33:01.828+0000] {processor.py:161} INFO - Started process (PID=213) to work on /home/airflow/.local/lib/python3.12/site-packages/airflow/example_dags/example_bash_operator.py
[2024-05-27T02:33:01.829+0000] {processor.py:830} INFO - Processing file /home/airflow/.local/lib/python3.12/site-packages/airflow/example_dags/example_bash_operator.py for tasks to queue
[2024-05-27T02:33:01.830+0000] {logging_mixin.py:188} INFO - [2024-05-27T02:33:01.830+0000] {dagbag.py:545} INFO - Filling up the DagBag from /home/airflow/.local/lib/python3.12/site-packages/airflow/example_dags/example_bash_operator.py
[2024-05-27T02:33:01.839+0000] {processor.py:840} INFO - DAG(s) 'example_bash_operator' retrieved from /home/airflow/.local/lib/python3.12/site-packages/airflow/example_dags/example_bash_operator.py
[2024-05-27T02:33:01.861+0000] {logging_mixin.py:188} INFO - [2024-05-27T02:33:01.861+0000] {dag.py:3096} INFO - Sync 1 DAGs
[2024-05-27T02:33:01.874+0000] {logging_mixin.py:188} INFO - [2024-05-27T02:33:01.874+0000] {dag.py:3954} INFO - Setting next_dagrun for example_bash_operator to 2024-05-26 00:00:00+00:00, run_after=2024-05-27 00:00:00+00:00
[2024-05-27T02:33:01.883+0000] {processor.py:183} INFO - Processing /home/airflow/.local/lib/python3.12/site-packages/airflow/example_dags/example_bash_operator.py took 0.063 seconds
[2024-05-27T02:33:32.461+0000] {processor.py:161} INFO - Started process (PID=271) to work on /home/airflow/.local/lib/python3.12/site-packages/airflow/example_dags/example_bash_operator.py
[2024-05-27T02:33:32.472+0000] {processor.py:830} INFO - Processing file /home/airflow/.local/lib/python3.12/site-packages/airflow/example_dags/example_bash_operator.py for tasks to queue
[2024-05-27T02:33:32.486+0000] {logging_mixin.py:188} INFO - [2024-05-27T02:33:32.485+0000] {dagbag.py:545} INFO - Filling up the DagBag from /home/airflow/.local/lib/python3.12/site-packages/airflow/example_dags/example_bash_operator.py
[2024-05-27T02:33:32.504+0000] {processor.py:840} INFO - DAG(s) 'example_bash_operator' retrieved from /home/airflow/.local/lib/python3.12/site-packages/airflow/example_dags/example_bash_operator.py
[2024-05-27T02:33:32.563+0000] {logging_mixin.py:188} INFO - [2024-05-27T02:33:32.562+0000] {dag.py:3096} INFO - Sync 1 DAGs
[2024-05-27T02:33:32.608+0000] {logging_mixin.py:188} INFO - [2024-05-27T02:33:32.607+0000] {dag.py:3954} INFO - Setting next_dagrun for example_bash_operator to 2024-05-26 00:00:00+00:00, run_after=2024-05-27 00:00:00+00:00
[2024-05-27T02:33:32.647+0000] {processor.py:183} INFO - Processing /home/airflow/.local/lib/python3.12/site-packages/airflow/example_dags/example_bash_operator.py took 0.192 seconds
