[2024-05-27T02:31:31.735+0000] {processor.py:161} INFO - Started process (PID=68) to work on /home/airflow/.local/lib/python3.12/site-packages/airflow/example_dags/example_branch_python_dop_operator_3.py
[2024-05-27T02:31:31.735+0000] {processor.py:830} INFO - Processing file /home/airflow/.local/lib/python3.12/site-packages/airflow/example_dags/example_branch_python_dop_operator_3.py for tasks to queue
[2024-05-27T02:31:31.736+0000] {logging_mixin.py:188} INFO - [2024-05-27T02:31:31.736+0000] {dagbag.py:545} INFO - Filling up the DagBag from /home/airflow/.local/lib/python3.12/site-packages/airflow/example_dags/example_branch_python_dop_operator_3.py
[2024-05-27T02:31:31.742+0000] {processor.py:840} INFO - DAG(s) 'example_branch_dop_operator_v3' retrieved from /home/airflow/.local/lib/python3.12/site-packages/airflow/example_dags/example_branch_python_dop_operator_3.py
[2024-05-27T02:31:31.789+0000] {logging_mixin.py:188} INFO - [2024-05-27T02:31:31.788+0000] {override.py:1829} INFO - Created Permission View: can edit on DAG:example_branch_dop_operator_v3
[2024-05-27T02:31:31.796+0000] {logging_mixin.py:188} INFO - [2024-05-27T02:31:31.796+0000] {override.py:1829} INFO - Created Permission View: can delete on DAG:example_branch_dop_operator_v3
[2024-05-27T02:31:31.800+0000] {logging_mixin.py:188} INFO - [2024-05-27T02:31:31.800+0000] {override.py:1829} INFO - Created Permission View: can read on DAG:example_branch_dop_operator_v3
[2024-05-27T02:31:31.800+0000] {logging_mixin.py:188} INFO - [2024-05-27T02:31:31.800+0000] {dag.py:3096} INFO - Sync 1 DAGs
[2024-05-27T02:31:31.805+0000] {logging_mixin.py:188} INFO - [2024-05-27T02:31:31.804+0000] {dag.py:3118} INFO - Creating ORM DAG for example_branch_dop_operator_v3
[2024-05-27T02:31:31.809+0000] {logging_mixin.py:188} INFO - [2024-05-27T02:31:31.809+0000] {dag.py:3954} INFO - Setting next_dagrun for example_branch_dop_operator_v3 to 2024-05-27 02:30:00+00:00, run_after=2024-05-27 02:31:00+00:00
[2024-05-27T02:31:31.815+0000] {processor.py:183} INFO - Processing /home/airflow/.local/lib/python3.12/site-packages/airflow/example_dags/example_branch_python_dop_operator_3.py took 0.084 seconds
[2024-05-27T02:32:01.945+0000] {processor.py:161} INFO - Started process (PID=126) to work on /home/airflow/.local/lib/python3.12/site-packages/airflow/example_dags/example_branch_python_dop_operator_3.py
[2024-05-27T02:32:01.946+0000] {processor.py:830} INFO - Processing file /home/airflow/.local/lib/python3.12/site-packages/airflow/example_dags/example_branch_python_dop_operator_3.py for tasks to queue
[2024-05-27T02:32:01.948+0000] {logging_mixin.py:188} INFO - [2024-05-27T02:32:01.947+0000] {dagbag.py:545} INFO - Filling up the DagBag from /home/airflow/.local/lib/python3.12/site-packages/airflow/example_dags/example_branch_python_dop_operator_3.py
[2024-05-27T02:32:01.956+0000] {processor.py:840} INFO - DAG(s) 'example_branch_dop_operator_v3' retrieved from /home/airflow/.local/lib/python3.12/site-packages/airflow/example_dags/example_branch_python_dop_operator_3.py
[2024-05-27T02:32:01.969+0000] {logging_mixin.py:188} INFO - [2024-05-27T02:32:01.969+0000] {dag.py:3096} INFO - Sync 1 DAGs
[2024-05-27T02:32:01.981+0000] {logging_mixin.py:188} INFO - [2024-05-27T02:32:01.981+0000] {dag.py:3954} INFO - Setting next_dagrun for example_branch_dop_operator_v3 to 2024-05-27 02:31:00+00:00, run_after=2024-05-27 02:32:00+00:00
[2024-05-27T02:32:01.990+0000] {processor.py:183} INFO - Processing /home/airflow/.local/lib/python3.12/site-packages/airflow/example_dags/example_branch_python_dop_operator_3.py took 0.050 seconds
[2024-05-27T02:32:32.981+0000] {processor.py:161} INFO - Started process (PID=184) to work on /home/airflow/.local/lib/python3.12/site-packages/airflow/example_dags/example_branch_python_dop_operator_3.py
[2024-05-27T02:32:32.981+0000] {processor.py:830} INFO - Processing file /home/airflow/.local/lib/python3.12/site-packages/airflow/example_dags/example_branch_python_dop_operator_3.py for tasks to queue
[2024-05-27T02:32:32.983+0000] {logging_mixin.py:188} INFO - [2024-05-27T02:32:32.983+0000] {dagbag.py:545} INFO - Filling up the DagBag from /home/airflow/.local/lib/python3.12/site-packages/airflow/example_dags/example_branch_python_dop_operator_3.py
[2024-05-27T02:32:32.992+0000] {processor.py:840} INFO - DAG(s) 'example_branch_dop_operator_v3' retrieved from /home/airflow/.local/lib/python3.12/site-packages/airflow/example_dags/example_branch_python_dop_operator_3.py
[2024-05-27T02:32:33.017+0000] {logging_mixin.py:188} INFO - [2024-05-27T02:32:33.016+0000] {dag.py:3096} INFO - Sync 1 DAGs
[2024-05-27T02:32:33.054+0000] {logging_mixin.py:188} INFO - [2024-05-27T02:32:33.054+0000] {dag.py:3954} INFO - Setting next_dagrun for example_branch_dop_operator_v3 to 2024-05-27 02:31:00+00:00, run_after=2024-05-27 02:32:00+00:00
[2024-05-27T02:32:33.066+0000] {processor.py:183} INFO - Processing /home/airflow/.local/lib/python3.12/site-packages/airflow/example_dags/example_branch_python_dop_operator_3.py took 0.091 seconds
[2024-05-27T02:33:03.463+0000] {processor.py:161} INFO - Started process (PID=242) to work on /home/airflow/.local/lib/python3.12/site-packages/airflow/example_dags/example_branch_python_dop_operator_3.py
[2024-05-27T02:33:03.464+0000] {processor.py:830} INFO - Processing file /home/airflow/.local/lib/python3.12/site-packages/airflow/example_dags/example_branch_python_dop_operator_3.py for tasks to queue
[2024-05-27T02:33:03.465+0000] {logging_mixin.py:188} INFO - [2024-05-27T02:33:03.464+0000] {dagbag.py:545} INFO - Filling up the DagBag from /home/airflow/.local/lib/python3.12/site-packages/airflow/example_dags/example_branch_python_dop_operator_3.py
[2024-05-27T02:33:03.469+0000] {processor.py:840} INFO - DAG(s) 'example_branch_dop_operator_v3' retrieved from /home/airflow/.local/lib/python3.12/site-packages/airflow/example_dags/example_branch_python_dop_operator_3.py
[2024-05-27T02:33:03.478+0000] {logging_mixin.py:188} INFO - [2024-05-27T02:33:03.478+0000] {dag.py:3096} INFO - Sync 1 DAGs
[2024-05-27T02:33:03.488+0000] {logging_mixin.py:188} INFO - [2024-05-27T02:33:03.488+0000] {dag.py:3954} INFO - Setting next_dagrun for example_branch_dop_operator_v3 to 2024-05-27 02:32:00+00:00, run_after=2024-05-27 02:33:00+00:00
[2024-05-27T02:33:03.496+0000] {processor.py:183} INFO - Processing /home/airflow/.local/lib/python3.12/site-packages/airflow/example_dags/example_branch_python_dop_operator_3.py took 0.036 seconds
