[2024-05-27T02:31:31.282+0000] {processor.py:161} INFO - Started process (PID=61) to work on /home/airflow/.local/lib/python3.12/site-packages/airflow/example_dags/example_branch_operator_decorator.py
[2024-05-27T02:31:31.282+0000] {processor.py:830} INFO - Processing file /home/airflow/.local/lib/python3.12/site-packages/airflow/example_dags/example_branch_operator_decorator.py for tasks to queue
[2024-05-27T02:31:31.283+0000] {logging_mixin.py:188} INFO - [2024-05-27T02:31:31.283+0000] {dagbag.py:545} INFO - Filling up the DagBag from /home/airflow/.local/lib/python3.12/site-packages/airflow/example_dags/example_branch_operator_decorator.py
[2024-05-27T02:31:31.296+0000] {processor.py:840} INFO - DAG(s) 'example_branch_python_operator_decorator' retrieved from /home/airflow/.local/lib/python3.12/site-packages/airflow/example_dags/example_branch_operator_decorator.py
[2024-05-27T02:31:31.428+0000] {logging_mixin.py:188} INFO - [2024-05-27T02:31:31.428+0000] {override.py:1829} INFO - Created Permission View: can edit on DAG:example_branch_python_operator_decorator
[2024-05-27T02:31:31.433+0000] {logging_mixin.py:188} INFO - [2024-05-27T02:31:31.433+0000] {override.py:1829} INFO - Created Permission View: can delete on DAG:example_branch_python_operator_decorator
[2024-05-27T02:31:31.435+0000] {logging_mixin.py:188} INFO - [2024-05-27T02:31:31.435+0000] {override.py:1829} INFO - Created Permission View: can read on DAG:example_branch_python_operator_decorator
[2024-05-27T02:31:31.435+0000] {logging_mixin.py:188} INFO - [2024-05-27T02:31:31.435+0000] {dag.py:3096} INFO - Sync 1 DAGs
[2024-05-27T02:31:31.440+0000] {logging_mixin.py:188} INFO - [2024-05-27T02:31:31.440+0000] {dag.py:3118} INFO - Creating ORM DAG for example_branch_python_operator_decorator
[2024-05-27T02:31:31.445+0000] {logging_mixin.py:188} INFO - [2024-05-27T02:31:31.445+0000] {dag.py:3954} INFO - Setting next_dagrun for example_branch_python_operator_decorator to 2024-05-26 00:00:00+00:00, run_after=2024-05-27 00:00:00+00:00
[2024-05-27T02:31:31.452+0000] {processor.py:183} INFO - Processing /home/airflow/.local/lib/python3.12/site-packages/airflow/example_dags/example_branch_operator_decorator.py took 0.173 seconds
[2024-05-27T02:32:01.657+0000] {processor.py:161} INFO - Started process (PID=119) to work on /home/airflow/.local/lib/python3.12/site-packages/airflow/example_dags/example_branch_operator_decorator.py
[2024-05-27T02:32:01.658+0000] {processor.py:830} INFO - Processing file /home/airflow/.local/lib/python3.12/site-packages/airflow/example_dags/example_branch_operator_decorator.py for tasks to queue
[2024-05-27T02:32:01.659+0000] {logging_mixin.py:188} INFO - [2024-05-27T02:32:01.658+0000] {dagbag.py:545} INFO - Filling up the DagBag from /home/airflow/.local/lib/python3.12/site-packages/airflow/example_dags/example_branch_operator_decorator.py
[2024-05-27T02:32:01.670+0000] {processor.py:840} INFO - DAG(s) 'example_branch_python_operator_decorator' retrieved from /home/airflow/.local/lib/python3.12/site-packages/airflow/example_dags/example_branch_operator_decorator.py
[2024-05-27T02:32:01.688+0000] {logging_mixin.py:188} INFO - [2024-05-27T02:32:01.688+0000] {dag.py:3096} INFO - Sync 1 DAGs
[2024-05-27T02:32:01.700+0000] {logging_mixin.py:188} INFO - [2024-05-27T02:32:01.700+0000] {dag.py:3954} INFO - Setting next_dagrun for example_branch_python_operator_decorator to 2024-05-26 00:00:00+00:00, run_after=2024-05-27 00:00:00+00:00
[2024-05-27T02:32:01.711+0000] {processor.py:183} INFO - Processing /home/airflow/.local/lib/python3.12/site-packages/airflow/example_dags/example_branch_operator_decorator.py took 0.057 seconds
[2024-05-27T02:32:31.778+0000] {processor.py:161} INFO - Started process (PID=177) to work on /home/airflow/.local/lib/python3.12/site-packages/airflow/example_dags/example_branch_operator_decorator.py
[2024-05-27T02:32:31.779+0000] {processor.py:830} INFO - Processing file /home/airflow/.local/lib/python3.12/site-packages/airflow/example_dags/example_branch_operator_decorator.py for tasks to queue
[2024-05-27T02:32:31.780+0000] {logging_mixin.py:188} INFO - [2024-05-27T02:32:31.780+0000] {dagbag.py:545} INFO - Filling up the DagBag from /home/airflow/.local/lib/python3.12/site-packages/airflow/example_dags/example_branch_operator_decorator.py
[2024-05-27T02:32:31.788+0000] {processor.py:840} INFO - DAG(s) 'example_branch_python_operator_decorator' retrieved from /home/airflow/.local/lib/python3.12/site-packages/airflow/example_dags/example_branch_operator_decorator.py
[2024-05-27T02:32:31.799+0000] {logging_mixin.py:188} INFO - [2024-05-27T02:32:31.799+0000] {dag.py:3096} INFO - Sync 1 DAGs
[2024-05-27T02:32:31.809+0000] {logging_mixin.py:188} INFO - [2024-05-27T02:32:31.809+0000] {dag.py:3954} INFO - Setting next_dagrun for example_branch_python_operator_decorator to 2024-05-26 00:00:00+00:00, run_after=2024-05-27 00:00:00+00:00
[2024-05-27T02:32:31.816+0000] {processor.py:183} INFO - Processing /home/airflow/.local/lib/python3.12/site-packages/airflow/example_dags/example_branch_operator_decorator.py took 0.040 seconds
[2024-05-27T02:33:02.300+0000] {processor.py:161} INFO - Started process (PID=235) to work on /home/airflow/.local/lib/python3.12/site-packages/airflow/example_dags/example_branch_operator_decorator.py
[2024-05-27T02:33:02.301+0000] {processor.py:830} INFO - Processing file /home/airflow/.local/lib/python3.12/site-packages/airflow/example_dags/example_branch_operator_decorator.py for tasks to queue
[2024-05-27T02:33:02.301+0000] {logging_mixin.py:188} INFO - [2024-05-27T02:33:02.301+0000] {dagbag.py:545} INFO - Filling up the DagBag from /home/airflow/.local/lib/python3.12/site-packages/airflow/example_dags/example_branch_operator_decorator.py
[2024-05-27T02:33:02.309+0000] {processor.py:840} INFO - DAG(s) 'example_branch_python_operator_decorator' retrieved from /home/airflow/.local/lib/python3.12/site-packages/airflow/example_dags/example_branch_operator_decorator.py
[2024-05-27T02:33:02.319+0000] {logging_mixin.py:188} INFO - [2024-05-27T02:33:02.319+0000] {dag.py:3096} INFO - Sync 1 DAGs
[2024-05-27T02:33:02.330+0000] {logging_mixin.py:188} INFO - [2024-05-27T02:33:02.329+0000] {dag.py:3954} INFO - Setting next_dagrun for example_branch_python_operator_decorator to 2024-05-26 00:00:00+00:00, run_after=2024-05-27 00:00:00+00:00
[2024-05-27T02:33:02.336+0000] {processor.py:183} INFO - Processing /home/airflow/.local/lib/python3.12/site-packages/airflow/example_dags/example_branch_operator_decorator.py took 0.038 seconds
