[2024-05-27T02:31:30.763+0000] {processor.py:161} INFO - Started process (PID=54) to work on /home/airflow/.local/lib/python3.12/site-packages/airflow/example_dags/example_skip_dag.py
[2024-05-27T02:31:30.764+0000] {processor.py:830} INFO - Processing file /home/airflow/.local/lib/python3.12/site-packages/airflow/example_dags/example_skip_dag.py for tasks to queue
[2024-05-27T02:31:30.765+0000] {logging_mixin.py:188} INFO - [2024-05-27T02:31:30.765+0000] {dagbag.py:545} INFO - Filling up the DagBag from /home/airflow/.local/lib/python3.12/site-packages/airflow/example_dags/example_skip_dag.py
[2024-05-27T02:31:30.769+0000] {processor.py:840} INFO - DAG(s) 'example_skip_dag' retrieved from /home/airflow/.local/lib/python3.12/site-packages/airflow/example_dags/example_skip_dag.py
[2024-05-27T02:31:30.832+0000] {logging_mixin.py:188} INFO - [2024-05-27T02:31:30.831+0000] {override.py:1829} INFO - Created Permission View: can edit on DAG:example_skip_dag
[2024-05-27T02:31:30.841+0000] {logging_mixin.py:188} INFO - [2024-05-27T02:31:30.841+0000] {override.py:1829} INFO - Created Permission View: can delete on DAG:example_skip_dag
[2024-05-27T02:31:30.846+0000] {logging_mixin.py:188} INFO - [2024-05-27T02:31:30.846+0000] {override.py:1829} INFO - Created Permission View: can read on DAG:example_skip_dag
[2024-05-27T02:31:30.847+0000] {logging_mixin.py:188} INFO - [2024-05-27T02:31:30.847+0000] {dag.py:3096} INFO - Sync 1 DAGs
[2024-05-27T02:31:30.853+0000] {logging_mixin.py:188} INFO - [2024-05-27T02:31:30.853+0000] {dag.py:3118} INFO - Creating ORM DAG for example_skip_dag
[2024-05-27T02:31:30.858+0000] {logging_mixin.py:188} INFO - [2024-05-27T02:31:30.858+0000] {dag.py:3954} INFO - Setting next_dagrun for example_skip_dag to 2024-05-26 00:00:00+00:00, run_after=2024-05-27 00:00:00+00:00
[2024-05-27T02:31:30.867+0000] {processor.py:183} INFO - Processing /home/airflow/.local/lib/python3.12/site-packages/airflow/example_dags/example_skip_dag.py took 0.106 seconds
[2024-05-27T02:32:01.492+0000] {processor.py:161} INFO - Started process (PID=112) to work on /home/airflow/.local/lib/python3.12/site-packages/airflow/example_dags/example_skip_dag.py
[2024-05-27T02:32:01.493+0000] {processor.py:830} INFO - Processing file /home/airflow/.local/lib/python3.12/site-packages/airflow/example_dags/example_skip_dag.py for tasks to queue
[2024-05-27T02:32:01.495+0000] {logging_mixin.py:188} INFO - [2024-05-27T02:32:01.495+0000] {dagbag.py:545} INFO - Filling up the DagBag from /home/airflow/.local/lib/python3.12/site-packages/airflow/example_dags/example_skip_dag.py
[2024-05-27T02:32:01.501+0000] {processor.py:840} INFO - DAG(s) 'example_skip_dag' retrieved from /home/airflow/.local/lib/python3.12/site-packages/airflow/example_dags/example_skip_dag.py
[2024-05-27T02:32:01.512+0000] {logging_mixin.py:188} INFO - [2024-05-27T02:32:01.511+0000] {dag.py:3096} INFO - Sync 1 DAGs
[2024-05-27T02:32:01.522+0000] {logging_mixin.py:188} INFO - [2024-05-27T02:32:01.522+0000] {dag.py:3954} INFO - Setting next_dagrun for example_skip_dag to 2024-05-26 00:00:00+00:00, run_after=2024-05-27 00:00:00+00:00
[2024-05-27T02:32:01.530+0000] {processor.py:183} INFO - Processing /home/airflow/.local/lib/python3.12/site-packages/airflow/example_dags/example_skip_dag.py took 0.040 seconds
[2024-05-27T02:32:31.618+0000] {processor.py:161} INFO - Started process (PID=170) to work on /home/airflow/.local/lib/python3.12/site-packages/airflow/example_dags/example_skip_dag.py
[2024-05-27T02:32:31.619+0000] {processor.py:830} INFO - Processing file /home/airflow/.local/lib/python3.12/site-packages/airflow/example_dags/example_skip_dag.py for tasks to queue
[2024-05-27T02:32:31.619+0000] {logging_mixin.py:188} INFO - [2024-05-27T02:32:31.619+0000] {dagbag.py:545} INFO - Filling up the DagBag from /home/airflow/.local/lib/python3.12/site-packages/airflow/example_dags/example_skip_dag.py
[2024-05-27T02:32:31.622+0000] {processor.py:840} INFO - DAG(s) 'example_skip_dag' retrieved from /home/airflow/.local/lib/python3.12/site-packages/airflow/example_dags/example_skip_dag.py
[2024-05-27T02:32:31.630+0000] {logging_mixin.py:188} INFO - [2024-05-27T02:32:31.630+0000] {dag.py:3096} INFO - Sync 1 DAGs
[2024-05-27T02:32:31.638+0000] {logging_mixin.py:188} INFO - [2024-05-27T02:32:31.638+0000] {dag.py:3954} INFO - Setting next_dagrun for example_skip_dag to 2024-05-26 00:00:00+00:00, run_after=2024-05-27 00:00:00+00:00
[2024-05-27T02:32:31.644+0000] {processor.py:183} INFO - Processing /home/airflow/.local/lib/python3.12/site-packages/airflow/example_dags/example_skip_dag.py took 0.029 seconds
[2024-05-27T02:33:02.165+0000] {processor.py:161} INFO - Started process (PID=228) to work on /home/airflow/.local/lib/python3.12/site-packages/airflow/example_dags/example_skip_dag.py
[2024-05-27T02:33:02.166+0000] {processor.py:830} INFO - Processing file /home/airflow/.local/lib/python3.12/site-packages/airflow/example_dags/example_skip_dag.py for tasks to queue
[2024-05-27T02:33:02.167+0000] {logging_mixin.py:188} INFO - [2024-05-27T02:33:02.166+0000] {dagbag.py:545} INFO - Filling up the DagBag from /home/airflow/.local/lib/python3.12/site-packages/airflow/example_dags/example_skip_dag.py
[2024-05-27T02:33:02.169+0000] {processor.py:840} INFO - DAG(s) 'example_skip_dag' retrieved from /home/airflow/.local/lib/python3.12/site-packages/airflow/example_dags/example_skip_dag.py
[2024-05-27T02:33:02.177+0000] {logging_mixin.py:188} INFO - [2024-05-27T02:33:02.177+0000] {dag.py:3096} INFO - Sync 1 DAGs
[2024-05-27T02:33:02.184+0000] {logging_mixin.py:188} INFO - [2024-05-27T02:33:02.184+0000] {dag.py:3954} INFO - Setting next_dagrun for example_skip_dag to 2024-05-26 00:00:00+00:00, run_after=2024-05-27 00:00:00+00:00
[2024-05-27T02:33:02.190+0000] {processor.py:183} INFO - Processing /home/airflow/.local/lib/python3.12/site-packages/airflow/example_dags/example_skip_dag.py took 0.027 seconds
