[2024-05-27T02:31:31.559+0000] {processor.py:161} INFO - Started process (PID=66) to work on /home/airflow/.local/lib/python3.12/site-packages/airflow/example_dags/example_branch_day_of_week_operator.py
[2024-05-27T02:31:31.559+0000] {processor.py:830} INFO - Processing file /home/airflow/.local/lib/python3.12/site-packages/airflow/example_dags/example_branch_day_of_week_operator.py for tasks to queue
[2024-05-27T02:31:31.560+0000] {logging_mixin.py:188} INFO - [2024-05-27T02:31:31.560+0000] {dagbag.py:545} INFO - Filling up the DagBag from /home/airflow/.local/lib/python3.12/site-packages/airflow/example_dags/example_branch_day_of_week_operator.py
[2024-05-27T02:31:31.564+0000] {processor.py:840} INFO - DAG(s) 'example_weekday_branch_operator' retrieved from /home/airflow/.local/lib/python3.12/site-packages/airflow/example_dags/example_branch_day_of_week_operator.py
[2024-05-27T02:31:31.607+0000] {logging_mixin.py:188} INFO - [2024-05-27T02:31:31.606+0000] {override.py:1829} INFO - Created Permission View: can edit on DAG:example_weekday_branch_operator
[2024-05-27T02:31:31.609+0000] {logging_mixin.py:188} INFO - [2024-05-27T02:31:31.609+0000] {override.py:1829} INFO - Created Permission View: can delete on DAG:example_weekday_branch_operator
[2024-05-27T02:31:31.611+0000] {logging_mixin.py:188} INFO - [2024-05-27T02:31:31.611+0000] {override.py:1829} INFO - Created Permission View: can read on DAG:example_weekday_branch_operator
[2024-05-27T02:31:31.611+0000] {logging_mixin.py:188} INFO - [2024-05-27T02:31:31.611+0000] {dag.py:3096} INFO - Sync 1 DAGs
[2024-05-27T02:31:31.615+0000] {logging_mixin.py:188} INFO - [2024-05-27T02:31:31.615+0000] {dag.py:3118} INFO - Creating ORM DAG for example_weekday_branch_operator
[2024-05-27T02:31:31.620+0000] {logging_mixin.py:188} INFO - [2024-05-27T02:31:31.619+0000] {dag.py:3954} INFO - Setting next_dagrun for example_weekday_branch_operator to 2024-05-26 00:00:00+00:00, run_after=2024-05-27 00:00:00+00:00
[2024-05-27T02:31:31.626+0000] {processor.py:183} INFO - Processing /home/airflow/.local/lib/python3.12/site-packages/airflow/example_dags/example_branch_day_of_week_operator.py took 0.069 seconds
[2024-05-27T02:32:01.769+0000] {processor.py:161} INFO - Started process (PID=123) to work on /home/airflow/.local/lib/python3.12/site-packages/airflow/example_dags/example_branch_day_of_week_operator.py
[2024-05-27T02:32:01.769+0000] {processor.py:830} INFO - Processing file /home/airflow/.local/lib/python3.12/site-packages/airflow/example_dags/example_branch_day_of_week_operator.py for tasks to queue
[2024-05-27T02:32:01.770+0000] {logging_mixin.py:188} INFO - [2024-05-27T02:32:01.770+0000] {dagbag.py:545} INFO - Filling up the DagBag from /home/airflow/.local/lib/python3.12/site-packages/airflow/example_dags/example_branch_day_of_week_operator.py
[2024-05-27T02:32:01.774+0000] {processor.py:840} INFO - DAG(s) 'example_weekday_branch_operator' retrieved from /home/airflow/.local/lib/python3.12/site-packages/airflow/example_dags/example_branch_day_of_week_operator.py
[2024-05-27T02:32:01.785+0000] {logging_mixin.py:188} INFO - [2024-05-27T02:32:01.784+0000] {dag.py:3096} INFO - Sync 1 DAGs
[2024-05-27T02:32:01.795+0000] {logging_mixin.py:188} INFO - [2024-05-27T02:32:01.795+0000] {dag.py:3954} INFO - Setting next_dagrun for example_weekday_branch_operator to 2024-05-26 00:00:00+00:00, run_after=2024-05-27 00:00:00+00:00
[2024-05-27T02:32:01.804+0000] {processor.py:183} INFO - Processing /home/airflow/.local/lib/python3.12/site-packages/airflow/example_dags/example_branch_day_of_week_operator.py took 0.038 seconds
[2024-05-27T02:32:31.855+0000] {processor.py:161} INFO - Started process (PID=181) to work on /home/airflow/.local/lib/python3.12/site-packages/airflow/example_dags/example_branch_day_of_week_operator.py
[2024-05-27T02:32:31.856+0000] {processor.py:830} INFO - Processing file /home/airflow/.local/lib/python3.12/site-packages/airflow/example_dags/example_branch_day_of_week_operator.py for tasks to queue
[2024-05-27T02:32:31.857+0000] {logging_mixin.py:188} INFO - [2024-05-27T02:32:31.857+0000] {dagbag.py:545} INFO - Filling up the DagBag from /home/airflow/.local/lib/python3.12/site-packages/airflow/example_dags/example_branch_day_of_week_operator.py
[2024-05-27T02:32:31.860+0000] {processor.py:840} INFO - DAG(s) 'example_weekday_branch_operator' retrieved from /home/airflow/.local/lib/python3.12/site-packages/airflow/example_dags/example_branch_day_of_week_operator.py
[2024-05-27T02:32:31.868+0000] {logging_mixin.py:188} INFO - [2024-05-27T02:32:31.868+0000] {dag.py:3096} INFO - Sync 1 DAGs
[2024-05-27T02:32:31.876+0000] {logging_mixin.py:188} INFO - [2024-05-27T02:32:31.876+0000] {dag.py:3954} INFO - Setting next_dagrun for example_weekday_branch_operator to 2024-05-26 00:00:00+00:00, run_after=2024-05-27 00:00:00+00:00
[2024-05-27T02:32:31.882+0000] {processor.py:183} INFO - Processing /home/airflow/.local/lib/python3.12/site-packages/airflow/example_dags/example_branch_day_of_week_operator.py took 0.029 seconds
[2024-05-27T02:33:02.380+0000] {processor.py:161} INFO - Started process (PID=239) to work on /home/airflow/.local/lib/python3.12/site-packages/airflow/example_dags/example_branch_day_of_week_operator.py
[2024-05-27T02:33:02.380+0000] {processor.py:830} INFO - Processing file /home/airflow/.local/lib/python3.12/site-packages/airflow/example_dags/example_branch_day_of_week_operator.py for tasks to queue
[2024-05-27T02:33:02.381+0000] {logging_mixin.py:188} INFO - [2024-05-27T02:33:02.381+0000] {dagbag.py:545} INFO - Filling up the DagBag from /home/airflow/.local/lib/python3.12/site-packages/airflow/example_dags/example_branch_day_of_week_operator.py
[2024-05-27T02:33:02.384+0000] {processor.py:840} INFO - DAG(s) 'example_weekday_branch_operator' retrieved from /home/airflow/.local/lib/python3.12/site-packages/airflow/example_dags/example_branch_day_of_week_operator.py
[2024-05-27T02:33:02.391+0000] {logging_mixin.py:188} INFO - [2024-05-27T02:33:02.391+0000] {dag.py:3096} INFO - Sync 1 DAGs
[2024-05-27T02:33:02.399+0000] {logging_mixin.py:188} INFO - [2024-05-27T02:33:02.399+0000] {dag.py:3954} INFO - Setting next_dagrun for example_weekday_branch_operator to 2024-05-26 00:00:00+00:00, run_after=2024-05-27 00:00:00+00:00
[2024-05-27T02:33:02.404+0000] {processor.py:183} INFO - Processing /home/airflow/.local/lib/python3.12/site-packages/airflow/example_dags/example_branch_day_of_week_operator.py took 0.026 seconds
