[2024-05-27T02:31:31.157+0000] {processor.py:161} INFO - Started process (PID=60) to work on /home/airflow/.local/lib/python3.12/site-packages/airflow/example_dags/example_sla_dag.py
[2024-05-27T02:31:31.161+0000] {processor.py:830} INFO - Processing file /home/airflow/.local/lib/python3.12/site-packages/airflow/example_dags/example_sla_dag.py for tasks to queue
[2024-05-27T02:31:31.163+0000] {logging_mixin.py:188} INFO - [2024-05-27T02:31:31.163+0000] {dagbag.py:545} INFO - Filling up the DagBag from /home/airflow/.local/lib/python3.12/site-packages/airflow/example_dags/example_sla_dag.py
[2024-05-27T02:31:31.169+0000] {processor.py:840} INFO - DAG(s) 'example_sla_dag' retrieved from /home/airflow/.local/lib/python3.12/site-packages/airflow/example_dags/example_sla_dag.py
[2024-05-27T02:31:31.259+0000] {logging_mixin.py:188} INFO - [2024-05-27T02:31:31.258+0000] {override.py:1829} INFO - Created Permission View: can edit on DAG:example_sla_dag
[2024-05-27T02:31:31.263+0000] {logging_mixin.py:188} INFO - [2024-05-27T02:31:31.263+0000] {override.py:1829} INFO - Created Permission View: can delete on DAG:example_sla_dag
[2024-05-27T02:31:31.267+0000] {logging_mixin.py:188} INFO - [2024-05-27T02:31:31.267+0000] {override.py:1829} INFO - Created Permission View: can read on DAG:example_sla_dag
[2024-05-27T02:31:31.267+0000] {logging_mixin.py:188} INFO - [2024-05-27T02:31:31.267+0000] {dag.py:3096} INFO - Sync 1 DAGs
[2024-05-27T02:31:31.277+0000] {logging_mixin.py:188} INFO - [2024-05-27T02:31:31.277+0000] {dag.py:3118} INFO - Creating ORM DAG for example_sla_dag
[2024-05-27T02:31:31.283+0000] {logging_mixin.py:188} INFO - [2024-05-27T02:31:31.283+0000] {dag.py:3954} INFO - Setting next_dagrun for example_sla_dag to 2024-05-27 02:28:00+00:00, run_after=2024-05-27 02:30:00+00:00
[2024-05-27T02:31:31.295+0000] {processor.py:183} INFO - Processing /home/airflow/.local/lib/python3.12/site-packages/airflow/example_dags/example_sla_dag.py took 0.142 seconds
[2024-05-27T02:32:01.642+0000] {processor.py:161} INFO - Started process (PID=118) to work on /home/airflow/.local/lib/python3.12/site-packages/airflow/example_dags/example_sla_dag.py
[2024-05-27T02:32:01.643+0000] {processor.py:830} INFO - Processing file /home/airflow/.local/lib/python3.12/site-packages/airflow/example_dags/example_sla_dag.py for tasks to queue
[2024-05-27T02:32:01.644+0000] {logging_mixin.py:188} INFO - [2024-05-27T02:32:01.644+0000] {dagbag.py:545} INFO - Filling up the DagBag from /home/airflow/.local/lib/python3.12/site-packages/airflow/example_dags/example_sla_dag.py
[2024-05-27T02:32:01.650+0000] {processor.py:840} INFO - DAG(s) 'example_sla_dag' retrieved from /home/airflow/.local/lib/python3.12/site-packages/airflow/example_dags/example_sla_dag.py
[2024-05-27T02:32:01.659+0000] {logging_mixin.py:188} INFO - [2024-05-27T02:32:01.659+0000] {dag.py:3096} INFO - Sync 1 DAGs
[2024-05-27T02:32:01.675+0000] {logging_mixin.py:188} INFO - [2024-05-27T02:32:01.674+0000] {dag.py:3954} INFO - Setting next_dagrun for example_sla_dag to 2024-05-27 02:30:00+00:00, run_after=2024-05-27 02:32:00+00:00
[2024-05-27T02:32:01.685+0000] {processor.py:183} INFO - Processing /home/airflow/.local/lib/python3.12/site-packages/airflow/example_dags/example_sla_dag.py took 0.046 seconds
[2024-05-27T02:32:31.749+0000] {processor.py:161} INFO - Started process (PID=176) to work on /home/airflow/.local/lib/python3.12/site-packages/airflow/example_dags/example_sla_dag.py
[2024-05-27T02:32:31.749+0000] {processor.py:830} INFO - Processing file /home/airflow/.local/lib/python3.12/site-packages/airflow/example_dags/example_sla_dag.py for tasks to queue
[2024-05-27T02:32:31.750+0000] {logging_mixin.py:188} INFO - [2024-05-27T02:32:31.750+0000] {dagbag.py:545} INFO - Filling up the DagBag from /home/airflow/.local/lib/python3.12/site-packages/airflow/example_dags/example_sla_dag.py
[2024-05-27T02:32:31.754+0000] {processor.py:840} INFO - DAG(s) 'example_sla_dag' retrieved from /home/airflow/.local/lib/python3.12/site-packages/airflow/example_dags/example_sla_dag.py
[2024-05-27T02:32:31.762+0000] {logging_mixin.py:188} INFO - [2024-05-27T02:32:31.761+0000] {dag.py:3096} INFO - Sync 1 DAGs
[2024-05-27T02:32:31.770+0000] {logging_mixin.py:188} INFO - [2024-05-27T02:32:31.770+0000] {dag.py:3954} INFO - Setting next_dagrun for example_sla_dag to 2024-05-27 02:30:00+00:00, run_after=2024-05-27 02:32:00+00:00
[2024-05-27T02:32:31.777+0000] {processor.py:183} INFO - Processing /home/airflow/.local/lib/python3.12/site-packages/airflow/example_dags/example_sla_dag.py took 0.030 seconds
[2024-05-27T02:33:02.281+0000] {processor.py:161} INFO - Started process (PID=234) to work on /home/airflow/.local/lib/python3.12/site-packages/airflow/example_dags/example_sla_dag.py
[2024-05-27T02:33:02.281+0000] {processor.py:830} INFO - Processing file /home/airflow/.local/lib/python3.12/site-packages/airflow/example_dags/example_sla_dag.py for tasks to queue
[2024-05-27T02:33:02.282+0000] {logging_mixin.py:188} INFO - [2024-05-27T02:33:02.281+0000] {dagbag.py:545} INFO - Filling up the DagBag from /home/airflow/.local/lib/python3.12/site-packages/airflow/example_dags/example_sla_dag.py
[2024-05-27T02:33:02.285+0000] {processor.py:840} INFO - DAG(s) 'example_sla_dag' retrieved from /home/airflow/.local/lib/python3.12/site-packages/airflow/example_dags/example_sla_dag.py
[2024-05-27T02:33:02.293+0000] {logging_mixin.py:188} INFO - [2024-05-27T02:33:02.293+0000] {dag.py:3096} INFO - Sync 1 DAGs
[2024-05-27T02:33:02.301+0000] {logging_mixin.py:188} INFO - [2024-05-27T02:33:02.301+0000] {dag.py:3954} INFO - Setting next_dagrun for example_sla_dag to 2024-05-27 02:30:00+00:00, run_after=2024-05-27 02:32:00+00:00
[2024-05-27T02:33:02.307+0000] {processor.py:183} INFO - Processing /home/airflow/.local/lib/python3.12/site-packages/airflow/example_dags/example_sla_dag.py took 0.029 seconds
