[2024-05-27T02:31:29.413+0000] {processor.py:161} INFO - Started process (PID=33) to work on /home/airflow/.local/lib/python3.12/site-packages/airflow/example_dags/example_local_kubernetes_executor.py
[2024-05-27T02:31:29.414+0000] {processor.py:830} INFO - Processing file /home/airflow/.local/lib/python3.12/site-packages/airflow/example_dags/example_local_kubernetes_executor.py for tasks to queue
[2024-05-27T02:31:29.414+0000] {logging_mixin.py:188} INFO - [2024-05-27T02:31:29.414+0000] {dagbag.py:545} INFO - Filling up the DagBag from /home/airflow/.local/lib/python3.12/site-packages/airflow/example_dags/example_local_kubernetes_executor.py
[2024-05-27T02:31:29.419+0000] {processor.py:840} INFO - DAG(s) 'example_local_kubernetes_executor' retrieved from /home/airflow/.local/lib/python3.12/site-packages/airflow/example_dags/example_local_kubernetes_executor.py
[2024-05-27T02:31:29.473+0000] {logging_mixin.py:188} INFO - [2024-05-27T02:31:29.473+0000] {override.py:1829} INFO - Created Permission View: can edit on DAG:example_local_kubernetes_executor
[2024-05-27T02:31:29.477+0000] {logging_mixin.py:188} INFO - [2024-05-27T02:31:29.477+0000] {override.py:1829} INFO - Created Permission View: can delete on DAG:example_local_kubernetes_executor
[2024-05-27T02:31:29.479+0000] {logging_mixin.py:188} INFO - [2024-05-27T02:31:29.479+0000] {override.py:1829} INFO - Created Permission View: can read on DAG:example_local_kubernetes_executor
[2024-05-27T02:31:29.480+0000] {logging_mixin.py:188} INFO - [2024-05-27T02:31:29.480+0000] {dag.py:3096} INFO - Sync 1 DAGs
[2024-05-27T02:31:29.485+0000] {logging_mixin.py:188} INFO - [2024-05-27T02:31:29.485+0000] {dag.py:3118} INFO - Creating ORM DAG for example_local_kubernetes_executor
[2024-05-27T02:31:29.485+0000] {logging_mixin.py:188} INFO - [2024-05-27T02:31:29.485+0000] {dag.py:3954} INFO - Setting next_dagrun for example_local_kubernetes_executor to None, run_after=None
[2024-05-27T02:31:29.495+0000] {processor.py:183} INFO - Processing /home/airflow/.local/lib/python3.12/site-packages/airflow/example_dags/example_local_kubernetes_executor.py took 0.084 seconds
[2024-05-27T02:31:59.666+0000] {processor.py:161} INFO - Started process (PID=92) to work on /home/airflow/.local/lib/python3.12/site-packages/airflow/example_dags/example_local_kubernetes_executor.py
[2024-05-27T02:31:59.667+0000] {processor.py:830} INFO - Processing file /home/airflow/.local/lib/python3.12/site-packages/airflow/example_dags/example_local_kubernetes_executor.py for tasks to queue
[2024-05-27T02:31:59.668+0000] {logging_mixin.py:188} INFO - [2024-05-27T02:31:59.668+0000] {dagbag.py:545} INFO - Filling up the DagBag from /home/airflow/.local/lib/python3.12/site-packages/airflow/example_dags/example_local_kubernetes_executor.py
[2024-05-27T02:31:59.671+0000] {processor.py:840} INFO - DAG(s) 'example_local_kubernetes_executor' retrieved from /home/airflow/.local/lib/python3.12/site-packages/airflow/example_dags/example_local_kubernetes_executor.py
[2024-05-27T02:31:59.687+0000] {logging_mixin.py:188} INFO - [2024-05-27T02:31:59.686+0000] {dag.py:3096} INFO - Sync 1 DAGs
[2024-05-27T02:31:59.691+0000] {logging_mixin.py:188} INFO - [2024-05-27T02:31:59.691+0000] {dag.py:3954} INFO - Setting next_dagrun for example_local_kubernetes_executor to None, run_after=None
[2024-05-27T02:31:59.698+0000] {processor.py:183} INFO - Processing /home/airflow/.local/lib/python3.12/site-packages/airflow/example_dags/example_local_kubernetes_executor.py took 0.034 seconds
[2024-05-27T02:32:29.907+0000] {processor.py:161} INFO - Started process (PID=149) to work on /home/airflow/.local/lib/python3.12/site-packages/airflow/example_dags/example_local_kubernetes_executor.py
[2024-05-27T02:32:29.908+0000] {processor.py:830} INFO - Processing file /home/airflow/.local/lib/python3.12/site-packages/airflow/example_dags/example_local_kubernetes_executor.py for tasks to queue
[2024-05-27T02:32:29.909+0000] {logging_mixin.py:188} INFO - [2024-05-27T02:32:29.909+0000] {dagbag.py:545} INFO - Filling up the DagBag from /home/airflow/.local/lib/python3.12/site-packages/airflow/example_dags/example_local_kubernetes_executor.py
[2024-05-27T02:32:29.918+0000] {processor.py:840} INFO - DAG(s) 'example_local_kubernetes_executor' retrieved from /home/airflow/.local/lib/python3.12/site-packages/airflow/example_dags/example_local_kubernetes_executor.py
[2024-05-27T02:32:29.947+0000] {logging_mixin.py:188} INFO - [2024-05-27T02:32:29.946+0000] {dag.py:3096} INFO - Sync 1 DAGs
[2024-05-27T02:32:29.954+0000] {logging_mixin.py:188} INFO - [2024-05-27T02:32:29.953+0000] {dag.py:3954} INFO - Setting next_dagrun for example_local_kubernetes_executor to None, run_after=None
[2024-05-27T02:32:29.965+0000] {processor.py:183} INFO - Processing /home/airflow/.local/lib/python3.12/site-packages/airflow/example_dags/example_local_kubernetes_executor.py took 0.061 seconds
[2024-05-27T02:33:00.670+0000] {processor.py:161} INFO - Started process (PID=207) to work on /home/airflow/.local/lib/python3.12/site-packages/airflow/example_dags/example_local_kubernetes_executor.py
[2024-05-27T02:33:00.671+0000] {processor.py:830} INFO - Processing file /home/airflow/.local/lib/python3.12/site-packages/airflow/example_dags/example_local_kubernetes_executor.py for tasks to queue
[2024-05-27T02:33:00.672+0000] {logging_mixin.py:188} INFO - [2024-05-27T02:33:00.671+0000] {dagbag.py:545} INFO - Filling up the DagBag from /home/airflow/.local/lib/python3.12/site-packages/airflow/example_dags/example_local_kubernetes_executor.py
[2024-05-27T02:33:00.678+0000] {processor.py:840} INFO - DAG(s) 'example_local_kubernetes_executor' retrieved from /home/airflow/.local/lib/python3.12/site-packages/airflow/example_dags/example_local_kubernetes_executor.py
[2024-05-27T02:33:00.699+0000] {logging_mixin.py:188} INFO - [2024-05-27T02:33:00.698+0000] {dag.py:3096} INFO - Sync 1 DAGs
[2024-05-27T02:33:00.704+0000] {logging_mixin.py:188} INFO - [2024-05-27T02:33:00.704+0000] {dag.py:3954} INFO - Setting next_dagrun for example_local_kubernetes_executor to None, run_after=None
[2024-05-27T02:33:00.711+0000] {processor.py:183} INFO - Processing /home/airflow/.local/lib/python3.12/site-packages/airflow/example_dags/example_local_kubernetes_executor.py took 0.044 seconds
[2024-05-27T02:33:31.183+0000] {processor.py:161} INFO - Started process (PID=265) to work on /home/airflow/.local/lib/python3.12/site-packages/airflow/example_dags/example_local_kubernetes_executor.py
[2024-05-27T02:33:31.184+0000] {processor.py:830} INFO - Processing file /home/airflow/.local/lib/python3.12/site-packages/airflow/example_dags/example_local_kubernetes_executor.py for tasks to queue
[2024-05-27T02:33:31.184+0000] {logging_mixin.py:188} INFO - [2024-05-27T02:33:31.184+0000] {dagbag.py:545} INFO - Filling up the DagBag from /home/airflow/.local/lib/python3.12/site-packages/airflow/example_dags/example_local_kubernetes_executor.py
[2024-05-27T02:33:31.189+0000] {processor.py:840} INFO - DAG(s) 'example_local_kubernetes_executor' retrieved from /home/airflow/.local/lib/python3.12/site-packages/airflow/example_dags/example_local_kubernetes_executor.py
[2024-05-27T02:33:31.308+0000] {logging_mixin.py:188} INFO - [2024-05-27T02:33:31.308+0000] {dag.py:3096} INFO - Sync 1 DAGs
[2024-05-27T02:33:31.317+0000] {logging_mixin.py:188} INFO - [2024-05-27T02:33:31.317+0000] {dag.py:3954} INFO - Setting next_dagrun for example_local_kubernetes_executor to None, run_after=None
[2024-05-27T02:33:31.327+0000] {processor.py:183} INFO - Processing /home/airflow/.local/lib/python3.12/site-packages/airflow/example_dags/example_local_kubernetes_executor.py took 0.147 seconds
