[2024-05-27T02:31:31.964+0000] {processor.py:161} INFO - Started process (PID=74) to work on /home/airflow/.local/lib/python3.12/site-packages/airflow/example_dags/example_kubernetes_executor.py
[2024-05-27T02:31:31.965+0000] {processor.py:830} INFO - Processing file /home/airflow/.local/lib/python3.12/site-packages/airflow/example_dags/example_kubernetes_executor.py for tasks to queue
[2024-05-27T02:31:31.966+0000] {logging_mixin.py:188} INFO - [2024-05-27T02:31:31.965+0000] {dagbag.py:545} INFO - Filling up the DagBag from /home/airflow/.local/lib/python3.12/site-packages/airflow/example_dags/example_kubernetes_executor.py
[2024-05-27T02:31:31.980+0000] {processor.py:840} INFO - DAG(s) 'example_kubernetes_executor' retrieved from /home/airflow/.local/lib/python3.12/site-packages/airflow/example_dags/example_kubernetes_executor.py
[2024-05-27T02:31:32.025+0000] {logging_mixin.py:188} INFO - [2024-05-27T02:31:32.025+0000] {override.py:1829} INFO - Created Permission View: can edit on DAG:example_kubernetes_executor
[2024-05-27T02:31:32.028+0000] {logging_mixin.py:188} INFO - [2024-05-27T02:31:32.028+0000] {override.py:1829} INFO - Created Permission View: can delete on DAG:example_kubernetes_executor
[2024-05-27T02:31:32.030+0000] {logging_mixin.py:188} INFO - [2024-05-27T02:31:32.030+0000] {override.py:1829} INFO - Created Permission View: can read on DAG:example_kubernetes_executor
[2024-05-27T02:31:32.030+0000] {logging_mixin.py:188} INFO - [2024-05-27T02:31:32.030+0000] {dag.py:3096} INFO - Sync 1 DAGs
[2024-05-27T02:31:32.035+0000] {logging_mixin.py:188} INFO - [2024-05-27T02:31:32.035+0000] {dag.py:3118} INFO - Creating ORM DAG for example_kubernetes_executor
[2024-05-27T02:31:32.036+0000] {logging_mixin.py:188} INFO - [2024-05-27T02:31:32.036+0000] {dag.py:3954} INFO - Setting next_dagrun for example_kubernetes_executor to None, run_after=None
[2024-05-27T02:31:32.042+0000] {processor.py:183} INFO - Processing /home/airflow/.local/lib/python3.12/site-packages/airflow/example_dags/example_kubernetes_executor.py took 0.080 seconds
[2024-05-27T02:32:02.108+0000] {processor.py:161} INFO - Started process (PID=132) to work on /home/airflow/.local/lib/python3.12/site-packages/airflow/example_dags/example_kubernetes_executor.py
[2024-05-27T02:32:02.109+0000] {processor.py:830} INFO - Processing file /home/airflow/.local/lib/python3.12/site-packages/airflow/example_dags/example_kubernetes_executor.py for tasks to queue
[2024-05-27T02:32:02.110+0000] {logging_mixin.py:188} INFO - [2024-05-27T02:32:02.110+0000] {dagbag.py:545} INFO - Filling up the DagBag from /home/airflow/.local/lib/python3.12/site-packages/airflow/example_dags/example_kubernetes_executor.py
[2024-05-27T02:32:02.115+0000] {processor.py:840} INFO - DAG(s) 'example_kubernetes_executor' retrieved from /home/airflow/.local/lib/python3.12/site-packages/airflow/example_dags/example_kubernetes_executor.py
[2024-05-27T02:32:02.131+0000] {logging_mixin.py:188} INFO - [2024-05-27T02:32:02.131+0000] {dag.py:3096} INFO - Sync 1 DAGs
[2024-05-27T02:32:02.136+0000] {logging_mixin.py:188} INFO - [2024-05-27T02:32:02.136+0000] {dag.py:3954} INFO - Setting next_dagrun for example_kubernetes_executor to None, run_after=None
[2024-05-27T02:32:02.142+0000] {processor.py:183} INFO - Processing /home/airflow/.local/lib/python3.12/site-packages/airflow/example_dags/example_kubernetes_executor.py took 0.036 seconds
[2024-05-27T02:32:33.209+0000] {processor.py:161} INFO - Started process (PID=190) to work on /home/airflow/.local/lib/python3.12/site-packages/airflow/example_dags/example_kubernetes_executor.py
[2024-05-27T02:32:33.210+0000] {processor.py:830} INFO - Processing file /home/airflow/.local/lib/python3.12/site-packages/airflow/example_dags/example_kubernetes_executor.py for tasks to queue
[2024-05-27T02:32:33.213+0000] {logging_mixin.py:188} INFO - [2024-05-27T02:32:33.213+0000] {dagbag.py:545} INFO - Filling up the DagBag from /home/airflow/.local/lib/python3.12/site-packages/airflow/example_dags/example_kubernetes_executor.py
[2024-05-27T02:32:33.219+0000] {processor.py:840} INFO - DAG(s) 'example_kubernetes_executor' retrieved from /home/airflow/.local/lib/python3.12/site-packages/airflow/example_dags/example_kubernetes_executor.py
[2024-05-27T02:32:33.237+0000] {logging_mixin.py:188} INFO - [2024-05-27T02:32:33.237+0000] {dag.py:3096} INFO - Sync 1 DAGs
[2024-05-27T02:32:33.242+0000] {logging_mixin.py:188} INFO - [2024-05-27T02:32:33.242+0000] {dag.py:3954} INFO - Setting next_dagrun for example_kubernetes_executor to None, run_after=None
[2024-05-27T02:32:33.248+0000] {processor.py:183} INFO - Processing /home/airflow/.local/lib/python3.12/site-packages/airflow/example_dags/example_kubernetes_executor.py took 0.042 seconds
[2024-05-27T02:33:03.610+0000] {processor.py:161} INFO - Started process (PID=248) to work on /home/airflow/.local/lib/python3.12/site-packages/airflow/example_dags/example_kubernetes_executor.py
[2024-05-27T02:33:03.611+0000] {processor.py:830} INFO - Processing file /home/airflow/.local/lib/python3.12/site-packages/airflow/example_dags/example_kubernetes_executor.py for tasks to queue
[2024-05-27T02:33:03.612+0000] {logging_mixin.py:188} INFO - [2024-05-27T02:33:03.612+0000] {dagbag.py:545} INFO - Filling up the DagBag from /home/airflow/.local/lib/python3.12/site-packages/airflow/example_dags/example_kubernetes_executor.py
[2024-05-27T02:33:03.618+0000] {processor.py:840} INFO - DAG(s) 'example_kubernetes_executor' retrieved from /home/airflow/.local/lib/python3.12/site-packages/airflow/example_dags/example_kubernetes_executor.py
[2024-05-27T02:33:03.634+0000] {logging_mixin.py:188} INFO - [2024-05-27T02:33:03.634+0000] {dag.py:3096} INFO - Sync 1 DAGs
[2024-05-27T02:33:03.639+0000] {logging_mixin.py:188} INFO - [2024-05-27T02:33:03.639+0000] {dag.py:3954} INFO - Setting next_dagrun for example_kubernetes_executor to None, run_after=None
[2024-05-27T02:33:03.647+0000] {processor.py:183} INFO - Processing /home/airflow/.local/lib/python3.12/site-packages/airflow/example_dags/example_kubernetes_executor.py took 0.039 seconds
