[2024-05-27T02:31:31.317+0000] {processor.py:161} INFO - Started process (PID=62) to work on /home/airflow/.local/lib/python3.12/site-packages/airflow/example_dags/example_bash_decorator.py
[2024-05-27T02:31:31.390+0000] {processor.py:830} INFO - Processing file /home/airflow/.local/lib/python3.12/site-packages/airflow/example_dags/example_bash_decorator.py for tasks to queue
[2024-05-27T02:31:31.394+0000] {logging_mixin.py:188} INFO - [2024-05-27T02:31:31.393+0000] {dagbag.py:545} INFO - Filling up the DagBag from /home/airflow/.local/lib/python3.12/site-packages/airflow/example_dags/example_bash_decorator.py
[2024-05-27T02:31:31.402+0000] {processor.py:840} INFO - DAG(s) 'example_bash_decorator' retrieved from /home/airflow/.local/lib/python3.12/site-packages/airflow/example_dags/example_bash_decorator.py
[2024-05-27T02:31:31.450+0000] {logging_mixin.py:188} INFO - [2024-05-27T02:31:31.449+0000] {override.py:1829} INFO - Created Permission View: can edit on DAG:example_bash_decorator
[2024-05-27T02:31:31.454+0000] {logging_mixin.py:188} INFO - [2024-05-27T02:31:31.454+0000] {override.py:1829} INFO - Created Permission View: can delete on DAG:example_bash_decorator
[2024-05-27T02:31:31.458+0000] {logging_mixin.py:188} INFO - [2024-05-27T02:31:31.458+0000] {override.py:1829} INFO - Created Permission View: can read on DAG:example_bash_decorator
[2024-05-27T02:31:31.458+0000] {logging_mixin.py:188} INFO - [2024-05-27T02:31:31.458+0000] {dag.py:3096} INFO - Sync 1 DAGs
[2024-05-27T02:31:31.463+0000] {logging_mixin.py:188} INFO - [2024-05-27T02:31:31.462+0000] {dag.py:3118} INFO - Creating ORM DAG for example_bash_decorator
[2024-05-27T02:31:31.463+0000] {logging_mixin.py:188} INFO - [2024-05-27T02:31:31.463+0000] {dag.py:3954} INFO - Setting next_dagrun for example_bash_decorator to None, run_after=None
[2024-05-27T02:31:31.470+0000] {processor.py:183} INFO - Processing /home/airflow/.local/lib/python3.12/site-packages/airflow/example_dags/example_bash_decorator.py took 0.155 seconds
[2024-05-27T02:32:01.697+0000] {processor.py:161} INFO - Started process (PID=120) to work on /home/airflow/.local/lib/python3.12/site-packages/airflow/example_dags/example_bash_decorator.py
[2024-05-27T02:32:01.698+0000] {processor.py:830} INFO - Processing file /home/airflow/.local/lib/python3.12/site-packages/airflow/example_dags/example_bash_decorator.py for tasks to queue
[2024-05-27T02:32:01.699+0000] {logging_mixin.py:188} INFO - [2024-05-27T02:32:01.699+0000] {dagbag.py:545} INFO - Filling up the DagBag from /home/airflow/.local/lib/python3.12/site-packages/airflow/example_dags/example_bash_decorator.py
[2024-05-27T02:32:01.705+0000] {processor.py:840} INFO - DAG(s) 'example_bash_decorator' retrieved from /home/airflow/.local/lib/python3.12/site-packages/airflow/example_dags/example_bash_decorator.py
[2024-05-27T02:32:01.716+0000] {logging_mixin.py:188} INFO - [2024-05-27T02:32:01.716+0000] {dag.py:3096} INFO - Sync 1 DAGs
[2024-05-27T02:32:01.721+0000] {logging_mixin.py:188} INFO - [2024-05-27T02:32:01.721+0000] {dag.py:3954} INFO - Setting next_dagrun for example_bash_decorator to None, run_after=None
[2024-05-27T02:32:01.729+0000] {processor.py:183} INFO - Processing /home/airflow/.local/lib/python3.12/site-packages/airflow/example_dags/example_bash_decorator.py took 0.035 seconds
[2024-05-27T02:32:31.787+0000] {processor.py:161} INFO - Started process (PID=178) to work on /home/airflow/.local/lib/python3.12/site-packages/airflow/example_dags/example_bash_decorator.py
[2024-05-27T02:32:31.787+0000] {processor.py:830} INFO - Processing file /home/airflow/.local/lib/python3.12/site-packages/airflow/example_dags/example_bash_decorator.py for tasks to queue
[2024-05-27T02:32:31.788+0000] {logging_mixin.py:188} INFO - [2024-05-27T02:32:31.788+0000] {dagbag.py:545} INFO - Filling up the DagBag from /home/airflow/.local/lib/python3.12/site-packages/airflow/example_dags/example_bash_decorator.py
[2024-05-27T02:32:31.793+0000] {processor.py:840} INFO - DAG(s) 'example_bash_decorator' retrieved from /home/airflow/.local/lib/python3.12/site-packages/airflow/example_dags/example_bash_decorator.py
[2024-05-27T02:32:31.802+0000] {logging_mixin.py:188} INFO - [2024-05-27T02:32:31.802+0000] {dag.py:3096} INFO - Sync 1 DAGs
[2024-05-27T02:32:31.806+0000] {logging_mixin.py:188} INFO - [2024-05-27T02:32:31.806+0000] {dag.py:3954} INFO - Setting next_dagrun for example_bash_decorator to None, run_after=None
[2024-05-27T02:32:31.812+0000] {processor.py:183} INFO - Processing /home/airflow/.local/lib/python3.12/site-packages/airflow/example_dags/example_bash_decorator.py took 0.028 seconds
[2024-05-27T02:33:02.316+0000] {processor.py:161} INFO - Started process (PID=236) to work on /home/airflow/.local/lib/python3.12/site-packages/airflow/example_dags/example_bash_decorator.py
[2024-05-27T02:33:02.317+0000] {processor.py:830} INFO - Processing file /home/airflow/.local/lib/python3.12/site-packages/airflow/example_dags/example_bash_decorator.py for tasks to queue
[2024-05-27T02:33:02.317+0000] {logging_mixin.py:188} INFO - [2024-05-27T02:33:02.317+0000] {dagbag.py:545} INFO - Filling up the DagBag from /home/airflow/.local/lib/python3.12/site-packages/airflow/example_dags/example_bash_decorator.py
[2024-05-27T02:33:02.322+0000] {processor.py:840} INFO - DAG(s) 'example_bash_decorator' retrieved from /home/airflow/.local/lib/python3.12/site-packages/airflow/example_dags/example_bash_decorator.py
[2024-05-27T02:33:02.331+0000] {logging_mixin.py:188} INFO - [2024-05-27T02:33:02.331+0000] {dag.py:3096} INFO - Sync 1 DAGs
[2024-05-27T02:33:02.336+0000] {logging_mixin.py:188} INFO - [2024-05-27T02:33:02.336+0000] {dag.py:3954} INFO - Setting next_dagrun for example_bash_decorator to None, run_after=None
[2024-05-27T02:33:02.342+0000] {processor.py:183} INFO - Processing /home/airflow/.local/lib/python3.12/site-packages/airflow/example_dags/example_bash_decorator.py took 0.028 seconds
