[2024-05-27T02:31:31.900+0000] {processor.py:161} INFO - Started process (PID=72) to work on /home/airflow/.local/lib/python3.12/site-packages/airflow/example_dags/example_time_delta_sensor_async.py
[2024-05-27T02:31:31.900+0000] {processor.py:830} INFO - Processing file /home/airflow/.local/lib/python3.12/site-packages/airflow/example_dags/example_time_delta_sensor_async.py for tasks to queue
[2024-05-27T02:31:31.901+0000] {logging_mixin.py:188} INFO - [2024-05-27T02:31:31.901+0000] {dagbag.py:545} INFO - Filling up the DagBag from /home/airflow/.local/lib/python3.12/site-packages/airflow/example_dags/example_time_delta_sensor_async.py
[2024-05-27T02:31:31.903+0000] {processor.py:840} INFO - DAG(s) 'example_time_delta_sensor_async' retrieved from /home/airflow/.local/lib/python3.12/site-packages/airflow/example_dags/example_time_delta_sensor_async.py
[2024-05-27T02:31:31.941+0000] {logging_mixin.py:188} INFO - [2024-05-27T02:31:31.940+0000] {override.py:1829} INFO - Created Permission View: can edit on DAG:example_time_delta_sensor_async
[2024-05-27T02:31:31.944+0000] {logging_mixin.py:188} INFO - [2024-05-27T02:31:31.943+0000] {override.py:1829} INFO - Created Permission View: can delete on DAG:example_time_delta_sensor_async
[2024-05-27T02:31:31.945+0000] {logging_mixin.py:188} INFO - [2024-05-27T02:31:31.945+0000] {override.py:1829} INFO - Created Permission View: can read on DAG:example_time_delta_sensor_async
[2024-05-27T02:31:31.946+0000] {logging_mixin.py:188} INFO - [2024-05-27T02:31:31.945+0000] {dag.py:3096} INFO - Sync 1 DAGs
[2024-05-27T02:31:31.949+0000] {logging_mixin.py:188} INFO - [2024-05-27T02:31:31.949+0000] {dag.py:3118} INFO - Creating ORM DAG for example_time_delta_sensor_async
[2024-05-27T02:31:31.949+0000] {logging_mixin.py:188} INFO - [2024-05-27T02:31:31.949+0000] {dag.py:3954} INFO - Setting next_dagrun for example_time_delta_sensor_async to None, run_after=None
[2024-05-27T02:31:31.954+0000] {processor.py:183} INFO - Processing /home/airflow/.local/lib/python3.12/site-packages/airflow/example_dags/example_time_delta_sensor_async.py took 0.057 seconds
[2024-05-27T02:32:02.043+0000] {processor.py:161} INFO - Started process (PID=130) to work on /home/airflow/.local/lib/python3.12/site-packages/airflow/example_dags/example_time_delta_sensor_async.py
[2024-05-27T02:32:02.043+0000] {processor.py:830} INFO - Processing file /home/airflow/.local/lib/python3.12/site-packages/airflow/example_dags/example_time_delta_sensor_async.py for tasks to queue
[2024-05-27T02:32:02.044+0000] {logging_mixin.py:188} INFO - [2024-05-27T02:32:02.044+0000] {dagbag.py:545} INFO - Filling up the DagBag from /home/airflow/.local/lib/python3.12/site-packages/airflow/example_dags/example_time_delta_sensor_async.py
[2024-05-27T02:32:02.046+0000] {processor.py:840} INFO - DAG(s) 'example_time_delta_sensor_async' retrieved from /home/airflow/.local/lib/python3.12/site-packages/airflow/example_dags/example_time_delta_sensor_async.py
[2024-05-27T02:32:02.055+0000] {logging_mixin.py:188} INFO - [2024-05-27T02:32:02.055+0000] {dag.py:3096} INFO - Sync 1 DAGs
[2024-05-27T02:32:02.060+0000] {logging_mixin.py:188} INFO - [2024-05-27T02:32:02.060+0000] {dag.py:3954} INFO - Setting next_dagrun for example_time_delta_sensor_async to None, run_after=None
[2024-05-27T02:32:02.066+0000] {processor.py:183} INFO - Processing /home/airflow/.local/lib/python3.12/site-packages/airflow/example_dags/example_time_delta_sensor_async.py took 0.026 seconds
[2024-05-27T02:32:33.170+0000] {processor.py:161} INFO - Started process (PID=188) to work on /home/airflow/.local/lib/python3.12/site-packages/airflow/example_dags/example_time_delta_sensor_async.py
[2024-05-27T02:32:33.172+0000] {processor.py:830} INFO - Processing file /home/airflow/.local/lib/python3.12/site-packages/airflow/example_dags/example_time_delta_sensor_async.py for tasks to queue
[2024-05-27T02:32:33.174+0000] {logging_mixin.py:188} INFO - [2024-05-27T02:32:33.174+0000] {dagbag.py:545} INFO - Filling up the DagBag from /home/airflow/.local/lib/python3.12/site-packages/airflow/example_dags/example_time_delta_sensor_async.py
[2024-05-27T02:32:33.177+0000] {processor.py:840} INFO - DAG(s) 'example_time_delta_sensor_async' retrieved from /home/airflow/.local/lib/python3.12/site-packages/airflow/example_dags/example_time_delta_sensor_async.py
[2024-05-27T02:32:33.186+0000] {logging_mixin.py:188} INFO - [2024-05-27T02:32:33.186+0000] {dag.py:3096} INFO - Sync 1 DAGs
[2024-05-27T02:32:33.191+0000] {logging_mixin.py:188} INFO - [2024-05-27T02:32:33.191+0000] {dag.py:3954} INFO - Setting next_dagrun for example_time_delta_sensor_async to None, run_after=None
[2024-05-27T02:32:33.198+0000] {processor.py:183} INFO - Processing /home/airflow/.local/lib/python3.12/site-packages/airflow/example_dags/example_time_delta_sensor_async.py took 0.031 seconds
[2024-05-27T02:33:03.574+0000] {processor.py:161} INFO - Started process (PID=246) to work on /home/airflow/.local/lib/python3.12/site-packages/airflow/example_dags/example_time_delta_sensor_async.py
[2024-05-27T02:33:03.574+0000] {processor.py:830} INFO - Processing file /home/airflow/.local/lib/python3.12/site-packages/airflow/example_dags/example_time_delta_sensor_async.py for tasks to queue
[2024-05-27T02:33:03.575+0000] {logging_mixin.py:188} INFO - [2024-05-27T02:33:03.575+0000] {dagbag.py:545} INFO - Filling up the DagBag from /home/airflow/.local/lib/python3.12/site-packages/airflow/example_dags/example_time_delta_sensor_async.py
[2024-05-27T02:33:03.577+0000] {processor.py:840} INFO - DAG(s) 'example_time_delta_sensor_async' retrieved from /home/airflow/.local/lib/python3.12/site-packages/airflow/example_dags/example_time_delta_sensor_async.py
[2024-05-27T02:33:03.586+0000] {logging_mixin.py:188} INFO - [2024-05-27T02:33:03.586+0000] {dag.py:3096} INFO - Sync 1 DAGs
[2024-05-27T02:33:03.592+0000] {logging_mixin.py:188} INFO - [2024-05-27T02:33:03.592+0000] {dag.py:3954} INFO - Setting next_dagrun for example_time_delta_sensor_async to None, run_after=None
[2024-05-27T02:33:03.599+0000] {processor.py:183} INFO - Processing /home/airflow/.local/lib/python3.12/site-packages/airflow/example_dags/example_time_delta_sensor_async.py took 0.027 seconds
