[2024-05-27T02:31:30.741+0000] {processor.py:161} INFO - Started process (PID=53) to work on /home/airflow/.local/lib/python3.12/site-packages/airflow/example_dags/example_xcomargs.py
[2024-05-27T02:31:30.742+0000] {processor.py:830} INFO - Processing file /home/airflow/.local/lib/python3.12/site-packages/airflow/example_dags/example_xcomargs.py for tasks to queue
[2024-05-27T02:31:30.744+0000] {logging_mixin.py:188} INFO - [2024-05-27T02:31:30.743+0000] {dagbag.py:545} INFO - Filling up the DagBag from /home/airflow/.local/lib/python3.12/site-packages/airflow/example_dags/example_xcomargs.py
[2024-05-27T02:31:30.750+0000] {processor.py:840} INFO - DAG(s) 'example_xcom_args', 'example_xcom_args_with_operators' retrieved from /home/airflow/.local/lib/python3.12/site-packages/airflow/example_dags/example_xcomargs.py
[2024-05-27T02:31:30.797+0000] {logging_mixin.py:188} INFO - [2024-05-27T02:31:30.796+0000] {override.py:1829} INFO - Created Permission View: can edit on DAG:example_xcom_args
[2024-05-27T02:31:30.805+0000] {logging_mixin.py:188} INFO - [2024-05-27T02:31:30.804+0000] {override.py:1829} INFO - Created Permission View: can delete on DAG:example_xcom_args
[2024-05-27T02:31:30.809+0000] {logging_mixin.py:188} INFO - [2024-05-27T02:31:30.809+0000] {override.py:1829} INFO - Created Permission View: can read on DAG:example_xcom_args
[2024-05-27T02:31:30.817+0000] {logging_mixin.py:188} INFO - [2024-05-27T02:31:30.817+0000] {override.py:1829} INFO - Created Permission View: can edit on DAG:example_xcom_args_with_operators
[2024-05-27T02:31:30.820+0000] {logging_mixin.py:188} INFO - [2024-05-27T02:31:30.820+0000] {override.py:1829} INFO - Created Permission View: can delete on DAG:example_xcom_args_with_operators
[2024-05-27T02:31:30.826+0000] {logging_mixin.py:188} INFO - [2024-05-27T02:31:30.826+0000] {override.py:1829} INFO - Created Permission View: can read on DAG:example_xcom_args_with_operators
[2024-05-27T02:31:30.826+0000] {logging_mixin.py:188} INFO - [2024-05-27T02:31:30.826+0000] {dag.py:3096} INFO - Sync 2 DAGs
[2024-05-27T02:31:30.833+0000] {logging_mixin.py:188} INFO - [2024-05-27T02:31:30.833+0000] {dag.py:3118} INFO - Creating ORM DAG for example_xcom_args_with_operators
[2024-05-27T02:31:30.834+0000] {logging_mixin.py:188} INFO - [2024-05-27T02:31:30.834+0000] {dag.py:3118} INFO - Creating ORM DAG for example_xcom_args
[2024-05-27T02:31:30.835+0000] {logging_mixin.py:188} INFO - [2024-05-27T02:31:30.835+0000] {dag.py:3954} INFO - Setting next_dagrun for example_xcom_args to None, run_after=None
[2024-05-27T02:31:30.836+0000] {logging_mixin.py:188} INFO - [2024-05-27T02:31:30.836+0000] {dag.py:3954} INFO - Setting next_dagrun for example_xcom_args_with_operators to None, run_after=None
[2024-05-27T02:31:30.850+0000] {processor.py:183} INFO - Processing /home/airflow/.local/lib/python3.12/site-packages/airflow/example_dags/example_xcomargs.py took 0.124 seconds
[2024-05-27T02:32:01.457+0000] {processor.py:161} INFO - Started process (PID=111) to work on /home/airflow/.local/lib/python3.12/site-packages/airflow/example_dags/example_xcomargs.py
[2024-05-27T02:32:01.460+0000] {processor.py:830} INFO - Processing file /home/airflow/.local/lib/python3.12/site-packages/airflow/example_dags/example_xcomargs.py for tasks to queue
[2024-05-27T02:32:01.461+0000] {logging_mixin.py:188} INFO - [2024-05-27T02:32:01.461+0000] {dagbag.py:545} INFO - Filling up the DagBag from /home/airflow/.local/lib/python3.12/site-packages/airflow/example_dags/example_xcomargs.py
[2024-05-27T02:32:01.466+0000] {processor.py:840} INFO - DAG(s) 'example_xcom_args_with_operators', 'example_xcom_args' retrieved from /home/airflow/.local/lib/python3.12/site-packages/airflow/example_dags/example_xcomargs.py
[2024-05-27T02:32:01.476+0000] {logging_mixin.py:188} INFO - [2024-05-27T02:32:01.476+0000] {dag.py:3096} INFO - Sync 2 DAGs
[2024-05-27T02:32:01.482+0000] {logging_mixin.py:188} INFO - [2024-05-27T02:32:01.482+0000] {dag.py:3954} INFO - Setting next_dagrun for example_xcom_args to None, run_after=None
[2024-05-27T02:32:01.484+0000] {logging_mixin.py:188} INFO - [2024-05-27T02:32:01.484+0000] {dag.py:3954} INFO - Setting next_dagrun for example_xcom_args_with_operators to None, run_after=None
[2024-05-27T02:32:01.492+0000] {processor.py:183} INFO - Processing /home/airflow/.local/lib/python3.12/site-packages/airflow/example_dags/example_xcomargs.py took 0.038 seconds
[2024-05-27T02:32:31.600+0000] {processor.py:161} INFO - Started process (PID=169) to work on /home/airflow/.local/lib/python3.12/site-packages/airflow/example_dags/example_xcomargs.py
[2024-05-27T02:32:31.605+0000] {processor.py:830} INFO - Processing file /home/airflow/.local/lib/python3.12/site-packages/airflow/example_dags/example_xcomargs.py for tasks to queue
[2024-05-27T02:32:31.606+0000] {logging_mixin.py:188} INFO - [2024-05-27T02:32:31.606+0000] {dagbag.py:545} INFO - Filling up the DagBag from /home/airflow/.local/lib/python3.12/site-packages/airflow/example_dags/example_xcomargs.py
[2024-05-27T02:32:31.611+0000] {processor.py:840} INFO - DAG(s) 'example_xcom_args', 'example_xcom_args_with_operators' retrieved from /home/airflow/.local/lib/python3.12/site-packages/airflow/example_dags/example_xcomargs.py
[2024-05-27T02:32:31.623+0000] {logging_mixin.py:188} INFO - [2024-05-27T02:32:31.623+0000] {dag.py:3096} INFO - Sync 2 DAGs
[2024-05-27T02:32:31.629+0000] {logging_mixin.py:188} INFO - [2024-05-27T02:32:31.628+0000] {dag.py:3954} INFO - Setting next_dagrun for example_xcom_args to None, run_after=None
[2024-05-27T02:32:31.630+0000] {logging_mixin.py:188} INFO - [2024-05-27T02:32:31.630+0000] {dag.py:3954} INFO - Setting next_dagrun for example_xcom_args_with_operators to None, run_after=None
[2024-05-27T02:32:31.636+0000] {processor.py:183} INFO - Processing /home/airflow/.local/lib/python3.12/site-packages/airflow/example_dags/example_xcomargs.py took 0.038 seconds
[2024-05-27T02:33:02.152+0000] {processor.py:161} INFO - Started process (PID=227) to work on /home/airflow/.local/lib/python3.12/site-packages/airflow/example_dags/example_xcomargs.py
[2024-05-27T02:33:02.152+0000] {processor.py:830} INFO - Processing file /home/airflow/.local/lib/python3.12/site-packages/airflow/example_dags/example_xcomargs.py for tasks to queue
[2024-05-27T02:33:02.153+0000] {logging_mixin.py:188} INFO - [2024-05-27T02:33:02.153+0000] {dagbag.py:545} INFO - Filling up the DagBag from /home/airflow/.local/lib/python3.12/site-packages/airflow/example_dags/example_xcomargs.py
[2024-05-27T02:33:02.156+0000] {processor.py:840} INFO - DAG(s) 'example_xcom_args_with_operators', 'example_xcom_args' retrieved from /home/airflow/.local/lib/python3.12/site-packages/airflow/example_dags/example_xcomargs.py
[2024-05-27T02:33:02.165+0000] {logging_mixin.py:188} INFO - [2024-05-27T02:33:02.165+0000] {dag.py:3096} INFO - Sync 2 DAGs
[2024-05-27T02:33:02.170+0000] {logging_mixin.py:188} INFO - [2024-05-27T02:33:02.170+0000] {dag.py:3954} INFO - Setting next_dagrun for example_xcom_args to None, run_after=None
[2024-05-27T02:33:02.171+0000] {logging_mixin.py:188} INFO - [2024-05-27T02:33:02.171+0000] {dag.py:3954} INFO - Setting next_dagrun for example_xcom_args_with_operators to None, run_after=None
[2024-05-27T02:33:02.177+0000] {processor.py:183} INFO - Processing /home/airflow/.local/lib/python3.12/site-packages/airflow/example_dags/example_xcomargs.py took 0.027 seconds
