[2024-05-27T02:31:30.527+0000] {processor.py:161} INFO - Started process (PID=50) to work on /home/airflow/.local/lib/python3.12/site-packages/airflow/example_dags/example_xcom.py
[2024-05-27T02:31:30.527+0000] {processor.py:830} INFO - Processing file /home/airflow/.local/lib/python3.12/site-packages/airflow/example_dags/example_xcom.py for tasks to queue
[2024-05-27T02:31:30.528+0000] {logging_mixin.py:188} INFO - [2024-05-27T02:31:30.528+0000] {dagbag.py:545} INFO - Filling up the DagBag from /home/airflow/.local/lib/python3.12/site-packages/airflow/example_dags/example_xcom.py
[2024-05-27T02:31:30.533+0000] {processor.py:840} INFO - DAG(s) 'example_xcom' retrieved from /home/airflow/.local/lib/python3.12/site-packages/airflow/example_dags/example_xcom.py
[2024-05-27T02:31:30.587+0000] {logging_mixin.py:188} INFO - [2024-05-27T02:31:30.587+0000] {override.py:1829} INFO - Created Permission View: can edit on DAG:example_xcom
[2024-05-27T02:31:30.594+0000] {logging_mixin.py:188} INFO - [2024-05-27T02:31:30.594+0000] {override.py:1829} INFO - Created Permission View: can delete on DAG:example_xcom
[2024-05-27T02:31:30.599+0000] {logging_mixin.py:188} INFO - [2024-05-27T02:31:30.599+0000] {override.py:1829} INFO - Created Permission View: can read on DAG:example_xcom
[2024-05-27T02:31:30.599+0000] {logging_mixin.py:188} INFO - [2024-05-27T02:31:30.599+0000] {dag.py:3096} INFO - Sync 1 DAGs
[2024-05-27T02:31:30.606+0000] {logging_mixin.py:188} INFO - [2024-05-27T02:31:30.606+0000] {dag.py:3118} INFO - Creating ORM DAG for example_xcom
[2024-05-27T02:31:30.612+0000] {logging_mixin.py:188} INFO - [2024-05-27T02:31:30.612+0000] {dag.py:3954} INFO - Setting next_dagrun for example_xcom to 2021-01-01 00:00:00+00:00, run_after=2021-01-01 00:00:00+00:00
[2024-05-27T02:31:30.624+0000] {processor.py:183} INFO - Processing /home/airflow/.local/lib/python3.12/site-packages/airflow/example_dags/example_xcom.py took 0.099 seconds
[2024-05-27T02:32:01.392+0000] {processor.py:161} INFO - Started process (PID=108) to work on /home/airflow/.local/lib/python3.12/site-packages/airflow/example_dags/example_xcom.py
[2024-05-27T02:32:01.395+0000] {processor.py:830} INFO - Processing file /home/airflow/.local/lib/python3.12/site-packages/airflow/example_dags/example_xcom.py for tasks to queue
[2024-05-27T02:32:01.396+0000] {logging_mixin.py:188} INFO - [2024-05-27T02:32:01.396+0000] {dagbag.py:545} INFO - Filling up the DagBag from /home/airflow/.local/lib/python3.12/site-packages/airflow/example_dags/example_xcom.py
[2024-05-27T02:32:01.401+0000] {processor.py:840} INFO - DAG(s) 'example_xcom' retrieved from /home/airflow/.local/lib/python3.12/site-packages/airflow/example_dags/example_xcom.py
[2024-05-27T02:32:01.411+0000] {logging_mixin.py:188} INFO - [2024-05-27T02:32:01.411+0000] {dag.py:3096} INFO - Sync 1 DAGs
[2024-05-27T02:32:01.423+0000] {logging_mixin.py:188} INFO - [2024-05-27T02:32:01.422+0000] {dag.py:3954} INFO - Setting next_dagrun for example_xcom to 2021-01-01 00:00:00+00:00, run_after=2021-01-01 00:00:00+00:00
[2024-05-27T02:32:01.431+0000] {processor.py:183} INFO - Processing /home/airflow/.local/lib/python3.12/site-packages/airflow/example_dags/example_xcom.py took 0.042 seconds
[2024-05-27T02:32:31.532+0000] {processor.py:161} INFO - Started process (PID=166) to work on /home/airflow/.local/lib/python3.12/site-packages/airflow/example_dags/example_xcom.py
[2024-05-27T02:32:31.533+0000] {processor.py:830} INFO - Processing file /home/airflow/.local/lib/python3.12/site-packages/airflow/example_dags/example_xcom.py for tasks to queue
[2024-05-27T02:32:31.533+0000] {logging_mixin.py:188} INFO - [2024-05-27T02:32:31.533+0000] {dagbag.py:545} INFO - Filling up the DagBag from /home/airflow/.local/lib/python3.12/site-packages/airflow/example_dags/example_xcom.py
[2024-05-27T02:32:31.537+0000] {processor.py:840} INFO - DAG(s) 'example_xcom' retrieved from /home/airflow/.local/lib/python3.12/site-packages/airflow/example_dags/example_xcom.py
[2024-05-27T02:32:31.545+0000] {logging_mixin.py:188} INFO - [2024-05-27T02:32:31.545+0000] {dag.py:3096} INFO - Sync 1 DAGs
[2024-05-27T02:32:31.552+0000] {logging_mixin.py:188} INFO - [2024-05-27T02:32:31.552+0000] {dag.py:3954} INFO - Setting next_dagrun for example_xcom to 2021-01-01 00:00:00+00:00, run_after=2021-01-01 00:00:00+00:00
[2024-05-27T02:32:31.559+0000] {processor.py:183} INFO - Processing /home/airflow/.local/lib/python3.12/site-packages/airflow/example_dags/example_xcom.py took 0.029 seconds
[2024-05-27T02:33:02.088+0000] {processor.py:161} INFO - Started process (PID=224) to work on /home/airflow/.local/lib/python3.12/site-packages/airflow/example_dags/example_xcom.py
[2024-05-27T02:33:02.089+0000] {processor.py:830} INFO - Processing file /home/airflow/.local/lib/python3.12/site-packages/airflow/example_dags/example_xcom.py for tasks to queue
[2024-05-27T02:33:02.090+0000] {logging_mixin.py:188} INFO - [2024-05-27T02:33:02.090+0000] {dagbag.py:545} INFO - Filling up the DagBag from /home/airflow/.local/lib/python3.12/site-packages/airflow/example_dags/example_xcom.py
[2024-05-27T02:33:02.093+0000] {processor.py:840} INFO - DAG(s) 'example_xcom' retrieved from /home/airflow/.local/lib/python3.12/site-packages/airflow/example_dags/example_xcom.py
[2024-05-27T02:33:02.102+0000] {logging_mixin.py:188} INFO - [2024-05-27T02:33:02.102+0000] {dag.py:3096} INFO - Sync 1 DAGs
[2024-05-27T02:33:02.110+0000] {logging_mixin.py:188} INFO - [2024-05-27T02:33:02.110+0000] {dag.py:3954} INFO - Setting next_dagrun for example_xcom to 2021-01-01 00:00:00+00:00, run_after=2021-01-01 00:00:00+00:00
[2024-05-27T02:33:02.117+0000] {processor.py:183} INFO - Processing /home/airflow/.local/lib/python3.12/site-packages/airflow/example_dags/example_xcom.py took 0.031 seconds
