[2024-05-27T02:31:30.596+0000] {processor.py:161} INFO - Started process (PID=51) to work on /home/airflow/.local/lib/python3.12/site-packages/airflow/example_dags/example_branch_labels.py
[2024-05-27T02:31:30.598+0000] {processor.py:830} INFO - Processing file /home/airflow/.local/lib/python3.12/site-packages/airflow/example_dags/example_branch_labels.py for tasks to queue
[2024-05-27T02:31:30.600+0000] {logging_mixin.py:188} INFO - [2024-05-27T02:31:30.600+0000] {dagbag.py:545} INFO - Filling up the DagBag from /home/airflow/.local/lib/python3.12/site-packages/airflow/example_dags/example_branch_labels.py
[2024-05-27T02:31:30.614+0000] {processor.py:840} INFO - DAG(s) 'example_branch_labels' retrieved from /home/airflow/.local/lib/python3.12/site-packages/airflow/example_dags/example_branch_labels.py
[2024-05-27T02:31:30.676+0000] {logging_mixin.py:188} INFO - [2024-05-27T02:31:30.675+0000] {override.py:1829} INFO - Created Permission View: can edit on DAG:example_branch_labels
[2024-05-27T02:31:30.680+0000] {logging_mixin.py:188} INFO - [2024-05-27T02:31:30.680+0000] {override.py:1829} INFO - Created Permission View: can delete on DAG:example_branch_labels
[2024-05-27T02:31:30.683+0000] {logging_mixin.py:188} INFO - [2024-05-27T02:31:30.683+0000] {override.py:1829} INFO - Created Permission View: can read on DAG:example_branch_labels
[2024-05-27T02:31:30.684+0000] {logging_mixin.py:188} INFO - [2024-05-27T02:31:30.684+0000] {dag.py:3096} INFO - Sync 1 DAGs
[2024-05-27T02:31:30.698+0000] {logging_mixin.py:188} INFO - [2024-05-27T02:31:30.697+0000] {dag.py:3118} INFO - Creating ORM DAG for example_branch_labels
[2024-05-27T02:31:30.706+0000] {logging_mixin.py:188} INFO - [2024-05-27T02:31:30.705+0000] {dag.py:3954} INFO - Setting next_dagrun for example_branch_labels to 2024-05-26 00:00:00+00:00, run_after=2024-05-27 00:00:00+00:00
[2024-05-27T02:31:30.716+0000] {processor.py:183} INFO - Processing /home/airflow/.local/lib/python3.12/site-packages/airflow/example_dags/example_branch_labels.py took 0.131 seconds
[2024-05-27T02:32:01.409+0000] {processor.py:161} INFO - Started process (PID=109) to work on /home/airflow/.local/lib/python3.12/site-packages/airflow/example_dags/example_branch_labels.py
[2024-05-27T02:32:01.411+0000] {processor.py:830} INFO - Processing file /home/airflow/.local/lib/python3.12/site-packages/airflow/example_dags/example_branch_labels.py for tasks to queue
[2024-05-27T02:32:01.413+0000] {logging_mixin.py:188} INFO - [2024-05-27T02:32:01.412+0000] {dagbag.py:545} INFO - Filling up the DagBag from /home/airflow/.local/lib/python3.12/site-packages/airflow/example_dags/example_branch_labels.py
[2024-05-27T02:32:01.416+0000] {processor.py:840} INFO - DAG(s) 'example_branch_labels' retrieved from /home/airflow/.local/lib/python3.12/site-packages/airflow/example_dags/example_branch_labels.py
[2024-05-27T02:32:01.427+0000] {logging_mixin.py:188} INFO - [2024-05-27T02:32:01.427+0000] {dag.py:3096} INFO - Sync 1 DAGs
[2024-05-27T02:32:01.437+0000] {logging_mixin.py:188} INFO - [2024-05-27T02:32:01.437+0000] {dag.py:3954} INFO - Setting next_dagrun for example_branch_labels to 2024-05-26 00:00:00+00:00, run_after=2024-05-27 00:00:00+00:00
[2024-05-27T02:32:01.445+0000] {processor.py:183} INFO - Processing /home/airflow/.local/lib/python3.12/site-packages/airflow/example_dags/example_branch_labels.py took 0.038 seconds
[2024-05-27T02:32:31.555+0000] {processor.py:161} INFO - Started process (PID=167) to work on /home/airflow/.local/lib/python3.12/site-packages/airflow/example_dags/example_branch_labels.py
[2024-05-27T02:32:31.555+0000] {processor.py:830} INFO - Processing file /home/airflow/.local/lib/python3.12/site-packages/airflow/example_dags/example_branch_labels.py for tasks to queue
[2024-05-27T02:32:31.556+0000] {logging_mixin.py:188} INFO - [2024-05-27T02:32:31.556+0000] {dagbag.py:545} INFO - Filling up the DagBag from /home/airflow/.local/lib/python3.12/site-packages/airflow/example_dags/example_branch_labels.py
[2024-05-27T02:32:31.559+0000] {processor.py:840} INFO - DAG(s) 'example_branch_labels' retrieved from /home/airflow/.local/lib/python3.12/site-packages/airflow/example_dags/example_branch_labels.py
[2024-05-27T02:32:31.568+0000] {logging_mixin.py:188} INFO - [2024-05-27T02:32:31.568+0000] {dag.py:3096} INFO - Sync 1 DAGs
[2024-05-27T02:32:31.578+0000] {logging_mixin.py:188} INFO - [2024-05-27T02:32:31.578+0000] {dag.py:3954} INFO - Setting next_dagrun for example_branch_labels to 2024-05-26 00:00:00+00:00, run_after=2024-05-27 00:00:00+00:00
[2024-05-27T02:32:31.588+0000] {processor.py:183} INFO - Processing /home/airflow/.local/lib/python3.12/site-packages/airflow/example_dags/example_branch_labels.py took 0.035 seconds
[2024-05-27T02:33:02.114+0000] {processor.py:161} INFO - Started process (PID=225) to work on /home/airflow/.local/lib/python3.12/site-packages/airflow/example_dags/example_branch_labels.py
[2024-05-27T02:33:02.114+0000] {processor.py:830} INFO - Processing file /home/airflow/.local/lib/python3.12/site-packages/airflow/example_dags/example_branch_labels.py for tasks to queue
[2024-05-27T02:33:02.115+0000] {logging_mixin.py:188} INFO - [2024-05-27T02:33:02.115+0000] {dagbag.py:545} INFO - Filling up the DagBag from /home/airflow/.local/lib/python3.12/site-packages/airflow/example_dags/example_branch_labels.py
[2024-05-27T02:33:02.118+0000] {processor.py:840} INFO - DAG(s) 'example_branch_labels' retrieved from /home/airflow/.local/lib/python3.12/site-packages/airflow/example_dags/example_branch_labels.py
[2024-05-27T02:33:02.128+0000] {logging_mixin.py:188} INFO - [2024-05-27T02:33:02.127+0000] {dag.py:3096} INFO - Sync 1 DAGs
[2024-05-27T02:33:02.137+0000] {logging_mixin.py:188} INFO - [2024-05-27T02:33:02.137+0000] {dag.py:3954} INFO - Setting next_dagrun for example_branch_labels to 2024-05-26 00:00:00+00:00, run_after=2024-05-27 00:00:00+00:00
[2024-05-27T02:33:02.143+0000] {processor.py:183} INFO - Processing /home/airflow/.local/lib/python3.12/site-packages/airflow/example_dags/example_branch_labels.py took 0.031 seconds
