[2024-05-27T02:31:29.780+0000] {processor.py:161} INFO - Started process (PID=40) to work on /home/airflow/.local/lib/python3.12/site-packages/airflow/example_dags/example_datasets.py
[2024-05-27T02:31:29.781+0000] {processor.py:830} INFO - Processing file /home/airflow/.local/lib/python3.12/site-packages/airflow/example_dags/example_datasets.py for tasks to queue
[2024-05-27T02:31:29.781+0000] {logging_mixin.py:188} INFO - [2024-05-27T02:31:29.781+0000] {dagbag.py:545} INFO - Filling up the DagBag from /home/airflow/.local/lib/python3.12/site-packages/airflow/example_dags/example_datasets.py
[2024-05-27T02:31:29.790+0000] {processor.py:840} INFO - DAG(s) 'dataset_consumes_1_and_2', 'conditional_dataset_and_time_based_timetable', 'dataset_produces_1', 'dataset_consumes_unknown_never_scheduled', 'dataset_consumes_1_never_scheduled', 'dataset_produces_2', 'consume_1_and_2_with_dataset_expressions', 'consume_1_or_2_with_dataset_expressions', 'dataset_consumes_1', 'consume_1_or_both_2_and_3_with_dataset_expressions' retrieved from /home/airflow/.local/lib/python3.12/site-packages/airflow/example_dags/example_datasets.py
[2024-05-27T02:31:29.852+0000] {logging_mixin.py:188} INFO - [2024-05-27T02:31:29.852+0000] {override.py:1829} INFO - Created Permission View: can edit on DAG:dataset_consumes_1_and_2
[2024-05-27T02:31:29.860+0000] {logging_mixin.py:188} INFO - [2024-05-27T02:31:29.860+0000] {override.py:1829} INFO - Created Permission View: can delete on DAG:dataset_consumes_1_and_2
[2024-05-27T02:31:29.867+0000] {logging_mixin.py:188} INFO - [2024-05-27T02:31:29.867+0000] {override.py:1829} INFO - Created Permission View: can read on DAG:dataset_consumes_1_and_2
[2024-05-27T02:31:29.875+0000] {logging_mixin.py:188} INFO - [2024-05-27T02:31:29.875+0000] {override.py:1829} INFO - Created Permission View: can edit on DAG:conditional_dataset_and_time_based_timetable
[2024-05-27T02:31:29.878+0000] {logging_mixin.py:188} INFO - [2024-05-27T02:31:29.878+0000] {override.py:1829} INFO - Created Permission View: can delete on DAG:conditional_dataset_and_time_based_timetable
[2024-05-27T02:31:29.881+0000] {logging_mixin.py:188} INFO - [2024-05-27T02:31:29.881+0000] {override.py:1829} INFO - Created Permission View: can read on DAG:conditional_dataset_and_time_based_timetable
[2024-05-27T02:31:29.886+0000] {logging_mixin.py:188} INFO - [2024-05-27T02:31:29.886+0000] {override.py:1829} INFO - Created Permission View: can edit on DAG:dataset_produces_1
[2024-05-27T02:31:29.891+0000] {logging_mixin.py:188} INFO - [2024-05-27T02:31:29.890+0000] {override.py:1829} INFO - Created Permission View: can delete on DAG:dataset_produces_1
[2024-05-27T02:31:29.893+0000] {logging_mixin.py:188} INFO - [2024-05-27T02:31:29.893+0000] {override.py:1829} INFO - Created Permission View: can read on DAG:dataset_produces_1
[2024-05-27T02:31:29.898+0000] {logging_mixin.py:188} INFO - [2024-05-27T02:31:29.898+0000] {override.py:1829} INFO - Created Permission View: can edit on DAG:dataset_consumes_unknown_never_scheduled
[2024-05-27T02:31:29.900+0000] {logging_mixin.py:188} INFO - [2024-05-27T02:31:29.900+0000] {override.py:1829} INFO - Created Permission View: can delete on DAG:dataset_consumes_unknown_never_scheduled
[2024-05-27T02:31:29.902+0000] {logging_mixin.py:188} INFO - [2024-05-27T02:31:29.902+0000] {override.py:1829} INFO - Created Permission View: can read on DAG:dataset_consumes_unknown_never_scheduled
[2024-05-27T02:31:29.907+0000] {logging_mixin.py:188} INFO - [2024-05-27T02:31:29.906+0000] {override.py:1829} INFO - Created Permission View: can edit on DAG:dataset_consumes_1_never_scheduled
[2024-05-27T02:31:29.909+0000] {logging_mixin.py:188} INFO - [2024-05-27T02:31:29.909+0000] {override.py:1829} INFO - Created Permission View: can delete on DAG:dataset_consumes_1_never_scheduled
[2024-05-27T02:31:29.911+0000] {logging_mixin.py:188} INFO - [2024-05-27T02:31:29.911+0000] {override.py:1829} INFO - Created Permission View: can read on DAG:dataset_consumes_1_never_scheduled
[2024-05-27T02:31:29.915+0000] {logging_mixin.py:188} INFO - [2024-05-27T02:31:29.915+0000] {override.py:1829} INFO - Created Permission View: can edit on DAG:dataset_produces_2
[2024-05-27T02:31:29.917+0000] {logging_mixin.py:188} INFO - [2024-05-27T02:31:29.917+0000] {override.py:1829} INFO - Created Permission View: can delete on DAG:dataset_produces_2
[2024-05-27T02:31:29.920+0000] {logging_mixin.py:188} INFO - [2024-05-27T02:31:29.920+0000] {override.py:1829} INFO - Created Permission View: can read on DAG:dataset_produces_2
[2024-05-27T02:31:29.928+0000] {logging_mixin.py:188} INFO - [2024-05-27T02:31:29.927+0000] {override.py:1829} INFO - Created Permission View: can edit on DAG:consume_1_and_2_with_dataset_expressions
[2024-05-27T02:31:29.931+0000] {logging_mixin.py:188} INFO - [2024-05-27T02:31:29.931+0000] {override.py:1829} INFO - Created Permission View: can delete on DAG:consume_1_and_2_with_dataset_expressions
[2024-05-27T02:31:29.937+0000] {logging_mixin.py:188} INFO - [2024-05-27T02:31:29.936+0000] {override.py:1829} INFO - Created Permission View: can read on DAG:consume_1_and_2_with_dataset_expressions
[2024-05-27T02:31:29.946+0000] {logging_mixin.py:188} INFO - [2024-05-27T02:31:29.945+0000] {override.py:1829} INFO - Created Permission View: can edit on DAG:consume_1_or_2_with_dataset_expressions
[2024-05-27T02:31:29.954+0000] {logging_mixin.py:188} INFO - [2024-05-27T02:31:29.954+0000] {override.py:1829} INFO - Created Permission View: can delete on DAG:consume_1_or_2_with_dataset_expressions
[2024-05-27T02:31:29.957+0000] {logging_mixin.py:188} INFO - [2024-05-27T02:31:29.956+0000] {override.py:1829} INFO - Created Permission View: can read on DAG:consume_1_or_2_with_dataset_expressions
[2024-05-27T02:31:29.965+0000] {logging_mixin.py:188} INFO - [2024-05-27T02:31:29.964+0000] {override.py:1829} INFO - Created Permission View: can edit on DAG:dataset_consumes_1
[2024-05-27T02:31:29.972+0000] {logging_mixin.py:188} INFO - [2024-05-27T02:31:29.971+0000] {override.py:1829} INFO - Created Permission View: can delete on DAG:dataset_consumes_1
[2024-05-27T02:31:29.975+0000] {logging_mixin.py:188} INFO - [2024-05-27T02:31:29.974+0000] {override.py:1829} INFO - Created Permission View: can read on DAG:dataset_consumes_1
[2024-05-27T02:31:29.985+0000] {logging_mixin.py:188} INFO - [2024-05-27T02:31:29.985+0000] {override.py:1829} INFO - Created Permission View: can edit on DAG:consume_1_or_both_2_and_3_with_dataset_expressions
[2024-05-27T02:31:29.988+0000] {logging_mixin.py:188} INFO - [2024-05-27T02:31:29.988+0000] {override.py:1829} INFO - Created Permission View: can delete on DAG:consume_1_or_both_2_and_3_with_dataset_expressions
[2024-05-27T02:31:29.992+0000] {logging_mixin.py:188} INFO - [2024-05-27T02:31:29.992+0000] {override.py:1829} INFO - Created Permission View: can read on DAG:consume_1_or_both_2_and_3_with_dataset_expressions
[2024-05-27T02:31:29.994+0000] {logging_mixin.py:188} INFO - [2024-05-27T02:31:29.994+0000] {dag.py:3096} INFO - Sync 10 DAGs
[2024-05-27T02:31:29.999+0000] {logging_mixin.py:188} INFO - [2024-05-27T02:31:29.999+0000] {dag.py:3118} INFO - Creating ORM DAG for dataset_produces_2
[2024-05-27T02:31:30.001+0000] {logging_mixin.py:188} INFO - [2024-05-27T02:31:30.001+0000] {dag.py:3118} INFO - Creating ORM DAG for consume_1_or_2_with_dataset_expressions
[2024-05-27T02:31:30.001+0000] {logging_mixin.py:188} INFO - [2024-05-27T02:31:30.001+0000] {dag.py:3118} INFO - Creating ORM DAG for dataset_consumes_1
[2024-05-27T02:31:30.002+0000] {logging_mixin.py:188} INFO - [2024-05-27T02:31:30.002+0000] {dag.py:3118} INFO - Creating ORM DAG for consume_1_and_2_with_dataset_expressions
[2024-05-27T02:31:30.002+0000] {logging_mixin.py:188} INFO - [2024-05-27T02:31:30.002+0000] {dag.py:3118} INFO - Creating ORM DAG for dataset_produces_1
[2024-05-27T02:31:30.002+0000] {logging_mixin.py:188} INFO - [2024-05-27T02:31:30.002+0000] {dag.py:3118} INFO - Creating ORM DAG for consume_1_or_both_2_and_3_with_dataset_expressions
[2024-05-27T02:31:30.003+0000] {logging_mixin.py:188} INFO - [2024-05-27T02:31:30.003+0000] {dag.py:3118} INFO - Creating ORM DAG for conditional_dataset_and_time_based_timetable
[2024-05-27T02:31:30.003+0000] {logging_mixin.py:188} INFO - [2024-05-27T02:31:30.003+0000] {dag.py:3118} INFO - Creating ORM DAG for dataset_consumes_unknown_never_scheduled
[2024-05-27T02:31:30.003+0000] {logging_mixin.py:188} INFO - [2024-05-27T02:31:30.003+0000] {dag.py:3118} INFO - Creating ORM DAG for dataset_consumes_1_and_2
[2024-05-27T02:31:30.004+0000] {logging_mixin.py:188} INFO - [2024-05-27T02:31:30.004+0000] {dag.py:3118} INFO - Creating ORM DAG for dataset_consumes_1_never_scheduled
[2024-05-27T02:31:30.008+0000] {logging_mixin.py:188} INFO - [2024-05-27T02:31:30.008+0000] {dag.py:3954} INFO - Setting next_dagrun for conditional_dataset_and_time_based_timetable to 2024-05-22 01:00:00+00:00, run_after=2024-05-22 01:00:00+00:00
[2024-05-27T02:31:30.009+0000] {logging_mixin.py:188} INFO - [2024-05-27T02:31:30.009+0000] {dag.py:3954} INFO - Setting next_dagrun for consume_1_and_2_with_dataset_expressions to None, run_after=None
[2024-05-27T02:31:30.009+0000] {logging_mixin.py:188} INFO - [2024-05-27T02:31:30.009+0000] {dag.py:3954} INFO - Setting next_dagrun for consume_1_or_2_with_dataset_expressions to None, run_after=None
[2024-05-27T02:31:30.009+0000] {logging_mixin.py:188} INFO - [2024-05-27T02:31:30.009+0000] {dag.py:3954} INFO - Setting next_dagrun for consume_1_or_both_2_and_3_with_dataset_expressions to None, run_after=None
[2024-05-27T02:31:30.009+0000] {logging_mixin.py:188} INFO - [2024-05-27T02:31:30.009+0000] {dag.py:3954} INFO - Setting next_dagrun for dataset_consumes_1 to None, run_after=None
[2024-05-27T02:31:30.010+0000] {logging_mixin.py:188} INFO - [2024-05-27T02:31:30.010+0000] {dag.py:3954} INFO - Setting next_dagrun for dataset_consumes_1_and_2 to None, run_after=None
[2024-05-27T02:31:30.010+0000] {logging_mixin.py:188} INFO - [2024-05-27T02:31:30.010+0000] {dag.py:3954} INFO - Setting next_dagrun for dataset_consumes_1_never_scheduled to None, run_after=None
[2024-05-27T02:31:30.010+0000] {logging_mixin.py:188} INFO - [2024-05-27T02:31:30.010+0000] {dag.py:3954} INFO - Setting next_dagrun for dataset_consumes_unknown_never_scheduled to None, run_after=None
[2024-05-27T02:31:30.011+0000] {logging_mixin.py:188} INFO - [2024-05-27T02:31:30.011+0000] {dag.py:3954} INFO - Setting next_dagrun for dataset_produces_1 to 2024-05-26 00:00:00+00:00, run_after=2024-05-27 00:00:00+00:00
[2024-05-27T02:31:30.011+0000] {logging_mixin.py:188} INFO - [2024-05-27T02:31:30.011+0000] {dag.py:3954} INFO - Setting next_dagrun for dataset_produces_2 to None, run_after=None
[2024-05-27T02:31:30.028+0000] {processor.py:183} INFO - Processing /home/airflow/.local/lib/python3.12/site-packages/airflow/example_dags/example_datasets.py took 0.251 seconds
[2024-05-27T02:32:00.816+0000] {processor.py:161} INFO - Started process (PID=98) to work on /home/airflow/.local/lib/python3.12/site-packages/airflow/example_dags/example_datasets.py
[2024-05-27T02:32:00.820+0000] {processor.py:830} INFO - Processing file /home/airflow/.local/lib/python3.12/site-packages/airflow/example_dags/example_datasets.py for tasks to queue
[2024-05-27T02:32:00.823+0000] {logging_mixin.py:188} INFO - [2024-05-27T02:32:00.823+0000] {dagbag.py:545} INFO - Filling up the DagBag from /home/airflow/.local/lib/python3.12/site-packages/airflow/example_dags/example_datasets.py
[2024-05-27T02:32:00.837+0000] {processor.py:840} INFO - DAG(s) 'consume_1_or_2_with_dataset_expressions', 'consume_1_and_2_with_dataset_expressions', 'dataset_consumes_unknown_never_scheduled', 'dataset_consumes_1', 'dataset_produces_1', 'dataset_produces_2', 'consume_1_or_both_2_and_3_with_dataset_expressions', 'conditional_dataset_and_time_based_timetable', 'dataset_consumes_1_and_2', 'dataset_consumes_1_never_scheduled' retrieved from /home/airflow/.local/lib/python3.12/site-packages/airflow/example_dags/example_datasets.py
[2024-05-27T02:32:00.925+0000] {logging_mixin.py:188} INFO - [2024-05-27T02:32:00.924+0000] {dag.py:3096} INFO - Sync 10 DAGs
[2024-05-27T02:32:00.959+0000] {logging_mixin.py:188} INFO - [2024-05-27T02:32:00.958+0000] {dag.py:3954} INFO - Setting next_dagrun for conditional_dataset_and_time_based_timetable to 2024-05-22 01:00:00+00:00, run_after=2024-05-22 01:00:00+00:00
[2024-05-27T02:32:00.970+0000] {logging_mixin.py:188} INFO - [2024-05-27T02:32:00.970+0000] {dag.py:3954} INFO - Setting next_dagrun for consume_1_and_2_with_dataset_expressions to None, run_after=None
[2024-05-27T02:32:00.975+0000] {logging_mixin.py:188} INFO - [2024-05-27T02:32:00.973+0000] {dag.py:3954} INFO - Setting next_dagrun for consume_1_or_2_with_dataset_expressions to None, run_after=None
[2024-05-27T02:32:00.981+0000] {logging_mixin.py:188} INFO - [2024-05-27T02:32:00.980+0000] {dag.py:3954} INFO - Setting next_dagrun for consume_1_or_both_2_and_3_with_dataset_expressions to None, run_after=None
[2024-05-27T02:32:00.987+0000] {logging_mixin.py:188} INFO - [2024-05-27T02:32:00.987+0000] {dag.py:3954} INFO - Setting next_dagrun for dataset_consumes_1 to None, run_after=None
[2024-05-27T02:32:00.993+0000] {logging_mixin.py:188} INFO - [2024-05-27T02:32:00.992+0000] {dag.py:3954} INFO - Setting next_dagrun for dataset_consumes_1_and_2 to None, run_after=None
[2024-05-27T02:32:00.994+0000] {logging_mixin.py:188} INFO - [2024-05-27T02:32:00.994+0000] {dag.py:3954} INFO - Setting next_dagrun for dataset_consumes_1_never_scheduled to None, run_after=None
[2024-05-27T02:32:00.995+0000] {logging_mixin.py:188} INFO - [2024-05-27T02:32:00.995+0000] {dag.py:3954} INFO - Setting next_dagrun for dataset_consumes_unknown_never_scheduled to None, run_after=None
[2024-05-27T02:32:00.996+0000] {logging_mixin.py:188} INFO - [2024-05-27T02:32:00.996+0000] {dag.py:3954} INFO - Setting next_dagrun for dataset_produces_1 to 2024-05-26 00:00:00+00:00, run_after=2024-05-27 00:00:00+00:00
[2024-05-27T02:32:00.998+0000] {logging_mixin.py:188} INFO - [2024-05-27T02:32:00.998+0000] {dag.py:3954} INFO - Setting next_dagrun for dataset_produces_2 to None, run_after=None
[2024-05-27T02:32:01.015+0000] {processor.py:183} INFO - Processing /home/airflow/.local/lib/python3.12/site-packages/airflow/example_dags/example_datasets.py took 0.203 seconds
[2024-05-27T02:32:31.221+0000] {processor.py:161} INFO - Started process (PID=156) to work on /home/airflow/.local/lib/python3.12/site-packages/airflow/example_dags/example_datasets.py
[2024-05-27T02:32:31.222+0000] {processor.py:830} INFO - Processing file /home/airflow/.local/lib/python3.12/site-packages/airflow/example_dags/example_datasets.py for tasks to queue
[2024-05-27T02:32:31.223+0000] {logging_mixin.py:188} INFO - [2024-05-27T02:32:31.222+0000] {dagbag.py:545} INFO - Filling up the DagBag from /home/airflow/.local/lib/python3.12/site-packages/airflow/example_dags/example_datasets.py
[2024-05-27T02:32:31.229+0000] {processor.py:840} INFO - DAG(s) 'dataset_consumes_unknown_never_scheduled', 'consume_1_or_2_with_dataset_expressions', 'dataset_produces_2', 'dataset_consumes_1_and_2', 'dataset_produces_1', 'dataset_consumes_1_never_scheduled', 'dataset_consumes_1', 'conditional_dataset_and_time_based_timetable', 'consume_1_or_both_2_and_3_with_dataset_expressions', 'consume_1_and_2_with_dataset_expressions' retrieved from /home/airflow/.local/lib/python3.12/site-packages/airflow/example_dags/example_datasets.py
[2024-05-27T02:32:31.245+0000] {logging_mixin.py:188} INFO - [2024-05-27T02:32:31.244+0000] {dag.py:3096} INFO - Sync 10 DAGs
[2024-05-27T02:32:31.254+0000] {logging_mixin.py:188} INFO - [2024-05-27T02:32:31.254+0000] {dag.py:3954} INFO - Setting next_dagrun for conditional_dataset_and_time_based_timetable to 2024-05-22 01:00:00+00:00, run_after=2024-05-22 01:00:00+00:00
[2024-05-27T02:32:31.256+0000] {logging_mixin.py:188} INFO - [2024-05-27T02:32:31.256+0000] {dag.py:3954} INFO - Setting next_dagrun for consume_1_and_2_with_dataset_expressions to None, run_after=None
[2024-05-27T02:32:31.256+0000] {logging_mixin.py:188} INFO - [2024-05-27T02:32:31.256+0000] {dag.py:3954} INFO - Setting next_dagrun for consume_1_or_2_with_dataset_expressions to None, run_after=None
[2024-05-27T02:32:31.257+0000] {logging_mixin.py:188} INFO - [2024-05-27T02:32:31.256+0000] {dag.py:3954} INFO - Setting next_dagrun for consume_1_or_both_2_and_3_with_dataset_expressions to None, run_after=None
[2024-05-27T02:32:31.257+0000] {logging_mixin.py:188} INFO - [2024-05-27T02:32:31.257+0000] {dag.py:3954} INFO - Setting next_dagrun for dataset_consumes_1 to None, run_after=None
[2024-05-27T02:32:31.257+0000] {logging_mixin.py:188} INFO - [2024-05-27T02:32:31.257+0000] {dag.py:3954} INFO - Setting next_dagrun for dataset_consumes_1_and_2 to None, run_after=None
[2024-05-27T02:32:31.258+0000] {logging_mixin.py:188} INFO - [2024-05-27T02:32:31.258+0000] {dag.py:3954} INFO - Setting next_dagrun for dataset_consumes_1_never_scheduled to None, run_after=None
[2024-05-27T02:32:31.258+0000] {logging_mixin.py:188} INFO - [2024-05-27T02:32:31.258+0000] {dag.py:3954} INFO - Setting next_dagrun for dataset_consumes_unknown_never_scheduled to None, run_after=None
[2024-05-27T02:32:31.259+0000] {logging_mixin.py:188} INFO - [2024-05-27T02:32:31.259+0000] {dag.py:3954} INFO - Setting next_dagrun for dataset_produces_1 to 2024-05-26 00:00:00+00:00, run_after=2024-05-27 00:00:00+00:00
[2024-05-27T02:32:31.259+0000] {logging_mixin.py:188} INFO - [2024-05-27T02:32:31.259+0000] {dag.py:3954} INFO - Setting next_dagrun for dataset_produces_2 to None, run_after=None
[2024-05-27T02:32:31.271+0000] {processor.py:183} INFO - Processing /home/airflow/.local/lib/python3.12/site-packages/airflow/example_dags/example_datasets.py took 0.053 seconds
[2024-05-27T02:33:01.832+0000] {processor.py:161} INFO - Started process (PID=214) to work on /home/airflow/.local/lib/python3.12/site-packages/airflow/example_dags/example_datasets.py
[2024-05-27T02:33:01.833+0000] {processor.py:830} INFO - Processing file /home/airflow/.local/lib/python3.12/site-packages/airflow/example_dags/example_datasets.py for tasks to queue
[2024-05-27T02:33:01.834+0000] {logging_mixin.py:188} INFO - [2024-05-27T02:33:01.834+0000] {dagbag.py:545} INFO - Filling up the DagBag from /home/airflow/.local/lib/python3.12/site-packages/airflow/example_dags/example_datasets.py
[2024-05-27T02:33:01.846+0000] {processor.py:840} INFO - DAG(s) 'consume_1_or_both_2_and_3_with_dataset_expressions', 'dataset_consumes_1_and_2', 'dataset_consumes_1', 'dataset_consumes_1_never_scheduled', 'consume_1_and_2_with_dataset_expressions', 'dataset_produces_1', 'conditional_dataset_and_time_based_timetable', 'dataset_consumes_unknown_never_scheduled', 'dataset_produces_2', 'consume_1_or_2_with_dataset_expressions' retrieved from /home/airflow/.local/lib/python3.12/site-packages/airflow/example_dags/example_datasets.py
[2024-05-27T02:33:01.871+0000] {logging_mixin.py:188} INFO - [2024-05-27T02:33:01.870+0000] {dag.py:3096} INFO - Sync 10 DAGs
[2024-05-27T02:33:01.883+0000] {logging_mixin.py:188} INFO - [2024-05-27T02:33:01.883+0000] {dag.py:3954} INFO - Setting next_dagrun for conditional_dataset_and_time_based_timetable to 2024-05-22 01:00:00+00:00, run_after=2024-05-22 01:00:00+00:00
[2024-05-27T02:33:01.886+0000] {logging_mixin.py:188} INFO - [2024-05-27T02:33:01.886+0000] {dag.py:3954} INFO - Setting next_dagrun for consume_1_and_2_with_dataset_expressions to None, run_after=None
[2024-05-27T02:33:01.886+0000] {logging_mixin.py:188} INFO - [2024-05-27T02:33:01.886+0000] {dag.py:3954} INFO - Setting next_dagrun for consume_1_or_2_with_dataset_expressions to None, run_after=None
[2024-05-27T02:33:01.887+0000] {logging_mixin.py:188} INFO - [2024-05-27T02:33:01.887+0000] {dag.py:3954} INFO - Setting next_dagrun for consume_1_or_both_2_and_3_with_dataset_expressions to None, run_after=None
[2024-05-27T02:33:01.890+0000] {logging_mixin.py:188} INFO - [2024-05-27T02:33:01.890+0000] {dag.py:3954} INFO - Setting next_dagrun for dataset_consumes_1 to None, run_after=None
[2024-05-27T02:33:01.891+0000] {logging_mixin.py:188} INFO - [2024-05-27T02:33:01.891+0000] {dag.py:3954} INFO - Setting next_dagrun for dataset_consumes_1_and_2 to None, run_after=None
[2024-05-27T02:33:01.892+0000] {logging_mixin.py:188} INFO - [2024-05-27T02:33:01.891+0000] {dag.py:3954} INFO - Setting next_dagrun for dataset_consumes_1_never_scheduled to None, run_after=None
[2024-05-27T02:33:01.892+0000] {logging_mixin.py:188} INFO - [2024-05-27T02:33:01.892+0000] {dag.py:3954} INFO - Setting next_dagrun for dataset_consumes_unknown_never_scheduled to None, run_after=None
[2024-05-27T02:33:01.893+0000] {logging_mixin.py:188} INFO - [2024-05-27T02:33:01.893+0000] {dag.py:3954} INFO - Setting next_dagrun for dataset_produces_1 to 2024-05-26 00:00:00+00:00, run_after=2024-05-27 00:00:00+00:00
[2024-05-27T02:33:01.893+0000] {logging_mixin.py:188} INFO - [2024-05-27T02:33:01.893+0000] {dag.py:3954} INFO - Setting next_dagrun for dataset_produces_2 to None, run_after=None
[2024-05-27T02:33:01.907+0000] {processor.py:183} INFO - Processing /home/airflow/.local/lib/python3.12/site-packages/airflow/example_dags/example_datasets.py took 0.079 seconds
[2024-05-27T02:33:32.490+0000] {processor.py:161} INFO - Started process (PID=272) to work on /home/airflow/.local/lib/python3.12/site-packages/airflow/example_dags/example_datasets.py
[2024-05-27T02:33:32.498+0000] {processor.py:830} INFO - Processing file /home/airflow/.local/lib/python3.12/site-packages/airflow/example_dags/example_datasets.py for tasks to queue
[2024-05-27T02:33:32.501+0000] {logging_mixin.py:188} INFO - [2024-05-27T02:33:32.501+0000] {dagbag.py:545} INFO - Filling up the DagBag from /home/airflow/.local/lib/python3.12/site-packages/airflow/example_dags/example_datasets.py
[2024-05-27T02:33:32.536+0000] {processor.py:840} INFO - DAG(s) 'dataset_consumes_unknown_never_scheduled', 'dataset_consumes_1_never_scheduled', 'consume_1_or_both_2_and_3_with_dataset_expressions', 'dataset_produces_1', 'conditional_dataset_and_time_based_timetable', 'consume_1_and_2_with_dataset_expressions', 'dataset_consumes_1', 'dataset_produces_2', 'dataset_consumes_1_and_2', 'consume_1_or_2_with_dataset_expressions' retrieved from /home/airflow/.local/lib/python3.12/site-packages/airflow/example_dags/example_datasets.py
[2024-05-27T02:33:32.604+0000] {logging_mixin.py:188} INFO - [2024-05-27T02:33:32.604+0000] {dag.py:3096} INFO - Sync 10 DAGs
[2024-05-27T02:33:32.648+0000] {logging_mixin.py:188} INFO - [2024-05-27T02:33:32.648+0000] {dag.py:3954} INFO - Setting next_dagrun for conditional_dataset_and_time_based_timetable to 2024-05-22 01:00:00+00:00, run_after=2024-05-22 01:00:00+00:00
[2024-05-27T02:33:32.665+0000] {logging_mixin.py:188} INFO - [2024-05-27T02:33:32.665+0000] {dag.py:3954} INFO - Setting next_dagrun for consume_1_and_2_with_dataset_expressions to None, run_after=None
[2024-05-27T02:33:32.669+0000] {logging_mixin.py:188} INFO - [2024-05-27T02:33:32.669+0000] {dag.py:3954} INFO - Setting next_dagrun for consume_1_or_2_with_dataset_expressions to None, run_after=None
[2024-05-27T02:33:32.674+0000] {logging_mixin.py:188} INFO - [2024-05-27T02:33:32.674+0000] {dag.py:3954} INFO - Setting next_dagrun for consume_1_or_both_2_and_3_with_dataset_expressions to None, run_after=None
[2024-05-27T02:33:32.686+0000] {logging_mixin.py:188} INFO - [2024-05-27T02:33:32.685+0000] {dag.py:3954} INFO - Setting next_dagrun for dataset_consumes_1 to None, run_after=None
[2024-05-27T02:33:32.693+0000] {logging_mixin.py:188} INFO - [2024-05-27T02:33:32.693+0000] {dag.py:3954} INFO - Setting next_dagrun for dataset_consumes_1_and_2 to None, run_after=None
[2024-05-27T02:33:32.696+0000] {logging_mixin.py:188} INFO - [2024-05-27T02:33:32.696+0000] {dag.py:3954} INFO - Setting next_dagrun for dataset_consumes_1_never_scheduled to None, run_after=None
[2024-05-27T02:33:32.702+0000] {logging_mixin.py:188} INFO - [2024-05-27T02:33:32.702+0000] {dag.py:3954} INFO - Setting next_dagrun for dataset_consumes_unknown_never_scheduled to None, run_after=None
[2024-05-27T02:33:32.706+0000] {logging_mixin.py:188} INFO - [2024-05-27T02:33:32.705+0000] {dag.py:3954} INFO - Setting next_dagrun for dataset_produces_1 to 2024-05-26 00:00:00+00:00, run_after=2024-05-27 00:00:00+00:00
[2024-05-27T02:33:32.708+0000] {logging_mixin.py:188} INFO - [2024-05-27T02:33:32.707+0000] {dag.py:3954} INFO - Setting next_dagrun for dataset_produces_2 to None, run_after=None
[2024-05-27T02:33:32.732+0000] {processor.py:183} INFO - Processing /home/airflow/.local/lib/python3.12/site-packages/airflow/example_dags/example_datasets.py took 0.252 seconds
