[2024-05-27T02:31:31.463+0000] {processor.py:161} INFO - Started process (PID=63) to work on /home/airflow/.local/lib/python3.12/site-packages/airflow/example_dags/example_nested_branch_dag.py
[2024-05-27T02:31:31.463+0000] {processor.py:830} INFO - Processing file /home/airflow/.local/lib/python3.12/site-packages/airflow/example_dags/example_nested_branch_dag.py for tasks to queue
[2024-05-27T02:31:31.464+0000] {logging_mixin.py:188} INFO - [2024-05-27T02:31:31.464+0000] {dagbag.py:545} INFO - Filling up the DagBag from /home/airflow/.local/lib/python3.12/site-packages/airflow/example_dags/example_nested_branch_dag.py
[2024-05-27T02:31:31.469+0000] {processor.py:840} INFO - DAG(s) 'example_nested_branch_dag' retrieved from /home/airflow/.local/lib/python3.12/site-packages/airflow/example_dags/example_nested_branch_dag.py
[2024-05-27T02:31:31.514+0000] {logging_mixin.py:188} INFO - [2024-05-27T02:31:31.513+0000] {override.py:1829} INFO - Created Permission View: can edit on DAG:example_nested_branch_dag
[2024-05-27T02:31:31.521+0000] {logging_mixin.py:188} INFO - [2024-05-27T02:31:31.521+0000] {override.py:1829} INFO - Created Permission View: can delete on DAG:example_nested_branch_dag
[2024-05-27T02:31:31.523+0000] {logging_mixin.py:188} INFO - [2024-05-27T02:31:31.523+0000] {override.py:1829} INFO - Created Permission View: can read on DAG:example_nested_branch_dag
[2024-05-27T02:31:31.523+0000] {logging_mixin.py:188} INFO - [2024-05-27T02:31:31.523+0000] {dag.py:3096} INFO - Sync 1 DAGs
[2024-05-27T02:31:31.528+0000] {logging_mixin.py:188} INFO - [2024-05-27T02:31:31.528+0000] {dag.py:3118} INFO - Creating ORM DAG for example_nested_branch_dag
[2024-05-27T02:31:31.532+0000] {logging_mixin.py:188} INFO - [2024-05-27T02:31:31.532+0000] {dag.py:3954} INFO - Setting next_dagrun for example_nested_branch_dag to 2024-05-26 00:00:00+00:00, run_after=2024-05-27 00:00:00+00:00
[2024-05-27T02:31:31.540+0000] {processor.py:183} INFO - Processing /home/airflow/.local/lib/python3.12/site-packages/airflow/example_dags/example_nested_branch_dag.py took 0.079 seconds
[2024-05-27T02:32:01.722+0000] {processor.py:161} INFO - Started process (PID=121) to work on /home/airflow/.local/lib/python3.12/site-packages/airflow/example_dags/example_nested_branch_dag.py
[2024-05-27T02:32:01.722+0000] {processor.py:830} INFO - Processing file /home/airflow/.local/lib/python3.12/site-packages/airflow/example_dags/example_nested_branch_dag.py for tasks to queue
[2024-05-27T02:32:01.723+0000] {logging_mixin.py:188} INFO - [2024-05-27T02:32:01.723+0000] {dagbag.py:545} INFO - Filling up the DagBag from /home/airflow/.local/lib/python3.12/site-packages/airflow/example_dags/example_nested_branch_dag.py
[2024-05-27T02:32:01.728+0000] {processor.py:840} INFO - DAG(s) 'example_nested_branch_dag' retrieved from /home/airflow/.local/lib/python3.12/site-packages/airflow/example_dags/example_nested_branch_dag.py
[2024-05-27T02:32:01.739+0000] {logging_mixin.py:188} INFO - [2024-05-27T02:32:01.739+0000] {dag.py:3096} INFO - Sync 1 DAGs
[2024-05-27T02:32:01.751+0000] {logging_mixin.py:188} INFO - [2024-05-27T02:32:01.751+0000] {dag.py:3954} INFO - Setting next_dagrun for example_nested_branch_dag to 2024-05-26 00:00:00+00:00, run_after=2024-05-27 00:00:00+00:00
[2024-05-27T02:32:01.758+0000] {processor.py:183} INFO - Processing /home/airflow/.local/lib/python3.12/site-packages/airflow/example_dags/example_nested_branch_dag.py took 0.039 seconds
[2024-05-27T02:32:31.821+0000] {processor.py:161} INFO - Started process (PID=179) to work on /home/airflow/.local/lib/python3.12/site-packages/airflow/example_dags/example_nested_branch_dag.py
[2024-05-27T02:32:31.821+0000] {processor.py:830} INFO - Processing file /home/airflow/.local/lib/python3.12/site-packages/airflow/example_dags/example_nested_branch_dag.py for tasks to queue
[2024-05-27T02:32:31.822+0000] {logging_mixin.py:188} INFO - [2024-05-27T02:32:31.822+0000] {dagbag.py:545} INFO - Filling up the DagBag from /home/airflow/.local/lib/python3.12/site-packages/airflow/example_dags/example_nested_branch_dag.py
[2024-05-27T02:32:31.827+0000] {processor.py:840} INFO - DAG(s) 'example_nested_branch_dag' retrieved from /home/airflow/.local/lib/python3.12/site-packages/airflow/example_dags/example_nested_branch_dag.py
[2024-05-27T02:32:31.835+0000] {logging_mixin.py:188} INFO - [2024-05-27T02:32:31.835+0000] {dag.py:3096} INFO - Sync 1 DAGs
[2024-05-27T02:32:31.843+0000] {logging_mixin.py:188} INFO - [2024-05-27T02:32:31.843+0000] {dag.py:3954} INFO - Setting next_dagrun for example_nested_branch_dag to 2024-05-26 00:00:00+00:00, run_after=2024-05-27 00:00:00+00:00
[2024-05-27T02:32:31.849+0000] {processor.py:183} INFO - Processing /home/airflow/.local/lib/python3.12/site-packages/airflow/example_dags/example_nested_branch_dag.py took 0.030 seconds
[2024-05-27T02:33:02.345+0000] {processor.py:161} INFO - Started process (PID=237) to work on /home/airflow/.local/lib/python3.12/site-packages/airflow/example_dags/example_nested_branch_dag.py
[2024-05-27T02:33:02.345+0000] {processor.py:830} INFO - Processing file /home/airflow/.local/lib/python3.12/site-packages/airflow/example_dags/example_nested_branch_dag.py for tasks to queue
[2024-05-27T02:33:02.346+0000] {logging_mixin.py:188} INFO - [2024-05-27T02:33:02.346+0000] {dagbag.py:545} INFO - Filling up the DagBag from /home/airflow/.local/lib/python3.12/site-packages/airflow/example_dags/example_nested_branch_dag.py
[2024-05-27T02:33:02.350+0000] {processor.py:840} INFO - DAG(s) 'example_nested_branch_dag' retrieved from /home/airflow/.local/lib/python3.12/site-packages/airflow/example_dags/example_nested_branch_dag.py
[2024-05-27T02:33:02.358+0000] {logging_mixin.py:188} INFO - [2024-05-27T02:33:02.358+0000] {dag.py:3096} INFO - Sync 1 DAGs
[2024-05-27T02:33:02.366+0000] {logging_mixin.py:188} INFO - [2024-05-27T02:33:02.366+0000] {dag.py:3954} INFO - Setting next_dagrun for example_nested_branch_dag to 2024-05-26 00:00:00+00:00, run_after=2024-05-27 00:00:00+00:00
[2024-05-27T02:33:02.372+0000] {processor.py:183} INFO - Processing /home/airflow/.local/lib/python3.12/site-packages/airflow/example_dags/example_nested_branch_dag.py took 0.029 seconds
