[2024-05-27T02:31:28.976+0000] {processor.py:161} INFO - Started process (PID=31) to work on /home/airflow/.local/lib/python3.12/site-packages/airflow/example_dags/example_latest_only.py
[2024-05-27T02:31:28.977+0000] {processor.py:830} INFO - Processing file /home/airflow/.local/lib/python3.12/site-packages/airflow/example_dags/example_latest_only.py for tasks to queue
[2024-05-27T02:31:28.978+0000] {logging_mixin.py:188} INFO - [2024-05-27T02:31:28.978+0000] {dagbag.py:545} INFO - Filling up the DagBag from /home/airflow/.local/lib/python3.12/site-packages/airflow/example_dags/example_latest_only.py
[2024-05-27T02:31:28.989+0000] {processor.py:840} INFO - DAG(s) 'latest_only' retrieved from /home/airflow/.local/lib/python3.12/site-packages/airflow/example_dags/example_latest_only.py
[2024-05-27T02:31:29.127+0000] {logging_mixin.py:188} INFO - [2024-05-27T02:31:29.126+0000] {override.py:1829} INFO - Created Permission View: can edit on DAG:latest_only
[2024-05-27T02:31:29.134+0000] {logging_mixin.py:188} INFO - [2024-05-27T02:31:29.134+0000] {override.py:1829} INFO - Created Permission View: can delete on DAG:latest_only
[2024-05-27T02:31:29.138+0000] {logging_mixin.py:188} INFO - [2024-05-27T02:31:29.138+0000] {override.py:1829} INFO - Created Permission View: can read on DAG:latest_only
[2024-05-27T02:31:29.139+0000] {logging_mixin.py:188} INFO - [2024-05-27T02:31:29.139+0000] {dag.py:3096} INFO - Sync 1 DAGs
[2024-05-27T02:31:29.145+0000] {logging_mixin.py:188} INFO - [2024-05-27T02:31:29.145+0000] {dag.py:3118} INFO - Creating ORM DAG for latest_only
[2024-05-27T02:31:29.152+0000] {logging_mixin.py:188} INFO - [2024-05-27T02:31:29.152+0000] {dag.py:3954} INFO - Setting next_dagrun for latest_only to 2024-05-26 20:00:00+00:00, run_after=2024-05-27 00:00:00+00:00
[2024-05-27T02:31:29.161+0000] {processor.py:183} INFO - Processing /home/airflow/.local/lib/python3.12/site-packages/airflow/example_dags/example_latest_only.py took 0.188 seconds
[2024-05-27T02:31:59.540+0000] {processor.py:161} INFO - Started process (PID=89) to work on /home/airflow/.local/lib/python3.12/site-packages/airflow/example_dags/example_latest_only.py
[2024-05-27T02:31:59.542+0000] {processor.py:830} INFO - Processing file /home/airflow/.local/lib/python3.12/site-packages/airflow/example_dags/example_latest_only.py for tasks to queue
[2024-05-27T02:31:59.544+0000] {logging_mixin.py:188} INFO - [2024-05-27T02:31:59.544+0000] {dagbag.py:545} INFO - Filling up the DagBag from /home/airflow/.local/lib/python3.12/site-packages/airflow/example_dags/example_latest_only.py
[2024-05-27T02:31:59.551+0000] {processor.py:840} INFO - DAG(s) 'latest_only' retrieved from /home/airflow/.local/lib/python3.12/site-packages/airflow/example_dags/example_latest_only.py
[2024-05-27T02:31:59.572+0000] {logging_mixin.py:188} INFO - [2024-05-27T02:31:59.571+0000] {dag.py:3096} INFO - Sync 1 DAGs
[2024-05-27T02:31:59.584+0000] {logging_mixin.py:188} INFO - [2024-05-27T02:31:59.584+0000] {dag.py:3954} INFO - Setting next_dagrun for latest_only to 2024-05-26 20:00:00+00:00, run_after=2024-05-27 00:00:00+00:00
[2024-05-27T02:31:59.592+0000] {processor.py:183} INFO - Processing /home/airflow/.local/lib/python3.12/site-packages/airflow/example_dags/example_latest_only.py took 0.060 seconds
[2024-05-27T02:32:29.760+0000] {processor.py:161} INFO - Started process (PID=147) to work on /home/airflow/.local/lib/python3.12/site-packages/airflow/example_dags/example_latest_only.py
[2024-05-27T02:32:29.761+0000] {processor.py:830} INFO - Processing file /home/airflow/.local/lib/python3.12/site-packages/airflow/example_dags/example_latest_only.py for tasks to queue
[2024-05-27T02:32:29.762+0000] {logging_mixin.py:188} INFO - [2024-05-27T02:32:29.762+0000] {dagbag.py:545} INFO - Filling up the DagBag from /home/airflow/.local/lib/python3.12/site-packages/airflow/example_dags/example_latest_only.py
[2024-05-27T02:32:29.768+0000] {processor.py:840} INFO - DAG(s) 'latest_only' retrieved from /home/airflow/.local/lib/python3.12/site-packages/airflow/example_dags/example_latest_only.py
[2024-05-27T02:32:29.796+0000] {logging_mixin.py:188} INFO - [2024-05-27T02:32:29.796+0000] {dag.py:3096} INFO - Sync 1 DAGs
[2024-05-27T02:32:29.817+0000] {logging_mixin.py:188} INFO - [2024-05-27T02:32:29.817+0000] {dag.py:3954} INFO - Setting next_dagrun for latest_only to 2024-05-26 20:00:00+00:00, run_after=2024-05-27 00:00:00+00:00
[2024-05-27T02:32:29.836+0000] {processor.py:183} INFO - Processing /home/airflow/.local/lib/python3.12/site-packages/airflow/example_dags/example_latest_only.py took 0.081 seconds
[2024-05-27T02:33:00.571+0000] {processor.py:161} INFO - Started process (PID=205) to work on /home/airflow/.local/lib/python3.12/site-packages/airflow/example_dags/example_latest_only.py
[2024-05-27T02:33:00.572+0000] {processor.py:830} INFO - Processing file /home/airflow/.local/lib/python3.12/site-packages/airflow/example_dags/example_latest_only.py for tasks to queue
[2024-05-27T02:33:00.574+0000] {logging_mixin.py:188} INFO - [2024-05-27T02:33:00.574+0000] {dagbag.py:545} INFO - Filling up the DagBag from /home/airflow/.local/lib/python3.12/site-packages/airflow/example_dags/example_latest_only.py
[2024-05-27T02:33:00.581+0000] {processor.py:840} INFO - DAG(s) 'latest_only' retrieved from /home/airflow/.local/lib/python3.12/site-packages/airflow/example_dags/example_latest_only.py
[2024-05-27T02:33:00.597+0000] {logging_mixin.py:188} INFO - [2024-05-27T02:33:00.597+0000] {dag.py:3096} INFO - Sync 1 DAGs
[2024-05-27T02:33:00.610+0000] {logging_mixin.py:188} INFO - [2024-05-27T02:33:00.609+0000] {dag.py:3954} INFO - Setting next_dagrun for latest_only to 2024-05-26 20:00:00+00:00, run_after=2024-05-27 00:00:00+00:00
[2024-05-27T02:33:00.618+0000] {processor.py:183} INFO - Processing /home/airflow/.local/lib/python3.12/site-packages/airflow/example_dags/example_latest_only.py took 0.054 seconds
[2024-05-27T02:33:31.059+0000] {processor.py:161} INFO - Started process (PID=263) to work on /home/airflow/.local/lib/python3.12/site-packages/airflow/example_dags/example_latest_only.py
[2024-05-27T02:33:31.060+0000] {processor.py:830} INFO - Processing file /home/airflow/.local/lib/python3.12/site-packages/airflow/example_dags/example_latest_only.py for tasks to queue
[2024-05-27T02:33:31.062+0000] {logging_mixin.py:188} INFO - [2024-05-27T02:33:31.062+0000] {dagbag.py:545} INFO - Filling up the DagBag from /home/airflow/.local/lib/python3.12/site-packages/airflow/example_dags/example_latest_only.py
[2024-05-27T02:33:31.068+0000] {processor.py:840} INFO - DAG(s) 'latest_only' retrieved from /home/airflow/.local/lib/python3.12/site-packages/airflow/example_dags/example_latest_only.py
[2024-05-27T02:33:31.092+0000] {logging_mixin.py:188} INFO - [2024-05-27T02:33:31.091+0000] {dag.py:3096} INFO - Sync 1 DAGs
[2024-05-27T02:33:31.118+0000] {logging_mixin.py:188} INFO - [2024-05-27T02:33:31.118+0000] {dag.py:3954} INFO - Setting next_dagrun for latest_only to 2024-05-26 20:00:00+00:00, run_after=2024-05-27 00:00:00+00:00
[2024-05-27T02:33:31.128+0000] {processor.py:183} INFO - Processing /home/airflow/.local/lib/python3.12/site-packages/airflow/example_dags/example_latest_only.py took 0.074 seconds
