[2024-05-27T02:31:28.973+0000] {processor.py:161} INFO - Started process (PID=30) to work on /home/airflow/.local/lib/python3.12/site-packages/airflow/example_dags/example_branch_operator.py
[2024-05-27T02:31:28.976+0000] {processor.py:830} INFO - Processing file /home/airflow/.local/lib/python3.12/site-packages/airflow/example_dags/example_branch_operator.py for tasks to queue
[2024-05-27T02:31:28.978+0000] {logging_mixin.py:188} INFO - [2024-05-27T02:31:28.978+0000] {dagbag.py:545} INFO - Filling up the DagBag from /home/airflow/.local/lib/python3.12/site-packages/airflow/example_dags/example_branch_operator.py
[2024-05-27T02:31:28.998+0000] {processor.py:840} INFO - DAG(s) 'example_branch_operator' retrieved from /home/airflow/.local/lib/python3.12/site-packages/airflow/example_dags/example_branch_operator.py
[2024-05-27T02:31:29.127+0000] {logging_mixin.py:188} INFO - [2024-05-27T02:31:29.127+0000] {override.py:1829} INFO - Created Permission View: can edit on DAG:example_branch_operator
[2024-05-27T02:31:29.133+0000] {logging_mixin.py:188} INFO - [2024-05-27T02:31:29.133+0000] {override.py:1829} INFO - Created Permission View: can delete on DAG:example_branch_operator
[2024-05-27T02:31:29.139+0000] {logging_mixin.py:188} INFO - [2024-05-27T02:31:29.139+0000] {override.py:1829} INFO - Created Permission View: can read on DAG:example_branch_operator
[2024-05-27T02:31:29.140+0000] {logging_mixin.py:188} INFO - [2024-05-27T02:31:29.139+0000] {dag.py:3096} INFO - Sync 1 DAGs
[2024-05-27T02:31:29.146+0000] {logging_mixin.py:188} INFO - [2024-05-27T02:31:29.146+0000] {dag.py:3118} INFO - Creating ORM DAG for example_branch_operator
[2024-05-27T02:31:29.153+0000] {logging_mixin.py:188} INFO - [2024-05-27T02:31:29.153+0000] {dag.py:3954} INFO - Setting next_dagrun for example_branch_operator to 2024-05-26 00:00:00+00:00, run_after=2024-05-27 00:00:00+00:00
[2024-05-27T02:31:29.161+0000] {processor.py:183} INFO - Processing /home/airflow/.local/lib/python3.12/site-packages/airflow/example_dags/example_branch_operator.py took 0.192 seconds
[2024-05-27T02:31:59.540+0000] {processor.py:161} INFO - Started process (PID=88) to work on /home/airflow/.local/lib/python3.12/site-packages/airflow/example_dags/example_branch_operator.py
[2024-05-27T02:31:59.542+0000] {processor.py:830} INFO - Processing file /home/airflow/.local/lib/python3.12/site-packages/airflow/example_dags/example_branch_operator.py for tasks to queue
[2024-05-27T02:31:59.544+0000] {logging_mixin.py:188} INFO - [2024-05-27T02:31:59.544+0000] {dagbag.py:545} INFO - Filling up the DagBag from /home/airflow/.local/lib/python3.12/site-packages/airflow/example_dags/example_branch_operator.py
[2024-05-27T02:31:59.561+0000] {processor.py:840} INFO - DAG(s) 'example_branch_operator' retrieved from /home/airflow/.local/lib/python3.12/site-packages/airflow/example_dags/example_branch_operator.py
[2024-05-27T02:31:59.577+0000] {logging_mixin.py:188} INFO - [2024-05-27T02:31:59.577+0000] {dag.py:3096} INFO - Sync 1 DAGs
[2024-05-27T02:31:59.587+0000] {logging_mixin.py:188} INFO - [2024-05-27T02:31:59.587+0000] {dag.py:3954} INFO - Setting next_dagrun for example_branch_operator to 2024-05-26 00:00:00+00:00, run_after=2024-05-27 00:00:00+00:00
[2024-05-27T02:31:59.595+0000] {processor.py:183} INFO - Processing /home/airflow/.local/lib/python3.12/site-packages/airflow/example_dags/example_branch_operator.py took 0.064 seconds
[2024-05-27T02:32:29.757+0000] {processor.py:161} INFO - Started process (PID=146) to work on /home/airflow/.local/lib/python3.12/site-packages/airflow/example_dags/example_branch_operator.py
[2024-05-27T02:32:29.758+0000] {processor.py:830} INFO - Processing file /home/airflow/.local/lib/python3.12/site-packages/airflow/example_dags/example_branch_operator.py for tasks to queue
[2024-05-27T02:32:29.761+0000] {logging_mixin.py:188} INFO - [2024-05-27T02:32:29.761+0000] {dagbag.py:545} INFO - Filling up the DagBag from /home/airflow/.local/lib/python3.12/site-packages/airflow/example_dags/example_branch_operator.py
[2024-05-27T02:32:29.780+0000] {processor.py:840} INFO - DAG(s) 'example_branch_operator' retrieved from /home/airflow/.local/lib/python3.12/site-packages/airflow/example_dags/example_branch_operator.py
[2024-05-27T02:32:29.800+0000] {logging_mixin.py:188} INFO - [2024-05-27T02:32:29.800+0000] {dag.py:3096} INFO - Sync 1 DAGs
[2024-05-27T02:32:29.822+0000] {logging_mixin.py:188} INFO - [2024-05-27T02:32:29.821+0000] {dag.py:3954} INFO - Setting next_dagrun for example_branch_operator to 2024-05-26 00:00:00+00:00, run_after=2024-05-27 00:00:00+00:00
[2024-05-27T02:32:29.839+0000] {processor.py:183} INFO - Processing /home/airflow/.local/lib/python3.12/site-packages/airflow/example_dags/example_branch_operator.py took 0.088 seconds
[2024-05-27T02:33:00.571+0000] {processor.py:161} INFO - Started process (PID=204) to work on /home/airflow/.local/lib/python3.12/site-packages/airflow/example_dags/example_branch_operator.py
[2024-05-27T02:33:00.572+0000] {processor.py:830} INFO - Processing file /home/airflow/.local/lib/python3.12/site-packages/airflow/example_dags/example_branch_operator.py for tasks to queue
[2024-05-27T02:33:00.574+0000] {logging_mixin.py:188} INFO - [2024-05-27T02:33:00.574+0000] {dagbag.py:545} INFO - Filling up the DagBag from /home/airflow/.local/lib/python3.12/site-packages/airflow/example_dags/example_branch_operator.py
[2024-05-27T02:33:00.590+0000] {processor.py:840} INFO - DAG(s) 'example_branch_operator' retrieved from /home/airflow/.local/lib/python3.12/site-packages/airflow/example_dags/example_branch_operator.py
[2024-05-27T02:33:00.605+0000] {logging_mixin.py:188} INFO - [2024-05-27T02:33:00.605+0000] {dag.py:3096} INFO - Sync 1 DAGs
[2024-05-27T02:33:00.614+0000] {logging_mixin.py:188} INFO - [2024-05-27T02:33:00.614+0000] {dag.py:3954} INFO - Setting next_dagrun for example_branch_operator to 2024-05-26 00:00:00+00:00, run_after=2024-05-27 00:00:00+00:00
[2024-05-27T02:33:00.621+0000] {processor.py:183} INFO - Processing /home/airflow/.local/lib/python3.12/site-packages/airflow/example_dags/example_branch_operator.py took 0.058 seconds
[2024-05-27T02:33:31.057+0000] {processor.py:161} INFO - Started process (PID=262) to work on /home/airflow/.local/lib/python3.12/site-packages/airflow/example_dags/example_branch_operator.py
[2024-05-27T02:33:31.060+0000] {processor.py:830} INFO - Processing file /home/airflow/.local/lib/python3.12/site-packages/airflow/example_dags/example_branch_operator.py for tasks to queue
[2024-05-27T02:33:31.062+0000] {logging_mixin.py:188} INFO - [2024-05-27T02:33:31.062+0000] {dagbag.py:545} INFO - Filling up the DagBag from /home/airflow/.local/lib/python3.12/site-packages/airflow/example_dags/example_branch_operator.py
[2024-05-27T02:33:31.077+0000] {processor.py:840} INFO - DAG(s) 'example_branch_operator' retrieved from /home/airflow/.local/lib/python3.12/site-packages/airflow/example_dags/example_branch_operator.py
[2024-05-27T02:33:31.104+0000] {logging_mixin.py:188} INFO - [2024-05-27T02:33:31.103+0000] {dag.py:3096} INFO - Sync 1 DAGs
[2024-05-27T02:33:31.118+0000] {logging_mixin.py:188} INFO - [2024-05-27T02:33:31.118+0000] {dag.py:3954} INFO - Setting next_dagrun for example_branch_operator to 2024-05-26 00:00:00+00:00, run_after=2024-05-27 00:00:00+00:00
[2024-05-27T02:33:31.128+0000] {processor.py:183} INFO - Processing /home/airflow/.local/lib/python3.12/site-packages/airflow/example_dags/example_branch_operator.py took 0.080 seconds
