[2024-05-27T02:31:30.471+0000] {processor.py:161} INFO - Started process (PID=49) to work on /home/airflow/.local/lib/python3.12/site-packages/airflow/example_dags/example_task_group.py
[2024-05-27T02:31:30.472+0000] {processor.py:830} INFO - Processing file /home/airflow/.local/lib/python3.12/site-packages/airflow/example_dags/example_task_group.py for tasks to queue
[2024-05-27T02:31:30.474+0000] {logging_mixin.py:188} INFO - [2024-05-27T02:31:30.473+0000] {dagbag.py:545} INFO - Filling up the DagBag from /home/airflow/.local/lib/python3.12/site-packages/airflow/example_dags/example_task_group.py
[2024-05-27T02:31:30.479+0000] {processor.py:840} INFO - DAG(s) 'example_task_group' retrieved from /home/airflow/.local/lib/python3.12/site-packages/airflow/example_dags/example_task_group.py
[2024-05-27T02:31:30.547+0000] {logging_mixin.py:188} INFO - [2024-05-27T02:31:30.547+0000] {override.py:1829} INFO - Created Permission View: can edit on DAG:example_task_group
[2024-05-27T02:31:30.551+0000] {logging_mixin.py:188} INFO - [2024-05-27T02:31:30.551+0000] {override.py:1829} INFO - Created Permission View: can delete on DAG:example_task_group
[2024-05-27T02:31:30.554+0000] {logging_mixin.py:188} INFO - [2024-05-27T02:31:30.554+0000] {override.py:1829} INFO - Created Permission View: can read on DAG:example_task_group
[2024-05-27T02:31:30.555+0000] {logging_mixin.py:188} INFO - [2024-05-27T02:31:30.555+0000] {dag.py:3096} INFO - Sync 1 DAGs
[2024-05-27T02:31:30.559+0000] {logging_mixin.py:188} INFO - [2024-05-27T02:31:30.559+0000] {dag.py:3118} INFO - Creating ORM DAG for example_task_group
[2024-05-27T02:31:30.563+0000] {logging_mixin.py:188} INFO - [2024-05-27T02:31:30.563+0000] {dag.py:3954} INFO - Setting next_dagrun for example_task_group to 2024-05-26 00:00:00+00:00, run_after=2024-05-27 00:00:00+00:00
[2024-05-27T02:31:30.573+0000] {processor.py:183} INFO - Processing /home/airflow/.local/lib/python3.12/site-packages/airflow/example_dags/example_task_group.py took 0.106 seconds
[2024-05-27T02:32:01.301+0000] {processor.py:161} INFO - Started process (PID=107) to work on /home/airflow/.local/lib/python3.12/site-packages/airflow/example_dags/example_task_group.py
[2024-05-27T02:32:01.304+0000] {processor.py:830} INFO - Processing file /home/airflow/.local/lib/python3.12/site-packages/airflow/example_dags/example_task_group.py for tasks to queue
[2024-05-27T02:32:01.307+0000] {logging_mixin.py:188} INFO - [2024-05-27T02:32:01.307+0000] {dagbag.py:545} INFO - Filling up the DagBag from /home/airflow/.local/lib/python3.12/site-packages/airflow/example_dags/example_task_group.py
[2024-05-27T02:32:01.333+0000] {processor.py:840} INFO - DAG(s) 'example_task_group' retrieved from /home/airflow/.local/lib/python3.12/site-packages/airflow/example_dags/example_task_group.py
[2024-05-27T02:32:01.368+0000] {logging_mixin.py:188} INFO - [2024-05-27T02:32:01.368+0000] {dag.py:3096} INFO - Sync 1 DAGs
[2024-05-27T02:32:01.383+0000] {logging_mixin.py:188} INFO - [2024-05-27T02:32:01.382+0000] {dag.py:3954} INFO - Setting next_dagrun for example_task_group to 2024-05-26 00:00:00+00:00, run_after=2024-05-27 00:00:00+00:00
[2024-05-27T02:32:01.395+0000] {processor.py:183} INFO - Processing /home/airflow/.local/lib/python3.12/site-packages/airflow/example_dags/example_task_group.py took 0.105 seconds
[2024-05-27T02:32:31.518+0000] {processor.py:161} INFO - Started process (PID=165) to work on /home/airflow/.local/lib/python3.12/site-packages/airflow/example_dags/example_task_group.py
[2024-05-27T02:32:31.518+0000] {processor.py:830} INFO - Processing file /home/airflow/.local/lib/python3.12/site-packages/airflow/example_dags/example_task_group.py for tasks to queue
[2024-05-27T02:32:31.519+0000] {logging_mixin.py:188} INFO - [2024-05-27T02:32:31.519+0000] {dagbag.py:545} INFO - Filling up the DagBag from /home/airflow/.local/lib/python3.12/site-packages/airflow/example_dags/example_task_group.py
[2024-05-27T02:32:31.523+0000] {processor.py:840} INFO - DAG(s) 'example_task_group' retrieved from /home/airflow/.local/lib/python3.12/site-packages/airflow/example_dags/example_task_group.py
[2024-05-27T02:32:31.531+0000] {logging_mixin.py:188} INFO - [2024-05-27T02:32:31.531+0000] {dag.py:3096} INFO - Sync 1 DAGs
[2024-05-27T02:32:31.540+0000] {logging_mixin.py:188} INFO - [2024-05-27T02:32:31.540+0000] {dag.py:3954} INFO - Setting next_dagrun for example_task_group to 2024-05-26 00:00:00+00:00, run_after=2024-05-27 00:00:00+00:00
[2024-05-27T02:32:31.546+0000] {processor.py:183} INFO - Processing /home/airflow/.local/lib/python3.12/site-packages/airflow/example_dags/example_task_group.py took 0.030 seconds
[2024-05-27T02:33:02.076+0000] {processor.py:161} INFO - Started process (PID=223) to work on /home/airflow/.local/lib/python3.12/site-packages/airflow/example_dags/example_task_group.py
[2024-05-27T02:33:02.076+0000] {processor.py:830} INFO - Processing file /home/airflow/.local/lib/python3.12/site-packages/airflow/example_dags/example_task_group.py for tasks to queue
[2024-05-27T02:33:02.077+0000] {logging_mixin.py:188} INFO - [2024-05-27T02:33:02.077+0000] {dagbag.py:545} INFO - Filling up the DagBag from /home/airflow/.local/lib/python3.12/site-packages/airflow/example_dags/example_task_group.py
[2024-05-27T02:33:02.080+0000] {processor.py:840} INFO - DAG(s) 'example_task_group' retrieved from /home/airflow/.local/lib/python3.12/site-packages/airflow/example_dags/example_task_group.py
[2024-05-27T02:33:02.089+0000] {logging_mixin.py:188} INFO - [2024-05-27T02:33:02.089+0000] {dag.py:3096} INFO - Sync 1 DAGs
[2024-05-27T02:33:02.098+0000] {logging_mixin.py:188} INFO - [2024-05-27T02:33:02.098+0000] {dag.py:3954} INFO - Setting next_dagrun for example_task_group to 2024-05-26 00:00:00+00:00, run_after=2024-05-27 00:00:00+00:00
[2024-05-27T02:33:02.104+0000] {processor.py:183} INFO - Processing /home/airflow/.local/lib/python3.12/site-packages/airflow/example_dags/example_task_group.py took 0.031 seconds
