[2024-05-27T02:31:31.960+0000] {processor.py:161} INFO - Started process (PID=73) to work on /home/airflow/.local/lib/python3.12/site-packages/airflow/example_dags/tutorial_objectstorage.py
[2024-05-27T02:31:31.960+0000] {processor.py:830} INFO - Processing file /home/airflow/.local/lib/python3.12/site-packages/airflow/example_dags/tutorial_objectstorage.py for tasks to queue
[2024-05-27T02:31:31.961+0000] {logging_mixin.py:188} INFO - [2024-05-27T02:31:31.961+0000] {dagbag.py:545} INFO - Filling up the DagBag from /home/airflow/.local/lib/python3.12/site-packages/airflow/example_dags/tutorial_objectstorage.py
[2024-05-27T02:31:31.964+0000] {processor.py:840} INFO - DAG(s) 'tutorial_objectstorage' retrieved from /home/airflow/.local/lib/python3.12/site-packages/airflow/example_dags/tutorial_objectstorage.py
[2024-05-27T02:31:32.007+0000] {logging_mixin.py:188} INFO - [2024-05-27T02:31:32.006+0000] {override.py:1829} INFO - Created Permission View: can edit on DAG:tutorial_objectstorage
[2024-05-27T02:31:32.010+0000] {logging_mixin.py:188} INFO - [2024-05-27T02:31:32.010+0000] {override.py:1829} INFO - Created Permission View: can delete on DAG:tutorial_objectstorage
[2024-05-27T02:31:32.011+0000] {logging_mixin.py:188} INFO - [2024-05-27T02:31:32.011+0000] {override.py:1829} INFO - Created Permission View: can read on DAG:tutorial_objectstorage
[2024-05-27T02:31:32.012+0000] {logging_mixin.py:188} INFO - [2024-05-27T02:31:32.012+0000] {dag.py:3096} INFO - Sync 1 DAGs
[2024-05-27T02:31:32.016+0000] {logging_mixin.py:188} INFO - [2024-05-27T02:31:32.016+0000] {dag.py:3118} INFO - Creating ORM DAG for tutorial_objectstorage
[2024-05-27T02:31:32.016+0000] {logging_mixin.py:188} INFO - [2024-05-27T02:31:32.016+0000] {dag.py:3954} INFO - Setting next_dagrun for tutorial_objectstorage to None, run_after=None
[2024-05-27T02:31:32.022+0000] {processor.py:183} INFO - Processing /home/airflow/.local/lib/python3.12/site-packages/airflow/example_dags/tutorial_objectstorage.py took 0.064 seconds
[2024-05-27T02:32:02.075+0000] {processor.py:161} INFO - Started process (PID=131) to work on /home/airflow/.local/lib/python3.12/site-packages/airflow/example_dags/tutorial_objectstorage.py
[2024-05-27T02:32:02.075+0000] {processor.py:830} INFO - Processing file /home/airflow/.local/lib/python3.12/site-packages/airflow/example_dags/tutorial_objectstorage.py for tasks to queue
[2024-05-27T02:32:02.076+0000] {logging_mixin.py:188} INFO - [2024-05-27T02:32:02.076+0000] {dagbag.py:545} INFO - Filling up the DagBag from /home/airflow/.local/lib/python3.12/site-packages/airflow/example_dags/tutorial_objectstorage.py
[2024-05-27T02:32:02.079+0000] {processor.py:840} INFO - DAG(s) 'tutorial_objectstorage' retrieved from /home/airflow/.local/lib/python3.12/site-packages/airflow/example_dags/tutorial_objectstorage.py
[2024-05-27T02:32:02.087+0000] {logging_mixin.py:188} INFO - [2024-05-27T02:32:02.087+0000] {dag.py:3096} INFO - Sync 1 DAGs
[2024-05-27T02:32:02.092+0000] {logging_mixin.py:188} INFO - [2024-05-27T02:32:02.092+0000] {dag.py:3954} INFO - Setting next_dagrun for tutorial_objectstorage to None, run_after=None
[2024-05-27T02:32:02.099+0000] {processor.py:183} INFO - Processing /home/airflow/.local/lib/python3.12/site-packages/airflow/example_dags/tutorial_objectstorage.py took 0.026 seconds
[2024-05-27T02:32:33.178+0000] {processor.py:161} INFO - Started process (PID=189) to work on /home/airflow/.local/lib/python3.12/site-packages/airflow/example_dags/tutorial_objectstorage.py
[2024-05-27T02:32:33.179+0000] {processor.py:830} INFO - Processing file /home/airflow/.local/lib/python3.12/site-packages/airflow/example_dags/tutorial_objectstorage.py for tasks to queue
[2024-05-27T02:32:33.179+0000] {logging_mixin.py:188} INFO - [2024-05-27T02:32:33.179+0000] {dagbag.py:545} INFO - Filling up the DagBag from /home/airflow/.local/lib/python3.12/site-packages/airflow/example_dags/tutorial_objectstorage.py
[2024-05-27T02:32:33.183+0000] {processor.py:840} INFO - DAG(s) 'tutorial_objectstorage' retrieved from /home/airflow/.local/lib/python3.12/site-packages/airflow/example_dags/tutorial_objectstorage.py
[2024-05-27T02:32:33.193+0000] {logging_mixin.py:188} INFO - [2024-05-27T02:32:33.193+0000] {dag.py:3096} INFO - Sync 1 DAGs
[2024-05-27T02:32:33.200+0000] {logging_mixin.py:188} INFO - [2024-05-27T02:32:33.200+0000] {dag.py:3954} INFO - Setting next_dagrun for tutorial_objectstorage to None, run_after=None
[2024-05-27T02:32:33.207+0000] {processor.py:183} INFO - Processing /home/airflow/.local/lib/python3.12/site-packages/airflow/example_dags/tutorial_objectstorage.py took 0.032 seconds
[2024-05-27T02:33:03.586+0000] {processor.py:161} INFO - Started process (PID=247) to work on /home/airflow/.local/lib/python3.12/site-packages/airflow/example_dags/tutorial_objectstorage.py
[2024-05-27T02:33:03.586+0000] {processor.py:830} INFO - Processing file /home/airflow/.local/lib/python3.12/site-packages/airflow/example_dags/tutorial_objectstorage.py for tasks to queue
[2024-05-27T02:33:03.587+0000] {logging_mixin.py:188} INFO - [2024-05-27T02:33:03.587+0000] {dagbag.py:545} INFO - Filling up the DagBag from /home/airflow/.local/lib/python3.12/site-packages/airflow/example_dags/tutorial_objectstorage.py
[2024-05-27T02:33:03.590+0000] {processor.py:840} INFO - DAG(s) 'tutorial_objectstorage' retrieved from /home/airflow/.local/lib/python3.12/site-packages/airflow/example_dags/tutorial_objectstorage.py
[2024-05-27T02:33:03.599+0000] {logging_mixin.py:188} INFO - [2024-05-27T02:33:03.599+0000] {dag.py:3096} INFO - Sync 1 DAGs
[2024-05-27T02:33:03.604+0000] {logging_mixin.py:188} INFO - [2024-05-27T02:33:03.604+0000] {dag.py:3954} INFO - Setting next_dagrun for tutorial_objectstorage to None, run_after=None
[2024-05-27T02:33:03.613+0000] {processor.py:183} INFO - Processing /home/airflow/.local/lib/python3.12/site-packages/airflow/example_dags/tutorial_objectstorage.py took 0.030 seconds
