[2024-05-27T02:31:31.753+0000] {processor.py:161} INFO - Started process (PID=69) to work on /home/airflow/.local/lib/python3.12/site-packages/airflow/example_dags/tutorial_taskflow_api_virtualenv.py
[2024-05-27T02:31:31.753+0000] {processor.py:830} INFO - Processing file /home/airflow/.local/lib/python3.12/site-packages/airflow/example_dags/tutorial_taskflow_api_virtualenv.py for tasks to queue
[2024-05-27T02:31:31.754+0000] {logging_mixin.py:188} INFO - [2024-05-27T02:31:31.754+0000] {dagbag.py:545} INFO - Filling up the DagBag from /home/airflow/.local/lib/python3.12/site-packages/airflow/example_dags/tutorial_taskflow_api_virtualenv.py
[2024-05-27T02:31:31.759+0000] {processor.py:840} INFO - DAG(s) 'tutorial_taskflow_api_virtualenv' retrieved from /home/airflow/.local/lib/python3.12/site-packages/airflow/example_dags/tutorial_taskflow_api_virtualenv.py
[2024-05-27T02:31:31.805+0000] {logging_mixin.py:188} INFO - [2024-05-27T02:31:31.805+0000] {override.py:1829} INFO - Created Permission View: can edit on DAG:tutorial_taskflow_api_virtualenv
[2024-05-27T02:31:31.808+0000] {logging_mixin.py:188} INFO - [2024-05-27T02:31:31.808+0000] {override.py:1829} INFO - Created Permission View: can delete on DAG:tutorial_taskflow_api_virtualenv
[2024-05-27T02:31:31.810+0000] {logging_mixin.py:188} INFO - [2024-05-27T02:31:31.810+0000] {override.py:1829} INFO - Created Permission View: can read on DAG:tutorial_taskflow_api_virtualenv
[2024-05-27T02:31:31.810+0000] {logging_mixin.py:188} INFO - [2024-05-27T02:31:31.810+0000] {dag.py:3096} INFO - Sync 1 DAGs
[2024-05-27T02:31:31.814+0000] {logging_mixin.py:188} INFO - [2024-05-27T02:31:31.814+0000] {dag.py:3118} INFO - Creating ORM DAG for tutorial_taskflow_api_virtualenv
[2024-05-27T02:31:31.814+0000] {logging_mixin.py:188} INFO - [2024-05-27T02:31:31.814+0000] {dag.py:3954} INFO - Setting next_dagrun for tutorial_taskflow_api_virtualenv to None, run_after=None
[2024-05-27T02:31:31.825+0000] {processor.py:183} INFO - Processing /home/airflow/.local/lib/python3.12/site-packages/airflow/example_dags/tutorial_taskflow_api_virtualenv.py took 0.075 seconds
[2024-05-27T02:32:02.005+0000] {processor.py:161} INFO - Started process (PID=127) to work on /home/airflow/.local/lib/python3.12/site-packages/airflow/example_dags/tutorial_taskflow_api_virtualenv.py
[2024-05-27T02:32:02.005+0000] {processor.py:830} INFO - Processing file /home/airflow/.local/lib/python3.12/site-packages/airflow/example_dags/tutorial_taskflow_api_virtualenv.py for tasks to queue
[2024-05-27T02:32:02.006+0000] {logging_mixin.py:188} INFO - [2024-05-27T02:32:02.006+0000] {dagbag.py:545} INFO - Filling up the DagBag from /home/airflow/.local/lib/python3.12/site-packages/airflow/example_dags/tutorial_taskflow_api_virtualenv.py
[2024-05-27T02:32:02.012+0000] {processor.py:840} INFO - DAG(s) 'tutorial_taskflow_api_virtualenv' retrieved from /home/airflow/.local/lib/python3.12/site-packages/airflow/example_dags/tutorial_taskflow_api_virtualenv.py
[2024-05-27T02:32:02.020+0000] {logging_mixin.py:188} INFO - [2024-05-27T02:32:02.020+0000] {dag.py:3096} INFO - Sync 1 DAGs
[2024-05-27T02:32:02.025+0000] {logging_mixin.py:188} INFO - [2024-05-27T02:32:02.024+0000] {dag.py:3954} INFO - Setting next_dagrun for tutorial_taskflow_api_virtualenv to None, run_after=None
[2024-05-27T02:32:02.031+0000] {processor.py:183} INFO - Processing /home/airflow/.local/lib/python3.12/site-packages/airflow/example_dags/tutorial_taskflow_api_virtualenv.py took 0.028 seconds
[2024-05-27T02:32:33.083+0000] {processor.py:161} INFO - Started process (PID=185) to work on /home/airflow/.local/lib/python3.12/site-packages/airflow/example_dags/tutorial_taskflow_api_virtualenv.py
[2024-05-27T02:32:33.084+0000] {processor.py:830} INFO - Processing file /home/airflow/.local/lib/python3.12/site-packages/airflow/example_dags/tutorial_taskflow_api_virtualenv.py for tasks to queue
[2024-05-27T02:32:33.085+0000] {logging_mixin.py:188} INFO - [2024-05-27T02:32:33.084+0000] {dagbag.py:545} INFO - Filling up the DagBag from /home/airflow/.local/lib/python3.12/site-packages/airflow/example_dags/tutorial_taskflow_api_virtualenv.py
[2024-05-27T02:32:33.090+0000] {processor.py:840} INFO - DAG(s) 'tutorial_taskflow_api_virtualenv' retrieved from /home/airflow/.local/lib/python3.12/site-packages/airflow/example_dags/tutorial_taskflow_api_virtualenv.py
[2024-05-27T02:32:33.102+0000] {logging_mixin.py:188} INFO - [2024-05-27T02:32:33.102+0000] {dag.py:3096} INFO - Sync 1 DAGs
[2024-05-27T02:32:33.109+0000] {logging_mixin.py:188} INFO - [2024-05-27T02:32:33.109+0000] {dag.py:3954} INFO - Setting next_dagrun for tutorial_taskflow_api_virtualenv to None, run_after=None
[2024-05-27T02:32:33.118+0000] {processor.py:183} INFO - Processing /home/airflow/.local/lib/python3.12/site-packages/airflow/example_dags/tutorial_taskflow_api_virtualenv.py took 0.039 seconds
[2024-05-27T02:33:03.506+0000] {processor.py:161} INFO - Started process (PID=243) to work on /home/airflow/.local/lib/python3.12/site-packages/airflow/example_dags/tutorial_taskflow_api_virtualenv.py
[2024-05-27T02:33:03.507+0000] {processor.py:830} INFO - Processing file /home/airflow/.local/lib/python3.12/site-packages/airflow/example_dags/tutorial_taskflow_api_virtualenv.py for tasks to queue
[2024-05-27T02:33:03.508+0000] {logging_mixin.py:188} INFO - [2024-05-27T02:33:03.507+0000] {dagbag.py:545} INFO - Filling up the DagBag from /home/airflow/.local/lib/python3.12/site-packages/airflow/example_dags/tutorial_taskflow_api_virtualenv.py
[2024-05-27T02:33:03.513+0000] {processor.py:840} INFO - DAG(s) 'tutorial_taskflow_api_virtualenv' retrieved from /home/airflow/.local/lib/python3.12/site-packages/airflow/example_dags/tutorial_taskflow_api_virtualenv.py
[2024-05-27T02:33:03.522+0000] {logging_mixin.py:188} INFO - [2024-05-27T02:33:03.521+0000] {dag.py:3096} INFO - Sync 1 DAGs
[2024-05-27T02:33:03.528+0000] {logging_mixin.py:188} INFO - [2024-05-27T02:33:03.528+0000] {dag.py:3954} INFO - Setting next_dagrun for tutorial_taskflow_api_virtualenv to None, run_after=None
[2024-05-27T02:33:03.534+0000] {processor.py:183} INFO - Processing /home/airflow/.local/lib/python3.12/site-packages/airflow/example_dags/tutorial_taskflow_api_virtualenv.py took 0.030 seconds
