[2024-05-27T02:31:30.881+0000] {processor.py:161} INFO - Started process (PID=56) to work on /home/airflow/.local/lib/python3.12/site-packages/airflow/example_dags/tutorial_dag.py
[2024-05-27T02:31:30.882+0000] {processor.py:830} INFO - Processing file /home/airflow/.local/lib/python3.12/site-packages/airflow/example_dags/tutorial_dag.py for tasks to queue
[2024-05-27T02:31:30.883+0000] {logging_mixin.py:188} INFO - [2024-05-27T02:31:30.883+0000] {dagbag.py:545} INFO - Filling up the DagBag from /home/airflow/.local/lib/python3.12/site-packages/airflow/example_dags/tutorial_dag.py
[2024-05-27T02:31:30.887+0000] {processor.py:840} INFO - DAG(s) 'tutorial_dag' retrieved from /home/airflow/.local/lib/python3.12/site-packages/airflow/example_dags/tutorial_dag.py
[2024-05-27T02:31:30.966+0000] {logging_mixin.py:188} INFO - [2024-05-27T02:31:30.966+0000] {override.py:1829} INFO - Created Permission View: can edit on DAG:tutorial_dag
[2024-05-27T02:31:30.973+0000] {logging_mixin.py:188} INFO - [2024-05-27T02:31:30.973+0000] {override.py:1829} INFO - Created Permission View: can delete on DAG:tutorial_dag
[2024-05-27T02:31:30.981+0000] {logging_mixin.py:188} INFO - [2024-05-27T02:31:30.981+0000] {override.py:1829} INFO - Created Permission View: can read on DAG:tutorial_dag
[2024-05-27T02:31:30.982+0000] {logging_mixin.py:188} INFO - [2024-05-27T02:31:30.982+0000] {dag.py:3096} INFO - Sync 1 DAGs
[2024-05-27T02:31:30.994+0000] {logging_mixin.py:188} INFO - [2024-05-27T02:31:30.994+0000] {dag.py:3118} INFO - Creating ORM DAG for tutorial_dag
[2024-05-27T02:31:30.996+0000] {logging_mixin.py:188} INFO - [2024-05-27T02:31:30.995+0000] {dag.py:3954} INFO - Setting next_dagrun for tutorial_dag to None, run_after=None
[2024-05-27T02:31:31.011+0000] {processor.py:183} INFO - Processing /home/airflow/.local/lib/python3.12/site-packages/airflow/example_dags/tutorial_dag.py took 0.133 seconds
[2024-05-27T02:32:01.540+0000] {processor.py:161} INFO - Started process (PID=114) to work on /home/airflow/.local/lib/python3.12/site-packages/airflow/example_dags/tutorial_dag.py
[2024-05-27T02:32:01.541+0000] {processor.py:830} INFO - Processing file /home/airflow/.local/lib/python3.12/site-packages/airflow/example_dags/tutorial_dag.py for tasks to queue
[2024-05-27T02:32:01.542+0000] {logging_mixin.py:188} INFO - [2024-05-27T02:32:01.542+0000] {dagbag.py:545} INFO - Filling up the DagBag from /home/airflow/.local/lib/python3.12/site-packages/airflow/example_dags/tutorial_dag.py
[2024-05-27T02:32:01.546+0000] {processor.py:840} INFO - DAG(s) 'tutorial_dag' retrieved from /home/airflow/.local/lib/python3.12/site-packages/airflow/example_dags/tutorial_dag.py
[2024-05-27T02:32:01.556+0000] {logging_mixin.py:188} INFO - [2024-05-27T02:32:01.556+0000] {dag.py:3096} INFO - Sync 1 DAGs
[2024-05-27T02:32:01.562+0000] {logging_mixin.py:188} INFO - [2024-05-27T02:32:01.562+0000] {dag.py:3954} INFO - Setting next_dagrun for tutorial_dag to None, run_after=None
[2024-05-27T02:32:01.570+0000] {processor.py:183} INFO - Processing /home/airflow/.local/lib/python3.12/site-packages/airflow/example_dags/tutorial_dag.py took 0.032 seconds
[2024-05-27T02:32:31.661+0000] {processor.py:161} INFO - Started process (PID=172) to work on /home/airflow/.local/lib/python3.12/site-packages/airflow/example_dags/tutorial_dag.py
[2024-05-27T02:32:31.661+0000] {processor.py:830} INFO - Processing file /home/airflow/.local/lib/python3.12/site-packages/airflow/example_dags/tutorial_dag.py for tasks to queue
[2024-05-27T02:32:31.662+0000] {logging_mixin.py:188} INFO - [2024-05-27T02:32:31.662+0000] {dagbag.py:545} INFO - Filling up the DagBag from /home/airflow/.local/lib/python3.12/site-packages/airflow/example_dags/tutorial_dag.py
[2024-05-27T02:32:31.665+0000] {processor.py:840} INFO - DAG(s) 'tutorial_dag' retrieved from /home/airflow/.local/lib/python3.12/site-packages/airflow/example_dags/tutorial_dag.py
[2024-05-27T02:32:31.673+0000] {logging_mixin.py:188} INFO - [2024-05-27T02:32:31.673+0000] {dag.py:3096} INFO - Sync 1 DAGs
[2024-05-27T02:32:31.678+0000] {logging_mixin.py:188} INFO - [2024-05-27T02:32:31.678+0000] {dag.py:3954} INFO - Setting next_dagrun for tutorial_dag to None, run_after=None
[2024-05-27T02:32:31.685+0000] {processor.py:183} INFO - Processing /home/airflow/.local/lib/python3.12/site-packages/airflow/example_dags/tutorial_dag.py took 0.028 seconds
[2024-05-27T02:33:02.199+0000] {processor.py:161} INFO - Started process (PID=230) to work on /home/airflow/.local/lib/python3.12/site-packages/airflow/example_dags/tutorial_dag.py
[2024-05-27T02:33:02.200+0000] {processor.py:830} INFO - Processing file /home/airflow/.local/lib/python3.12/site-packages/airflow/example_dags/tutorial_dag.py for tasks to queue
[2024-05-27T02:33:02.200+0000] {logging_mixin.py:188} INFO - [2024-05-27T02:33:02.200+0000] {dagbag.py:545} INFO - Filling up the DagBag from /home/airflow/.local/lib/python3.12/site-packages/airflow/example_dags/tutorial_dag.py
[2024-05-27T02:33:02.203+0000] {processor.py:840} INFO - DAG(s) 'tutorial_dag' retrieved from /home/airflow/.local/lib/python3.12/site-packages/airflow/example_dags/tutorial_dag.py
[2024-05-27T02:33:02.210+0000] {logging_mixin.py:188} INFO - [2024-05-27T02:33:02.210+0000] {dag.py:3096} INFO - Sync 1 DAGs
[2024-05-27T02:33:02.214+0000] {logging_mixin.py:188} INFO - [2024-05-27T02:33:02.214+0000] {dag.py:3954} INFO - Setting next_dagrun for tutorial_dag to None, run_after=None
[2024-05-27T02:33:02.223+0000] {processor.py:183} INFO - Processing /home/airflow/.local/lib/python3.12/site-packages/airflow/example_dags/tutorial_dag.py took 0.026 seconds
