[2024-05-27T02:31:29.872+0000] {processor.py:161} INFO - Started process (PID=41) to work on /home/airflow/.local/lib/python3.12/site-packages/airflow/example_dags/tutorial.py
[2024-05-27T02:31:29.873+0000] {processor.py:830} INFO - Processing file /home/airflow/.local/lib/python3.12/site-packages/airflow/example_dags/tutorial.py for tasks to queue
[2024-05-27T02:31:29.874+0000] {logging_mixin.py:188} INFO - [2024-05-27T02:31:29.874+0000] {dagbag.py:545} INFO - Filling up the DagBag from /home/airflow/.local/lib/python3.12/site-packages/airflow/example_dags/tutorial.py
[2024-05-27T02:31:29.879+0000] {processor.py:840} INFO - DAG(s) 'tutorial' retrieved from /home/airflow/.local/lib/python3.12/site-packages/airflow/example_dags/tutorial.py
[2024-05-27T02:31:29.934+0000] {logging_mixin.py:188} INFO - [2024-05-27T02:31:29.934+0000] {override.py:1829} INFO - Created Permission View: can edit on DAG:tutorial
[2024-05-27T02:31:29.941+0000] {logging_mixin.py:188} INFO - [2024-05-27T02:31:29.940+0000] {override.py:1829} INFO - Created Permission View: can delete on DAG:tutorial
[2024-05-27T02:31:29.945+0000] {logging_mixin.py:188} INFO - [2024-05-27T02:31:29.944+0000] {override.py:1829} INFO - Created Permission View: can read on DAG:tutorial
[2024-05-27T02:31:29.945+0000] {logging_mixin.py:188} INFO - [2024-05-27T02:31:29.945+0000] {dag.py:3096} INFO - Sync 1 DAGs
[2024-05-27T02:31:29.953+0000] {logging_mixin.py:188} INFO - [2024-05-27T02:31:29.953+0000] {dag.py:3118} INFO - Creating ORM DAG for tutorial
[2024-05-27T02:31:29.960+0000] {logging_mixin.py:188} INFO - [2024-05-27T02:31:29.960+0000] {dag.py:3954} INFO - Setting next_dagrun for tutorial to 2024-05-26 00:00:00+00:00, run_after=2024-05-27 00:00:00+00:00
[2024-05-27T02:31:29.974+0000] {processor.py:183} INFO - Processing /home/airflow/.local/lib/python3.12/site-packages/airflow/example_dags/tutorial.py took 0.106 seconds
[2024-05-27T02:32:00.944+0000] {processor.py:161} INFO - Started process (PID=99) to work on /home/airflow/.local/lib/python3.12/site-packages/airflow/example_dags/tutorial.py
[2024-05-27T02:32:00.946+0000] {processor.py:830} INFO - Processing file /home/airflow/.local/lib/python3.12/site-packages/airflow/example_dags/tutorial.py for tasks to queue
[2024-05-27T02:32:00.948+0000] {logging_mixin.py:188} INFO - [2024-05-27T02:32:00.948+0000] {dagbag.py:545} INFO - Filling up the DagBag from /home/airflow/.local/lib/python3.12/site-packages/airflow/example_dags/tutorial.py
[2024-05-27T02:32:00.957+0000] {processor.py:840} INFO - DAG(s) 'tutorial' retrieved from /home/airflow/.local/lib/python3.12/site-packages/airflow/example_dags/tutorial.py
[2024-05-27T02:32:00.994+0000] {logging_mixin.py:188} INFO - [2024-05-27T02:32:00.994+0000] {dag.py:3096} INFO - Sync 1 DAGs
[2024-05-27T02:32:01.007+0000] {logging_mixin.py:188} INFO - [2024-05-27T02:32:01.007+0000] {dag.py:3954} INFO - Setting next_dagrun for tutorial to 2024-05-26 00:00:00+00:00, run_after=2024-05-27 00:00:00+00:00
[2024-05-27T02:32:01.018+0000] {processor.py:183} INFO - Processing /home/airflow/.local/lib/python3.12/site-packages/airflow/example_dags/tutorial.py took 0.081 seconds
[2024-05-27T02:32:31.259+0000] {processor.py:161} INFO - Started process (PID=157) to work on /home/airflow/.local/lib/python3.12/site-packages/airflow/example_dags/tutorial.py
[2024-05-27T02:32:31.259+0000] {processor.py:830} INFO - Processing file /home/airflow/.local/lib/python3.12/site-packages/airflow/example_dags/tutorial.py for tasks to queue
[2024-05-27T02:32:31.260+0000] {logging_mixin.py:188} INFO - [2024-05-27T02:32:31.260+0000] {dagbag.py:545} INFO - Filling up the DagBag from /home/airflow/.local/lib/python3.12/site-packages/airflow/example_dags/tutorial.py
[2024-05-27T02:32:31.263+0000] {processor.py:840} INFO - DAG(s) 'tutorial' retrieved from /home/airflow/.local/lib/python3.12/site-packages/airflow/example_dags/tutorial.py
[2024-05-27T02:32:31.271+0000] {logging_mixin.py:188} INFO - [2024-05-27T02:32:31.271+0000] {dag.py:3096} INFO - Sync 1 DAGs
[2024-05-27T02:32:31.279+0000] {logging_mixin.py:188} INFO - [2024-05-27T02:32:31.279+0000] {dag.py:3954} INFO - Setting next_dagrun for tutorial to 2024-05-26 00:00:00+00:00, run_after=2024-05-27 00:00:00+00:00
[2024-05-27T02:32:31.286+0000] {processor.py:183} INFO - Processing /home/airflow/.local/lib/python3.12/site-packages/airflow/example_dags/tutorial.py took 0.029 seconds
[2024-05-27T02:33:01.894+0000] {processor.py:161} INFO - Started process (PID=215) to work on /home/airflow/.local/lib/python3.12/site-packages/airflow/example_dags/tutorial.py
[2024-05-27T02:33:01.895+0000] {processor.py:830} INFO - Processing file /home/airflow/.local/lib/python3.12/site-packages/airflow/example_dags/tutorial.py for tasks to queue
[2024-05-27T02:33:01.895+0000] {logging_mixin.py:188} INFO - [2024-05-27T02:33:01.895+0000] {dagbag.py:545} INFO - Filling up the DagBag from /home/airflow/.local/lib/python3.12/site-packages/airflow/example_dags/tutorial.py
[2024-05-27T02:33:01.898+0000] {processor.py:840} INFO - DAG(s) 'tutorial' retrieved from /home/airflow/.local/lib/python3.12/site-packages/airflow/example_dags/tutorial.py
[2024-05-27T02:33:01.910+0000] {logging_mixin.py:188} INFO - [2024-05-27T02:33:01.910+0000] {dag.py:3096} INFO - Sync 1 DAGs
[2024-05-27T02:33:01.921+0000] {logging_mixin.py:188} INFO - [2024-05-27T02:33:01.921+0000] {dag.py:3954} INFO - Setting next_dagrun for tutorial to 2024-05-26 00:00:00+00:00, run_after=2024-05-27 00:00:00+00:00
[2024-05-27T02:33:01.929+0000] {processor.py:183} INFO - Processing /home/airflow/.local/lib/python3.12/site-packages/airflow/example_dags/tutorial.py took 0.037 seconds
[2024-05-27T02:33:32.708+0000] {processor.py:161} INFO - Started process (PID=273) to work on /home/airflow/.local/lib/python3.12/site-packages/airflow/example_dags/tutorial.py
[2024-05-27T02:33:32.709+0000] {processor.py:830} INFO - Processing file /home/airflow/.local/lib/python3.12/site-packages/airflow/example_dags/tutorial.py for tasks to queue
[2024-05-27T02:33:32.711+0000] {logging_mixin.py:188} INFO - [2024-05-27T02:33:32.711+0000] {dagbag.py:545} INFO - Filling up the DagBag from /home/airflow/.local/lib/python3.12/site-packages/airflow/example_dags/tutorial.py
[2024-05-27T02:33:32.717+0000] {processor.py:840} INFO - DAG(s) 'tutorial' retrieved from /home/airflow/.local/lib/python3.12/site-packages/airflow/example_dags/tutorial.py
[2024-05-27T02:33:32.737+0000] {logging_mixin.py:188} INFO - [2024-05-27T02:33:32.736+0000] {dag.py:3096} INFO - Sync 1 DAGs
[2024-05-27T02:33:32.756+0000] {logging_mixin.py:188} INFO - [2024-05-27T02:33:32.756+0000] {dag.py:3954} INFO - Setting next_dagrun for tutorial to 2024-05-26 00:00:00+00:00, run_after=2024-05-27 00:00:00+00:00
[2024-05-27T02:33:32.777+0000] {processor.py:183} INFO - Processing /home/airflow/.local/lib/python3.12/site-packages/airflow/example_dags/tutorial.py took 0.076 seconds
