[2024-05-27T02:31:31.146+0000] {processor.py:161} INFO - Started process (PID=59) to work on /home/airflow/.local/lib/python3.12/site-packages/airflow/example_dags/tutorial_taskflow_api.py
[2024-05-27T02:31:31.148+0000] {processor.py:830} INFO - Processing file /home/airflow/.local/lib/python3.12/site-packages/airflow/example_dags/tutorial_taskflow_api.py for tasks to queue
[2024-05-27T02:31:31.149+0000] {logging_mixin.py:188} INFO - [2024-05-27T02:31:31.149+0000] {dagbag.py:545} INFO - Filling up the DagBag from /home/airflow/.local/lib/python3.12/site-packages/airflow/example_dags/tutorial_taskflow_api.py
[2024-05-27T02:31:31.155+0000] {processor.py:840} INFO - DAG(s) 'tutorial_taskflow_api' retrieved from /home/airflow/.local/lib/python3.12/site-packages/airflow/example_dags/tutorial_taskflow_api.py
[2024-05-27T02:31:31.240+0000] {logging_mixin.py:188} INFO - [2024-05-27T02:31:31.240+0000] {override.py:1829} INFO - Created Permission View: can edit on DAG:tutorial_taskflow_api
[2024-05-27T02:31:31.245+0000] {logging_mixin.py:188} INFO - [2024-05-27T02:31:31.245+0000] {override.py:1829} INFO - Created Permission View: can delete on DAG:tutorial_taskflow_api
[2024-05-27T02:31:31.249+0000] {logging_mixin.py:188} INFO - [2024-05-27T02:31:31.249+0000] {override.py:1829} INFO - Created Permission View: can read on DAG:tutorial_taskflow_api
[2024-05-27T02:31:31.249+0000] {logging_mixin.py:188} INFO - [2024-05-27T02:31:31.249+0000] {dag.py:3096} INFO - Sync 1 DAGs
[2024-05-27T02:31:31.255+0000] {logging_mixin.py:188} INFO - [2024-05-27T02:31:31.255+0000] {dag.py:3118} INFO - Creating ORM DAG for tutorial_taskflow_api
[2024-05-27T02:31:31.256+0000] {logging_mixin.py:188} INFO - [2024-05-27T02:31:31.256+0000] {dag.py:3954} INFO - Setting next_dagrun for tutorial_taskflow_api to None, run_after=None
[2024-05-27T02:31:31.264+0000] {processor.py:183} INFO - Processing /home/airflow/.local/lib/python3.12/site-packages/airflow/example_dags/tutorial_taskflow_api.py took 0.121 seconds
[2024-05-27T02:32:01.606+0000] {processor.py:161} INFO - Started process (PID=117) to work on /home/airflow/.local/lib/python3.12/site-packages/airflow/example_dags/tutorial_taskflow_api.py
[2024-05-27T02:32:01.607+0000] {processor.py:830} INFO - Processing file /home/airflow/.local/lib/python3.12/site-packages/airflow/example_dags/tutorial_taskflow_api.py for tasks to queue
[2024-05-27T02:32:01.607+0000] {logging_mixin.py:188} INFO - [2024-05-27T02:32:01.607+0000] {dagbag.py:545} INFO - Filling up the DagBag from /home/airflow/.local/lib/python3.12/site-packages/airflow/example_dags/tutorial_taskflow_api.py
[2024-05-27T02:32:01.610+0000] {processor.py:840} INFO - DAG(s) 'tutorial_taskflow_api' retrieved from /home/airflow/.local/lib/python3.12/site-packages/airflow/example_dags/tutorial_taskflow_api.py
[2024-05-27T02:32:01.620+0000] {logging_mixin.py:188} INFO - [2024-05-27T02:32:01.620+0000] {dag.py:3096} INFO - Sync 1 DAGs
[2024-05-27T02:32:01.628+0000] {logging_mixin.py:188} INFO - [2024-05-27T02:32:01.628+0000] {dag.py:3954} INFO - Setting next_dagrun for tutorial_taskflow_api to None, run_after=None
[2024-05-27T02:32:01.643+0000] {processor.py:183} INFO - Processing /home/airflow/.local/lib/python3.12/site-packages/airflow/example_dags/tutorial_taskflow_api.py took 0.040 seconds
[2024-05-27T02:32:31.746+0000] {processor.py:161} INFO - Started process (PID=175) to work on /home/airflow/.local/lib/python3.12/site-packages/airflow/example_dags/tutorial_taskflow_api.py
[2024-05-27T02:32:31.746+0000] {processor.py:830} INFO - Processing file /home/airflow/.local/lib/python3.12/site-packages/airflow/example_dags/tutorial_taskflow_api.py for tasks to queue
[2024-05-27T02:32:31.747+0000] {logging_mixin.py:188} INFO - [2024-05-27T02:32:31.747+0000] {dagbag.py:545} INFO - Filling up the DagBag from /home/airflow/.local/lib/python3.12/site-packages/airflow/example_dags/tutorial_taskflow_api.py
[2024-05-27T02:32:31.750+0000] {processor.py:840} INFO - DAG(s) 'tutorial_taskflow_api' retrieved from /home/airflow/.local/lib/python3.12/site-packages/airflow/example_dags/tutorial_taskflow_api.py
[2024-05-27T02:32:31.757+0000] {logging_mixin.py:188} INFO - [2024-05-27T02:32:31.757+0000] {dag.py:3096} INFO - Sync 1 DAGs
[2024-05-27T02:32:31.763+0000] {logging_mixin.py:188} INFO - [2024-05-27T02:32:31.762+0000] {dag.py:3954} INFO - Setting next_dagrun for tutorial_taskflow_api to None, run_after=None
[2024-05-27T02:32:31.769+0000] {processor.py:183} INFO - Processing /home/airflow/.local/lib/python3.12/site-packages/airflow/example_dags/tutorial_taskflow_api.py took 0.026 seconds
[2024-05-27T02:33:02.268+0000] {processor.py:161} INFO - Started process (PID=233) to work on /home/airflow/.local/lib/python3.12/site-packages/airflow/example_dags/tutorial_taskflow_api.py
[2024-05-27T02:33:02.268+0000] {processor.py:830} INFO - Processing file /home/airflow/.local/lib/python3.12/site-packages/airflow/example_dags/tutorial_taskflow_api.py for tasks to queue
[2024-05-27T02:33:02.269+0000] {logging_mixin.py:188} INFO - [2024-05-27T02:33:02.269+0000] {dagbag.py:545} INFO - Filling up the DagBag from /home/airflow/.local/lib/python3.12/site-packages/airflow/example_dags/tutorial_taskflow_api.py
[2024-05-27T02:33:02.271+0000] {processor.py:840} INFO - DAG(s) 'tutorial_taskflow_api' retrieved from /home/airflow/.local/lib/python3.12/site-packages/airflow/example_dags/tutorial_taskflow_api.py
[2024-05-27T02:33:02.279+0000] {logging_mixin.py:188} INFO - [2024-05-27T02:33:02.279+0000] {dag.py:3096} INFO - Sync 1 DAGs
[2024-05-27T02:33:02.284+0000] {logging_mixin.py:188} INFO - [2024-05-27T02:33:02.284+0000] {dag.py:3954} INFO - Setting next_dagrun for tutorial_taskflow_api to None, run_after=None
[2024-05-27T02:33:02.291+0000] {processor.py:183} INFO - Processing /home/airflow/.local/lib/python3.12/site-packages/airflow/example_dags/tutorial_taskflow_api.py took 0.025 seconds
